#
# There is insufficient memory for the Java Runtime Environment to continue.
# Native memory allocation (malloc) failed to allocate 2251696 bytes for Chunk::new
# Possible reasons:
#   The system is out of physical RAM or swap space
#   The process is running with CompressedOops enabled, and the Java Heap may be blocking the growth of the native heap
# Possible solutions:
#   Reduce memory load on the system
#   Increase physical memory or swap space
#   Check if swap backing store is full
#   Decrease Java heap size (-Xmx/-Xms)
#   Decrease number of Java threads
#   Decrease Java thread stack sizes (-Xss)
#   Set larger code cache with -XX:ReservedCodeCacheSize=
#   JVM is running with Unscaled Compressed Oops mode in which the Java heap is
#     placed in the first 4GB address space. The Java Heap base address is the
#     maximum limit for the native heap growth. Please use -XX:HeapBaseMinAddress
#     to set the Java Heap base and to place the Java Heap above 4GB virtual address.
# This output file may be truncated or incomplete.
#
#  Out of Memory Error (./src/hotspot/share/memory/arena.cpp:197), pid=22260, tid=23132
#
# JRE version: OpenJDK Runtime Environment (11.0.8+10) (build 11.0.8+10-b944.6842174)
# Java VM: OpenJDK 64-Bit Server VM (11.0.8+10-b944.6842174, mixed mode, tiered, compressed oops, g1 gc, windows-amd64)
# No core dump will be written. Minidumps are not enabled by default on client versions of Windows
#

---------------  S U M M A R Y ------------

Command Line: --add-opens=java.base/java.util=ALL-UNNAMED --add-opens=java.base/java.lang=ALL-UNNAMED --add-opens=java.base/java.lang.invoke=ALL-UNNAMED --add-opens=java.prefs/java.util.prefs=ALL-UNNAMED -Xmx2048m -Dfile.encoding=x-windows-949 -Duser.country=KR -Duser.language=ko -Duser.variant org.gradle.launcher.daemon.bootstrap.GradleDaemon 6.1.1

Host: Intel(R) Core(TM) i5-9400F CPU @ 2.90GHz, 6 cores, 15G,  Windows 10 , 64 bit Build 19041 (10.0.19041.928)
Time: Sat May 29 15:16:09 2021 대한민국 표준시 elapsed time: 8 seconds (0d 0h 0m 8s)

---------------  T H R E A D  ---------------

Current thread (0x000002718c841000):  JavaThread "C2 CompilerThread1" daemon [_thread_in_native, id=23132, stack(0x0000007239100000,0x0000007239200000)]


Current CompileTask:
C2:   8848 7407   !   4       com.google.common.reflect.TypeVisitor::visit (225 bytes)

Stack: [0x0000007239100000,0x0000007239200000]
Native frames: (J=compiled Java code, j=interpreted, Vv=VM code, C=native code)
V  [jvm.dll+0x5de50a]
V  [jvm.dll+0x7122f5]
V  [jvm.dll+0x71384d]
V  [jvm.dll+0x713f03]
V  [jvm.dll+0x23e728]
V  [jvm.dll+0xb899c]
V  [jvm.dll+0xb8e9c]
V  [jvm.dll+0x35024d]
V  [jvm.dll+0x31dea3]
V  [jvm.dll+0x31d39a]
V  [WINMM.dll+0x1f7702]
V  [jvm.dll+0x1f68d4]
V  [jvm.dll+0x17f32c]
V  [jvm.dll+0x205047]
V  [jvm.dll+0x203891]
V  [jvm.dll+0x6dad3f]
V  [jvm.dll+0x6d3895]
V  [jvm.dll+0x5dd4a6]
C  [ucrtbase.dll+0x21bb2]
C  [KERNEL32.DLL+0x17034]
C  [ntdll.dll+0x52651]


---------------  P R O C E S S  ---------------

Threads class SMR info:
_java_thread_list=0x000002718e8eddb0, length=39, elements={
0x00000271ebaca000, 0x00000271881fa000, 0x00000271881fd800, 0x000002718826c800,
0x000002718826e800, 0x000002718826f800, 0x0000027188275800, 0x000002718827f800,
0x0000027188408000, 0x000002718841c800, 0x000002718947d800, 0x0000027188545000,
0x0000027189dd3000, 0x0000027189dd3800, 0x000002718a2b8800, 0x0000027189455000,
0x000002718942c000, 0x000002718964f800, 0x0000027189b6b000, 0x0000027189e13000,
0x000002718a32c000, 0x000002718a32e800, 0x000002718a32d800, 0x000002718a330000,
0x000002718a32f800, 0x000002718a331000, 0x000002718a32b800, 0x000002718a332000,
0x000002718c841000, 0x000002718c934000, 0x000002718c935800, 0x000002718c938000,
0x000002718c936800, 0x000002718c932800, 0x000002718c933000, 0x000002718c93a800,
0x000002718c939000, 0x000002718c939800, 0x000002718c937000
}

Java Threads: ( => current thread )
  0x00000271ebaca000 JavaThread "main" [_thread_blocked, id=21536, stack(0x0000007236800000,0x0000007236900000)]
  0x00000271881fa000 JavaThread "Reference Handler" daemon [_thread_blocked, id=22612, stack(0x0000007236f00000,0x0000007237000000)]
  0x00000271881fd800 JavaThread "Finalizer" daemon [_thread_blocked, id=22548, stack(0x0000007237000000,0x0000007237100000)]
  0x000002718826c800 JavaThread "Signal Dispatcher" daemon [_thread_blocked, id=7328, stack(0x0000007237100000,0x0000007237200000)]
  0x000002718826e800 JavaThread "Attach Listener" daemon [_thread_blocked, id=19876, stack(0x0000007237200000,0x0000007237300000)]
  0x000002718826f800 JavaThread "C2 CompilerThread0" daemon [_thread_blocked, id=9932, stack(0x0000007237300000,0x0000007237400000)]
  0x0000027188275800 JavaThread "C1 CompilerThread0" daemon [_thread_blocked, id=20040, stack(0x0000007237400000,0x0000007237500000)]
  0x000002718827f800 JavaThread "Sweeper thread" daemon [_thread_blocked, id=4264, stack(0x0000007237500000,0x0000007237600000)]
  0x0000027188408000 JavaThread "Common-Cleaner" daemon [_thread_blocked, id=17068, stack(0x0000007237600000,0x0000007237700000)]
  0x000002718841c800 JavaThread "Service Thread" daemon [_thread_blocked, id=6460, stack(0x0000007237700000,0x0000007237800000)]
  0x000002718947d800 JavaThread "Daemon health stats" [_thread_blocked, id=18488, stack(0x0000007237f00000,0x0000007238000000)]
  0x0000027188545000 JavaThread "Incoming local TCP Connector on port 3383" [_thread_in_native, id=3784, stack(0x0000007237900000,0x0000007237a00000)]
  0x0000027189dd3000 JavaThread "Daemon periodic checks" [_thread_blocked, id=1776, stack(0x0000007238000000,0x0000007238100000)]
  0x0000027189dd3800 JavaThread "Daemon" [_thread_blocked, id=20400, stack(0x0000007238100000,0x0000007238200000)]
  0x000002718a2b8800 JavaThread "Handler for socket connection from /127.0.0.1:3383 to /127.0.0.1:3384" [_thread_in_native, id=23136, stack(0x0000007238200000,0x0000007238300000)]
  0x0000027189455000 JavaThread "Cancel handler" [_thread_blocked, id=2956, stack(0x0000007238300000,0x0000007238400000)]
  0x000002718942c000 JavaThread "Daemon worker" [_thread_in_native, id=15388, stack(0x0000007238400000,0x0000007238500000)]
  0x000002718964f800 JavaThread "Asynchronous log dispatcher for DefaultDaemonConnection: socket connection from /127.0.0.1:3383 to /127.0.0.1:3384" [_thread_blocked, id=22564, stack(0x0000007238600000,0x0000007238700000)]
  0x0000027189b6b000 JavaThread "Stdin handler" [_thread_blocked, id=21616, stack(0x0000007238700000,0x0000007238800000)]
  0x0000027189e13000 JavaThread "Thread-8" [_thread_blocked, id=22008, stack(0x0000007238800000,0x0000007238900000)]
  0x000002718a32c000 JavaThread "Cache worker for journal cache (C:\Users\USER\.gradle\caches\journal-1)" [_thread_blocked, id=2580, stack(0x0000007238900000,0x0000007238a00000)]
  0x000002718a32e800 JavaThread "File lock request listener" [_thread_in_native, id=22504, stack(0x0000007238a00000,0x0000007238b00000)]
  0x000002718a32d800 JavaThread "Cache worker for file hash cache (C:\Users\USER\.gradle\caches\6.1.1\fileHashes)" [_thread_blocked, id=22896, stack(0x0000007238b00000,0x0000007238c00000)]
  0x000002718a330000 JavaThread "Cache worker for checksums cache (C:\Users\USER\Documents\frontend\.gradle\checksums)" [_thread_blocked, id=23536, stack(0x0000007238d00000,0x0000007238e00000)]
  0x000002718a32f800 JavaThread "Cache worker for file hash cache (C:\Users\USER\Documents\frontend\.gradle\6.1.1\fileHashes)" [_thread_blocked, id=12464, stack(0x0000007238e00000,0x0000007238f00000)]
  0x000002718a331000 JavaThread "Cache worker for cache directory md-supplier (C:\Users\USER\.gradle\caches\6.1.1\md-supplier)" [_thread_blocked, id=14844, stack(0x0000007238f00000,0x0000007239000000)]
  0x000002718a32b800 JavaThread "Cache worker for cache directory md-rule (C:\Users\USER\.gradle\caches\6.1.1\md-rule)" [_thread_blocked, id=18760, stack(0x0000007238500000,0x0000007238600000)]
  0x000002718a332000 JavaThread "Cache worker for execution history cache (C:\Users\USER\.gradle\caches\6.1.1\executionHistory)" [_thread_blocked, id=20752, stack(0x0000007239000000,0x0000007239100000)]
=>0x000002718c841000 JavaThread "C2 CompilerThread1" daemon [_thread_in_native, id=23132, stack(0x0000007239100000,0x0000007239200000)]
  0x000002718c934000 JavaThread "Build operations" [_thread_blocked, id=17360, stack(0x0000007239200000,0x0000007239300000)]
  0x000002718c935800 JavaThread "Build operations Thread 2" [_thread_blocked, id=8248, stack(0x0000007239300000,0x0000007239400000)]
  0x000002718c938000 JavaThread "Build operations Thread 3" [_thread_blocked, id=14488, stack(0x0000007239400000,0x0000007239500000)]
  0x000002718c936800 JavaThread "Build operations Thread 4" [_thread_blocked, id=12224, stack(0x0000007239500000,0x0000007239600000)]
  0x000002718c932800 JavaThread "Build operations Thread 5" [_thread_blocked, id=2236, stack(0x0000007239600000,0x0000007239700000)]
  0x000002718c933000 JavaThread "Build operations Thread 6" [_thread_blocked, id=17272, stack(0x0000007239700000,0x0000007239800000)]
  0x000002718c93a800 JavaThread "Cache worker for Build Output Cleanup Cache (C:\Users\USER\Documents\frontend\.gradle\buildOutputCleanup)" [_thread_blocked, id=23196, stack(0x0000007239800000,0x0000007239900000)]
  0x000002718c939000 JavaThread "Memory manager" [_thread_blocked, id=19428, stack(0x0000007239b00000,0x0000007239c00000)]
  0x000002718c939800 JavaThread "Cache worker for file content cache (C:\Users\USER\.gradle\caches\6.1.1\fileContent)" [_thread_blocked, id=17160, stack(0x0000007239c00000,0x0000007239d00000)]
  0x000002718c937000 JavaThread "Cache worker for file content cache (C:\Users\USER\Documents\frontend\.gradle\6.1.1\fileContent)" [_thread_blocked, id=10236, stack(0x0000007239d00000,0x0000007239e00000)]

Other Threads:
  0x00000271879bf000 VMThread "VM Thread" [stack: 0x0000007236e00000,0x0000007236f00000] [id=2168]
  0x000002718841d000 WatcherThread [stack: 0x0000007237800000,0x0000007237900000] [id=13004]
  0x00000271ebae1800 GCTaskThread "GC Thread#0" [stack: 0x0000007236900000,0x0000007236a00000] [id=22492]
  0x000002718831e800 GCTaskThread "GC Thread#1" [stack: 0x0000007237a00000,0x0000007237b00000] [id=23528]
  0x0000027188320800 GCTaskThread "GC Thread#2" [stack: 0x0000007237b00000,0x0000007237c00000] [id=22760]
  0x000002718831d800 GCTaskThread "GC Thread#3" [stack: 0x0000007237c00000,0x0000007237d00000] [id=22244]
  0x0000027188322800 GCTaskThread "GC Thread#4" [stack: 0x0000007237d00000,0x0000007237e00000] [id=19488]
  0x0000027188323800 GCTaskThread "GC Thread#5" [stack: 0x0000007237e00000,0x0000007237f00000] [id=6340]
  0x00000271ebb14800 ConcurrentGCThread "G1 Main Marker" [stack: 0x0000007236a00000,0x0000007236b00000] [id=2472]
  0x00000271ebb19000 ConcurrentGCThread "G1 Conc#0" [stack: 0x0000007236b00000,0x0000007236c00000] [id=22536]
  0x000002718831f000 ConcurrentGCThread "G1 Conc#1" [stack: 0x0000007238c00000,0x0000007238d00000] [id=18440]
  0x000002718783a800 ConcurrentGCThread "G1 Refine#0" [stack: 0x0000007236c00000,0x0000007236d00000] [id=8872]
  0x0000027190601800 ConcurrentGCThread "G1 Refine#1" [stack: 0x0000007239900000,0x0000007239a00000] [id=23500]
  0x000002719036c800 ConcurrentGCThread "G1 Refine#2" [stack: 0x0000007239a00000,0x0000007239b00000] [id=14124]
  0x000002718783b800 ConcurrentGCThread "G1 Young RemSet Sampling" [stack: 0x0000007236d00000,0x0000007236e00000] [id=19832]

Threads with active compile tasks:
C2 CompilerThread1   8884 7407   !   4       com.google.common.reflect.TypeVisitor::visit (225 bytes)

VM state:not at safepoint (normal execution)

VM Mutex/Monitor currently owned by a thread: None

OutOfMemory and StackOverflow Exception counts:
OutOfMemoryError java_heap_errors=1
LinkageErrors=114

Heap address: 0x0000000080000000, size: 2048 MB, Compressed Oops mode: 32-bit
Narrow klass base: 0x0000000000000000, Narrow klass shift: 3
Compressed class space size: 1073741824 Address: 0x0000000100000000

Heap:
 garbage-first heap   total 262144K, used 113783K [0x0000000080000000, 0x0000000100000000)
  region size 1024K, 62 young (63488K), 9 survivors (9216K)
 Metaspace       used 71201K, capacity 73203K, committed 73296K, reserved 1112064K
  class space    used 9246K, capacity 9916K, committed 9984K, reserved 1048576K
Heap Regions: E=young(eden), S=young(survivor), O=old, HS=humongous(starts), HC=humongous(continues), CS=collection set, F=free, A=archive, TAMS=top-at-mark-start (previous, next)
|   0|0x0000000080000000, 0x0000000080100000, 0x0000000080100000|100%| O|  |TAMS 0x0000000080100000, 0x0000000080000000| Untracked 
|   1|0x0000000080100000, 0x0000000080200000, 0x0000000080200000|100%| O|  |TAMS 0x0000000080200000, 0x0000000080100000| Untracked 
|   2|0x0000000080200000, 0x0000000080300000, 0x0000000080300000|100%| O|  |TAMS 0x0000000080300000, 0x0000000080200000| Untracked 
|   3|0x0000000080300000, 0x0000000080400000, 0x0000000080400000|100%|HS|  |TAMS 0x0000000080400000, 0x0000000080300000| Complete 
|   4|0x0000000080400000, 0x0000000080500000, 0x0000000080500000|100%|HC|  |TAMS 0x0000000080500000, 0x0000000080400000| Complete 
|   5|0x0000000080500000, 0x0000000080600000, 0x0000000080600000|100%|HC|  |TAMS 0x0000000080600000, 0x0000000080500000| Complete 
|   6|0x0000000080600000, 0x0000000080700000, 0x0000000080700000|100%| O|  |TAMS 0x0000000080700000, 0x0000000080600000| Untracked 
|   7|0x0000000080700000, 0x0000000080800000, 0x0000000080800000|100%| O|  |TAMS 0x0000000080800000, 0x0000000080700000| Untracked 
|   8|0x0000000080800000, 0x0000000080900000, 0x0000000080900000|100%| O|  |TAMS 0x0000000080900000, 0x0000000080800000| Untracked 
|   9|0x0000000080900000, 0x0000000080a00000, 0x0000000080a00000|100%| O|  |TAMS 0x0000000080a00000, 0x0000000080900000| Untracked 
|  10|0x0000000080a00000, 0x0000000080b00000, 0x0000000080b00000|100%| O|  |TAMS 0x0000000080b00000, 0x0000000080a00000| Untracked 
|  11|0x0000000080b00000, 0x0000000080c00000, 0x0000000080c00000|100%| O|  |TAMS 0x0000000080c00000, 0x0000000080b00000| Untracked 
|  12|0x0000000080c00000, 0x0000000080d00000, 0x0000000080d00000|100%| O|  |TAMS 0x0000000080d00000, 0x0000000080c00000| Untracked 
|  13|0x0000000080d00000, 0x0000000080e00000, 0x0000000080e00000|100%| O|  |TAMS 0x0000000080e00000, 0x0000000080d00000| Untracked 
|  14|0x0000000080e00000, 0x0000000080f00000, 0x0000000080f00000|100%| O|  |TAMS 0x0000000080f00000, 0x0000000080e00000| Untracked 
|  15|0x0000000080f00000, 0x0000000081000000, 0x0000000081000000|100%| O|  |TAMS 0x0000000081000000, 0x0000000080f00000| Untracked 
|  16|0x0000000081000000, 0x0000000081100000, 0x0000000081100000|100%|HS|  |TAMS 0x0000000081100000, 0x0000000081000000| Complete 
|  17|0x0000000081100000, 0x0000000081200000, 0x0000000081200000|100%|HC|  |TAMS 0x0000000081200000, 0x0000000081100000| Complete 
|  18|0x0000000081200000, 0x0000000081300000, 0x0000000081300000|100%|HS|  |TAMS 0x0000000081300000, 0x0000000081200000| Complete 
|  19|0x0000000081300000, 0x0000000081400000, 0x0000000081400000|100%|HC|  |TAMS 0x0000000081400000, 0x0000000081300000| Complete 
|  20|0x0000000081400000, 0x0000000081500000, 0x0000000081500000|100%|HC|  |TAMS 0x0000000081500000, 0x0000000081400000| Complete 
|  21|0x0000000081500000, 0x0000000081600000, 0x0000000081600000|100%|HS|  |TAMS 0x0000000081600000, 0x0000000081500000| Complete 
|  22|0x0000000081600000, 0x0000000081700000, 0x0000000081700000|100%|HC|  |TAMS 0x0000000081700000, 0x0000000081600000| Complete 
|  23|0x0000000081700000, 0x0000000081800000, 0x0000000081800000|100%|HC|  |TAMS 0x0000000081800000, 0x0000000081700000| Complete 
|  24|0x0000000081800000, 0x0000000081900000, 0x0000000081900000|100%|HC|  |TAMS 0x0000000081900000, 0x0000000081800000| Complete 
|  25|0x0000000081900000, 0x0000000081a00000, 0x0000000081a00000|100%| O|  |TAMS 0x0000000081a00000, 0x0000000081900000| Untracked 
|  26|0x0000000081a00000, 0x0000000081b00000, 0x0000000081b00000|100%|HS|  |TAMS 0x0000000081b00000, 0x0000000081a00000| Complete 
|  27|0x0000000081b00000, 0x0000000081c00000, 0x0000000081c00000|100%|HC|  |TAMS 0x0000000081c00000, 0x0000000081b00000| Complete 
|  28|0x0000000081c00000, 0x0000000081d00000, 0x0000000081d00000|100%| O|  |TAMS 0x0000000081d00000, 0x0000000081c00000| Untracked 
|  29|0x0000000081d00000, 0x0000000081e00000, 0x0000000081e00000|100%| O|  |TAMS 0x0000000081e00000, 0x0000000081d00000| Untracked 
|  30|0x0000000081e00000, 0x0000000081f00000, 0x0000000081f00000|100%| O|  |TAMS 0x0000000081f00000, 0x0000000081e00000| Untracked 
|  31|0x0000000081f00000, 0x0000000082000000, 0x0000000082000000|100%|HS|  |TAMS 0x0000000082000000, 0x0000000081f00000| Complete 
|  32|0x0000000082000000, 0x0000000082100000, 0x0000000082100000|100%|HC|  |TAMS 0x0000000082100000, 0x0000000082000000| Complete 
|  33|0x0000000082100000, 0x0000000082200000, 0x0000000082200000|100%|HC|  |TAMS 0x0000000082200000, 0x0000000082100000| Complete 
|  34|0x0000000082200000, 0x0000000082300000, 0x0000000082300000|100%| O|  |TAMS 0x0000000082300000, 0x0000000082200000| Untracked 
|  35|0x0000000082300000, 0x0000000082400000, 0x0000000082400000|100%| O|  |TAMS 0x0000000082400000, 0x0000000082300000| Untracked 
|  36|0x0000000082400000, 0x0000000082500000, 0x0000000082500000|100%| O|  |TAMS 0x0000000082500000, 0x0000000082400000| Untracked 
|  37|0x0000000082500000, 0x0000000082600000, 0x0000000082600000|100%| O|  |TAMS 0x0000000082600000, 0x0000000082500000| Untracked 
|  38|0x0000000082600000, 0x0000000082700000, 0x0000000082700000|100%| O|  |TAMS 0x0000000082700000, 0x0000000082600000| Untracked 
|  39|0x0000000082700000, 0x0000000082800000, 0x0000000082800000|100%| O|  |TAMS 0x0000000082800000, 0x0000000082700000| Untracked 
|  40|0x0000000082800000, 0x0000000082900000, 0x0000000082900000|100%| O|  |TAMS 0x0000000082900000, 0x0000000082800000| Untracked 
|  41|0x0000000082900000, 0x0000000082a00000, 0x0000000082a00000|100%| O|  |TAMS 0x0000000082a00000, 0x0000000082900000| Untracked 
|  42|0x0000000082a00000, 0x0000000082b00000, 0x0000000082b00000|100%| O|  |TAMS 0x0000000082b00000, 0x0000000082a00000| Untracked 
|  43|0x0000000082b00000, 0x0000000082c00000, 0x0000000082c00000|100%| O|  |TAMS 0x0000000082c00000, 0x0000000082b00000| Untracked 
|  44|0x0000000082c00000, 0x0000000082d00000, 0x0000000082d00000|100%| O|  |TAMS 0x0000000082d00000, 0x0000000082c00000| Untracked 
|  45|0x0000000082d00000, 0x0000000082e00000, 0x0000000082e00000|100%| O|  |TAMS 0x0000000082e00000, 0x0000000082d00000| Untracked 
|  46|0x0000000082e00000, 0x0000000082f00000, 0x0000000082f00000|100%| O|  |TAMS 0x0000000082f00000, 0x0000000082e00000| Untracked 
|  47|0x0000000082f00000, 0x0000000083000000, 0x0000000083000000|100%| O|  |TAMS 0x0000000083000000, 0x0000000082f00000| Untracked 
|  48|0x0000000083000000, 0x0000000083100000, 0x0000000083100000|100%| O|  |TAMS 0x0000000083100000, 0x0000000083000000| Untracked 
|  49|0x0000000083100000, 0x0000000083200000, 0x0000000083200000|100%| O|  |TAMS 0x0000000083200000, 0x0000000083100000| Untracked 
|  50|0x0000000083200000, 0x0000000083300000, 0x0000000083300000|100%| O|  |TAMS 0x0000000083300000, 0x0000000083200000| Untracked 
|  51|0x0000000083300000, 0x00000000833cea00, 0x0000000083400000| 80%| O|  |TAMS 0x00000000833cea00, 0x0000000083300000| Untracked 
|  52|0x0000000083400000, 0x0000000083400000, 0x0000000083500000|  0%| F|  |TAMS 0x0000000083400000, 0x0000000083400000| Untracked 
|  53|0x0000000083500000, 0x0000000083500000, 0x0000000083600000|  0%| F|  |TAMS 0x0000000083500000, 0x0000000083500000| Untracked 
|  54|0x0000000083600000, 0x0000000083600000, 0x0000000083700000|  0%| F|  |TAMS 0x0000000083600000, 0x0000000083600000| Untracked 
|  55|0x0000000083700000, 0x0000000083700000, 0x0000000083800000|  0%| F|  |TAMS 0x0000000083700000, 0x0000000083700000| Untracked 
|  56|0x0000000083800000, 0x0000000083800000, 0x0000000083900000|  0%| F|  |TAMS 0x0000000083800000, 0x0000000083800000| Untracked 
|  57|0x0000000083900000, 0x0000000083900000, 0x0000000083a00000|  0%| F|  |TAMS 0x0000000083900000, 0x0000000083900000| Untracked 
|  58|0x0000000083a00000, 0x0000000083a00000, 0x0000000083b00000|  0%| F|  |TAMS 0x0000000083a00000, 0x0000000083a00000| Untracked 
|  59|0x0000000083b00000, 0x0000000083b00000, 0x0000000083c00000|  0%| F|  |TAMS 0x0000000083b00000, 0x0000000083b00000| Untracked 
|  60|0x0000000083c00000, 0x0000000083c00000, 0x0000000083d00000|  0%| F|  |TAMS 0x0000000083c00000, 0x0000000083c00000| Untracked 
|  61|0x0000000083d00000, 0x0000000083d00000, 0x0000000083e00000|  0%| F|  |TAMS 0x0000000083d00000, 0x0000000083d00000| Untracked 
|  62|0x0000000083e00000, 0x0000000083e00000, 0x0000000083f00000|  0%| F|  |TAMS 0x0000000083e00000, 0x0000000083e00000| Untracked 
|  63|0x0000000083f00000, 0x0000000083f00000, 0x0000000084000000|  0%| F|  |TAMS 0x0000000083f00000, 0x0000000083f00000| Untracked 
|  64|0x0000000084000000, 0x0000000084000000, 0x0000000084100000|  0%| F|  |TAMS 0x0000000084000000, 0x0000000084000000| Untracked 
|  65|0x0000000084100000, 0x0000000084100000, 0x0000000084200000|  0%| F|  |TAMS 0x0000000084100000, 0x0000000084100000| Untracked 
|  66|0x0000000084200000, 0x0000000084200000, 0x0000000084300000|  0%| F|  |TAMS 0x0000000084200000, 0x0000000084200000| Untracked 
|  67|0x0000000084300000, 0x0000000084300000, 0x0000000084400000|  0%| F|  |TAMS 0x0000000084300000, 0x0000000084300000| Untracked 
|  68|0x0000000084400000, 0x0000000084400000, 0x0000000084500000|  0%| F|  |TAMS 0x0000000084400000, 0x0000000084400000| Untracked 
|  69|0x0000000084500000, 0x0000000084500000, 0x0000000084600000|  0%| F|  |TAMS 0x0000000084500000, 0x0000000084500000| Untracked 
|  70|0x0000000084600000, 0x0000000084600000, 0x0000000084700000|  0%| F|  |TAMS 0x0000000084600000, 0x0000000084600000| Untracked 
|  71|0x0000000084700000, 0x0000000084700000, 0x0000000084800000|  0%| F|  |TAMS 0x0000000084700000, 0x0000000084700000| Untracked 
|  72|0x0000000084800000, 0x0000000084800000, 0x0000000084900000|  0%| F|  |TAMS 0x0000000084800000, 0x0000000084800000| Untracked 
|  73|0x0000000084900000, 0x0000000084900000, 0x0000000084a00000|  0%| F|  |TAMS 0x0000000084900000, 0x0000000084900000| Untracked 
|  74|0x0000000084a00000, 0x0000000084a00000, 0x0000000084b00000|  0%| F|  |TAMS 0x0000000084a00000, 0x0000000084a00000| Untracked 
|  75|0x0000000084b00000, 0x0000000084b00000, 0x0000000084c00000|  0%| F|  |TAMS 0x0000000084b00000, 0x0000000084b00000| Untracked 
|  76|0x0000000084c00000, 0x0000000084c00000, 0x0000000084d00000|  0%| F|  |TAMS 0x0000000084c00000, 0x0000000084c00000| Untracked 
|  77|0x0000000084d00000, 0x0000000084d00000, 0x0000000084e00000|  0%| F|  |TAMS 0x0000000084d00000, 0x0000000084d00000| Untracked 
|  78|0x0000000084e00000, 0x0000000084e00000, 0x0000000084f00000|  0%| F|  |TAMS 0x0000000084e00000, 0x0000000084e00000| Untracked 
|  79|0x0000000084f00000, 0x0000000084f00000, 0x0000000085000000|  0%| F|  |TAMS 0x0000000084f00000, 0x0000000084f00000| Untracked 
|  80|0x0000000085000000, 0x0000000085000000, 0x0000000085100000|  0%| F|  |TAMS 0x0000000085000000, 0x0000000085000000| Untracked 
|  81|0x0000000085100000, 0x0000000085100000, 0x0000000085200000|  0%| F|  |TAMS 0x0000000085100000, 0x0000000085100000| Untracked 
|  82|0x0000000085200000, 0x0000000085200000, 0x0000000085300000|  0%| F|  |TAMS 0x0000000085200000, 0x0000000085200000| Untracked 
|  83|0x0000000085300000, 0x0000000085300000, 0x0000000085400000|  0%| F|  |TAMS 0x0000000085300000, 0x0000000085300000| Untracked 
|  84|0x0000000085400000, 0x0000000085400000, 0x0000000085500000|  0%| F|  |TAMS 0x0000000085400000, 0x0000000085400000| Untracked 
|  85|0x0000000085500000, 0x0000000085500000, 0x0000000085600000|  0%| F|  |TAMS 0x0000000085500000, 0x0000000085500000| Untracked 
|  86|0x0000000085600000, 0x0000000085600000, 0x0000000085700000|  0%| F|  |TAMS 0x0000000085600000, 0x0000000085600000| Untracked 
|  87|0x0000000085700000, 0x0000000085700000, 0x0000000085800000|  0%| F|  |TAMS 0x0000000085700000, 0x0000000085700000| Untracked 
|  88|0x0000000085800000, 0x0000000085800000, 0x0000000085900000|  0%| F|  |TAMS 0x0000000085800000, 0x0000000085800000| Untracked 
|  89|0x0000000085900000, 0x0000000085900000, 0x0000000085a00000|  0%| F|  |TAMS 0x0000000085900000, 0x0000000085900000| Untracked 
|  90|0x0000000085a00000, 0x0000000085a00000, 0x0000000085b00000|  0%| F|  |TAMS 0x0000000085a00000, 0x0000000085a00000| Untracked 
|  91|0x0000000085b00000, 0x0000000085b00000, 0x0000000085c00000|  0%| F|  |TAMS 0x0000000085b00000, 0x0000000085b00000| Untracked 
|  92|0x0000000085c00000, 0x0000000085c00000, 0x0000000085d00000|  0%| F|  |TAMS 0x0000000085c00000, 0x0000000085c00000| Untracked 
|  93|0x0000000085d00000, 0x0000000085d00000, 0x0000000085e00000|  0%| F|  |TAMS 0x0000000085d00000, 0x0000000085d00000| Untracked 
|  94|0x0000000085e00000, 0x0000000085e00000, 0x0000000085f00000|  0%| F|  |TAMS 0x0000000085e00000, 0x0000000085e00000| Untracked 
|  95|0x0000000085f00000, 0x0000000085f00000, 0x0000000086000000|  0%| F|  |TAMS 0x0000000085f00000, 0x0000000085f00000| Untracked 
|  96|0x0000000086000000, 0x0000000086000000, 0x0000000086100000|  0%| F|  |TAMS 0x0000000086000000, 0x0000000086000000| Untracked 
|  97|0x0000000086100000, 0x0000000086100000, 0x0000000086200000|  0%| F|  |TAMS 0x0000000086100000, 0x0000000086100000| Untracked 
|  98|0x0000000086200000, 0x0000000086200000, 0x0000000086300000|  0%| F|  |TAMS 0x0000000086200000, 0x0000000086200000| Untracked 
|  99|0x0000000086300000, 0x0000000086300000, 0x0000000086400000|  0%| F|  |TAMS 0x0000000086300000, 0x0000000086300000| Untracked 
| 100|0x0000000086400000, 0x0000000086400000, 0x0000000086500000|  0%| F|  |TAMS 0x0000000086400000, 0x0000000086400000| Untracked 
| 101|0x0000000086500000, 0x0000000086500000, 0x0000000086600000|  0%| F|  |TAMS 0x0000000086500000, 0x0000000086500000| Untracked 
| 102|0x0000000086600000, 0x0000000086600000, 0x0000000086700000|  0%| F|  |TAMS 0x0000000086600000, 0x0000000086600000| Untracked 
| 103|0x0000000086700000, 0x0000000086700000, 0x0000000086800000|  0%| F|  |TAMS 0x0000000086700000, 0x0000000086700000| Untracked 
| 104|0x0000000086800000, 0x0000000086800000, 0x0000000086900000|  0%| F|  |TAMS 0x0000000086800000, 0x0000000086800000| Untracked 
| 105|0x0000000086900000, 0x0000000086900000, 0x0000000086a00000|  0%| F|  |TAMS 0x0000000086900000, 0x0000000086900000| Untracked 
| 106|0x0000000086a00000, 0x0000000086a00000, 0x0000000086b00000|  0%| F|  |TAMS 0x0000000086a00000, 0x0000000086a00000| Untracked 
| 107|0x0000000086b00000, 0x0000000086b00000, 0x0000000086c00000|  0%| F|  |TAMS 0x0000000086b00000, 0x0000000086b00000| Untracked 
| 108|0x0000000086c00000, 0x0000000086c00000, 0x0000000086d00000|  0%| F|  |TAMS 0x0000000086c00000, 0x0000000086c00000| Untracked 
| 109|0x0000000086d00000, 0x0000000086d00000, 0x0000000086e00000|  0%| F|  |TAMS 0x0000000086d00000, 0x0000000086d00000| Untracked 
| 110|0x0000000086e00000, 0x0000000086e00000, 0x0000000086f00000|  0%| F|  |TAMS 0x0000000086e00000, 0x0000000086e00000| Untracked 
| 111|0x0000000086f00000, 0x0000000086f00000, 0x0000000087000000|  0%| F|  |TAMS 0x0000000086f00000, 0x0000000086f00000| Untracked 
| 112|0x0000000087000000, 0x0000000087000000, 0x0000000087100000|  0%| F|  |TAMS 0x0000000087000000, 0x0000000087000000| Untracked 
| 113|0x0000000087100000, 0x0000000087100000, 0x0000000087200000|  0%| F|  |TAMS 0x0000000087100000, 0x0000000087100000| Untracked 
| 114|0x0000000087200000, 0x0000000087200000, 0x0000000087300000|  0%| F|  |TAMS 0x0000000087200000, 0x0000000087200000| Untracked 
| 115|0x0000000087300000, 0x0000000087300000, 0x0000000087400000|  0%| F|  |TAMS 0x0000000087300000, 0x0000000087300000| Untracked 
| 116|0x0000000087400000, 0x0000000087400000, 0x0000000087500000|  0%| F|  |TAMS 0x0000000087400000, 0x0000000087400000| Untracked 
| 117|0x0000000087500000, 0x0000000087500000, 0x0000000087600000|  0%| F|  |TAMS 0x0000000087500000, 0x0000000087500000| Untracked 
| 118|0x0000000087600000, 0x0000000087600000, 0x0000000087700000|  0%| F|  |TAMS 0x0000000087600000, 0x0000000087600000| Untracked 
| 119|0x0000000087700000, 0x0000000087700000, 0x0000000087800000|  0%| F|  |TAMS 0x0000000087700000, 0x0000000087700000| Untracked 
| 120|0x0000000087800000, 0x0000000087800000, 0x0000000087900000|  0%| F|  |TAMS 0x0000000087800000, 0x0000000087800000| Untracked 
| 121|0x0000000087900000, 0x0000000087900000, 0x0000000087a00000|  0%| F|  |TAMS 0x0000000087900000, 0x0000000087900000| Untracked 
| 122|0x0000000087a00000, 0x0000000087a00000, 0x0000000087b00000|  0%| F|  |TAMS 0x0000000087a00000, 0x0000000087a00000| Untracked 
| 123|0x0000000087b00000, 0x0000000087b00000, 0x0000000087c00000|  0%| F|  |TAMS 0x0000000087b00000, 0x0000000087b00000| Untracked 
| 124|0x0000000087c00000, 0x0000000087c00000, 0x0000000087d00000|  0%| F|  |TAMS 0x0000000087c00000, 0x0000000087c00000| Untracked 
| 125|0x0000000087d00000, 0x0000000087d00000, 0x0000000087e00000|  0%| F|  |TAMS 0x0000000087d00000, 0x0000000087d00000| Untracked 
| 126|0x0000000087e00000, 0x0000000087e00000, 0x0000000087f00000|  0%| F|  |TAMS 0x0000000087e00000, 0x0000000087e00000| Untracked 
| 127|0x0000000087f00000, 0x0000000087f00000, 0x0000000088000000|  0%| F|  |TAMS 0x0000000087f00000, 0x0000000087f00000| Untracked 
| 128|0x0000000088000000, 0x0000000088000000, 0x0000000088100000|  0%| F|  |TAMS 0x0000000088000000, 0x0000000088000000| Untracked 
| 129|0x0000000088100000, 0x0000000088100000, 0x0000000088200000|  0%| F|  |TAMS 0x0000000088100000, 0x0000000088100000| Untracked 
| 130|0x0000000088200000, 0x0000000088200000, 0x0000000088300000|  0%| F|  |TAMS 0x0000000088200000, 0x0000000088200000| Untracked 
| 131|0x0000000088300000, 0x0000000088300000, 0x0000000088400000|  0%| F|  |TAMS 0x0000000088300000, 0x0000000088300000| Untracked 
| 132|0x0000000088400000, 0x0000000088400000, 0x0000000088500000|  0%| F|  |TAMS 0x0000000088400000, 0x0000000088400000| Untracked 
| 133|0x0000000088500000, 0x0000000088500000, 0x0000000088600000|  0%| F|  |TAMS 0x0000000088500000, 0x0000000088500000| Untracked 
| 134|0x0000000088600000, 0x0000000088600000, 0x0000000088700000|  0%| F|  |TAMS 0x0000000088600000, 0x0000000088600000| Untracked 
| 135|0x0000000088700000, 0x0000000088700000, 0x0000000088800000|  0%| F|  |TAMS 0x0000000088700000, 0x0000000088700000| Untracked 
| 136|0x0000000088800000, 0x0000000088800000, 0x0000000088900000|  0%| F|  |TAMS 0x0000000088800000, 0x0000000088800000| Untracked 
| 137|0x0000000088900000, 0x0000000088900000, 0x0000000088a00000|  0%| F|  |TAMS 0x0000000088900000, 0x0000000088900000| Untracked 
| 138|0x0000000088a00000, 0x0000000088a00000, 0x0000000088b00000|  0%| F|  |TAMS 0x0000000088a00000, 0x0000000088a00000| Untracked 
| 139|0x0000000088b00000, 0x0000000088b00000, 0x0000000088c00000|  0%| F|  |TAMS 0x0000000088b00000, 0x0000000088b00000| Untracked 
| 140|0x0000000088c00000, 0x0000000088c00000, 0x0000000088d00000|  0%| F|  |TAMS 0x0000000088c00000, 0x0000000088c00000| Untracked 
| 141|0x0000000088d00000, 0x0000000088d00000, 0x0000000088e00000|  0%| F|  |TAMS 0x0000000088d00000, 0x0000000088d00000| Untracked 
| 142|0x0000000088e00000, 0x0000000088e00000, 0x0000000088f00000|  0%| F|  |TAMS 0x0000000088e00000, 0x0000000088e00000| Untracked 
| 143|0x0000000088f00000, 0x0000000088f00000, 0x0000000089000000|  0%| F|  |TAMS 0x0000000088f00000, 0x0000000088f00000| Untracked 
| 144|0x0000000089000000, 0x0000000089000000, 0x0000000089100000|  0%| F|  |TAMS 0x0000000089000000, 0x0000000089000000| Untracked 
| 145|0x0000000089100000, 0x0000000089100000, 0x0000000089200000|  0%| F|  |TAMS 0x0000000089100000, 0x0000000089100000| Untracked 
| 146|0x0000000089200000, 0x0000000089200000, 0x0000000089300000|  0%| F|  |TAMS 0x0000000089200000, 0x0000000089200000| Untracked 
| 147|0x0000000089300000, 0x0000000089300000, 0x0000000089400000|  0%| F|  |TAMS 0x0000000089300000, 0x0000000089300000| Untracked 
| 148|0x0000000089400000, 0x0000000089400000, 0x0000000089500000|  0%| F|  |TAMS 0x0000000089400000, 0x0000000089400000| Untracked 
| 149|0x0000000089500000, 0x0000000089500000, 0x0000000089600000|  0%| F|  |TAMS 0x0000000089500000, 0x0000000089500000| Untracked 
| 150|0x0000000089600000, 0x0000000089600000, 0x0000000089700000|  0%| F|  |TAMS 0x0000000089600000, 0x0000000089600000| Untracked 
| 151|0x0000000089700000, 0x0000000089700000, 0x0000000089800000|  0%| F|  |TAMS 0x0000000089700000, 0x0000000089700000| Untracked 
| 152|0x0000000089800000, 0x0000000089800000, 0x0000000089900000|  0%| F|  |TAMS 0x0000000089800000, 0x0000000089800000| Untracked 
| 153|0x0000000089900000, 0x0000000089900000, 0x0000000089a00000|  0%| F|  |TAMS 0x0000000089900000, 0x0000000089900000| Untracked 
| 154|0x0000000089a00000, 0x0000000089a00000, 0x0000000089b00000|  0%| F|  |TAMS 0x0000000089a00000, 0x0000000089a00000| Untracked 
| 155|0x0000000089b00000, 0x0000000089b00000, 0x0000000089c00000|  0%| F|  |TAMS 0x0000000089b00000, 0x0000000089b00000| Untracked 
| 156|0x0000000089c00000, 0x0000000089c00000, 0x0000000089d00000|  0%| F|  |TAMS 0x0000000089c00000, 0x0000000089c00000| Untracked 
| 157|0x0000000089d00000, 0x0000000089d00000, 0x0000000089e00000|  0%| F|  |TAMS 0x0000000089d00000, 0x0000000089d00000| Untracked 
| 158|0x0000000089e00000, 0x0000000089e00000, 0x0000000089f00000|  0%| F|  |TAMS 0x0000000089e00000, 0x0000000089e00000| Untracked 
| 159|0x0000000089f00000, 0x0000000089f00000, 0x000000008a000000|  0%| F|  |TAMS 0x0000000089f00000, 0x0000000089f00000| Untracked 
| 160|0x000000008a000000, 0x000000008a04f2f0, 0x000000008a100000| 30%| S|CS|TAMS 0x000000008a000000, 0x000000008a000000| Complete 
| 161|0x000000008a100000, 0x000000008a200000, 0x000000008a200000|100%| S|CS|TAMS 0x000000008a100000, 0x000000008a100000| Complete 
| 162|0x000000008a200000, 0x000000008a300000, 0x000000008a300000|100%| S|CS|TAMS 0x000000008a200000, 0x000000008a200000| Complete 
| 163|0x000000008a300000, 0x000000008a400000, 0x000000008a400000|100%| S|CS|TAMS 0x000000008a300000, 0x000000008a300000| Complete 
| 164|0x000000008a400000, 0x000000008a500000, 0x000000008a500000|100%| S|CS|TAMS 0x000000008a400000, 0x000000008a400000| Complete 
| 165|0x000000008a500000, 0x000000008a600000, 0x000000008a600000|100%| S|CS|TAMS 0x000000008a500000, 0x000000008a500000| Complete 
| 166|0x000000008a600000, 0x000000008a700000, 0x000000008a700000|100%| S|CS|TAMS 0x000000008a600000, 0x000000008a600000| Complete 
| 167|0x000000008a700000, 0x000000008a800000, 0x000000008a800000|100%| S|CS|TAMS 0x000000008a700000, 0x000000008a700000| Complete 
| 168|0x000000008a800000, 0x000000008a900000, 0x000000008a900000|100%| S|CS|TAMS 0x000000008a800000, 0x000000008a800000| Complete 
| 169|0x000000008a900000, 0x000000008a900000, 0x000000008aa00000|  0%| F|  |TAMS 0x000000008a900000, 0x000000008a900000| Untracked 
| 170|0x000000008aa00000, 0x000000008aa00000, 0x000000008ab00000|  0%| F|  |TAMS 0x000000008aa00000, 0x000000008aa00000| Untracked 
| 171|0x000000008ab00000, 0x000000008ab00000, 0x000000008ac00000|  0%| F|  |TAMS 0x000000008ab00000, 0x000000008ab00000| Untracked 
| 172|0x000000008ac00000, 0x000000008ac00000, 0x000000008ad00000|  0%| F|  |TAMS 0x000000008ac00000, 0x000000008ac00000| Untracked 
| 173|0x000000008ad00000, 0x000000008ad00000, 0x000000008ae00000|  0%| F|  |TAMS 0x000000008ad00000, 0x000000008ad00000| Untracked 
| 174|0x000000008ae00000, 0x000000008ae00000, 0x000000008af00000|  0%| F|  |TAMS 0x000000008ae00000, 0x000000008ae00000| Untracked 
| 175|0x000000008af00000, 0x000000008af00000, 0x000000008b000000|  0%| F|  |TAMS 0x000000008af00000, 0x000000008af00000| Untracked 
| 176|0x000000008b000000, 0x000000008b000000, 0x000000008b100000|  0%| F|  |TAMS 0x000000008b000000, 0x000000008b000000| Untracked 
| 177|0x000000008b100000, 0x000000008b100000, 0x000000008b200000|  0%| F|  |TAMS 0x000000008b100000, 0x000000008b100000| Untracked 
| 178|0x000000008b200000, 0x000000008b200000, 0x000000008b300000|  0%| F|  |TAMS 0x000000008b200000, 0x000000008b200000| Untracked 
| 179|0x000000008b300000, 0x000000008b300000, 0x000000008b400000|  0%| F|  |TAMS 0x000000008b300000, 0x000000008b300000| Untracked 
| 180|0x000000008b400000, 0x000000008b400000, 0x000000008b500000|  0%| F|  |TAMS 0x000000008b400000, 0x000000008b400000| Untracked 
| 181|0x000000008b500000, 0x000000008b500000, 0x000000008b600000|  0%| F|  |TAMS 0x000000008b500000, 0x000000008b500000| Untracked 
| 182|0x000000008b600000, 0x000000008b600000, 0x000000008b700000|  0%| F|  |TAMS 0x000000008b600000, 0x000000008b600000| Untracked 
| 183|0x000000008b700000, 0x000000008b700000, 0x000000008b800000|  0%| F|  |TAMS 0x000000008b700000, 0x000000008b700000| Untracked 
| 184|0x000000008b800000, 0x000000008b800000, 0x000000008b900000|  0%| F|  |TAMS 0x000000008b800000, 0x000000008b800000| Untracked 
| 185|0x000000008b900000, 0x000000008b900000, 0x000000008ba00000|  0%| F|  |TAMS 0x000000008b900000, 0x000000008b900000| Untracked 
| 186|0x000000008ba00000, 0x000000008ba00000, 0x000000008bb00000|  0%| F|  |TAMS 0x000000008ba00000, 0x000000008ba00000| Untracked 
| 187|0x000000008bb00000, 0x000000008bb00000, 0x000000008bc00000|  0%| F|  |TAMS 0x000000008bb00000, 0x000000008bb00000| Untracked 
| 188|0x000000008bc00000, 0x000000008bc00000, 0x000000008bd00000|  0%| F|  |TAMS 0x000000008bc00000, 0x000000008bc00000| Untracked 
| 189|0x000000008bd00000, 0x000000008bd00000, 0x000000008be00000|  0%| F|  |TAMS 0x000000008bd00000, 0x000000008bd00000| Untracked 
| 190|0x000000008be00000, 0x000000008be00000, 0x000000008bf00000|  0%| F|  |TAMS 0x000000008be00000, 0x000000008be00000| Untracked 
| 191|0x000000008bf00000, 0x000000008bf00000, 0x000000008c000000|  0%| F|  |TAMS 0x000000008bf00000, 0x000000008bf00000| Untracked 
| 192|0x000000008c000000, 0x000000008c000000, 0x000000008c100000|  0%| F|  |TAMS 0x000000008c000000, 0x000000008c000000| Untracked 
| 193|0x000000008c100000, 0x000000008c100000, 0x000000008c200000|  0%| F|  |TAMS 0x000000008c100000, 0x000000008c100000| Untracked 
| 194|0x000000008c200000, 0x000000008c200000, 0x000000008c300000|  0%| F|  |TAMS 0x000000008c200000, 0x000000008c200000| Untracked 
| 195|0x000000008c300000, 0x000000008c300000, 0x000000008c400000|  0%| F|  |TAMS 0x000000008c300000, 0x000000008c300000| Untracked 
| 196|0x000000008c400000, 0x000000008c400000, 0x000000008c500000|  0%| F|  |TAMS 0x000000008c400000, 0x000000008c400000| Untracked 
| 197|0x000000008c500000, 0x000000008c500000, 0x000000008c600000|  0%| F|  |TAMS 0x000000008c500000, 0x000000008c500000| Untracked 
| 198|0x000000008c600000, 0x000000008c600000, 0x000000008c700000|  0%| F|  |TAMS 0x000000008c600000, 0x000000008c600000| Untracked 
| 199|0x000000008c700000, 0x000000008c700000, 0x000000008c800000|  0%| F|  |TAMS 0x000000008c700000, 0x000000008c700000| Untracked 
| 200|0x000000008c800000, 0x000000008c800000, 0x000000008c900000|  0%| F|  |TAMS 0x000000008c800000, 0x000000008c800000| Untracked 
| 201|0x000000008c900000, 0x000000008c900000, 0x000000008ca00000|  0%| F|  |TAMS 0x000000008c900000, 0x000000008c900000| Untracked 
| 202|0x000000008ca00000, 0x000000008ca88198, 0x000000008cb00000| 53%| E|  |TAMS 0x000000008ca00000, 0x000000008ca00000| Complete 
| 203|0x000000008cb00000, 0x000000008cc00000, 0x000000008cc00000|100%| E|CS|TAMS 0x000000008cb00000, 0x000000008cb00000| Complete 
| 204|0x000000008cc00000, 0x000000008cd00000, 0x000000008cd00000|100%| E|CS|TAMS 0x000000008cc00000, 0x000000008cc00000| Complete 
| 205|0x000000008cd00000, 0x000000008ce00000, 0x000000008ce00000|100%| E|CS|TAMS 0x000000008cd00000, 0x000000008cd00000| Complete 
| 206|0x000000008ce00000, 0x000000008cf00000, 0x000000008cf00000|100%| E|CS|TAMS 0x000000008ce00000, 0x000000008ce00000| Complete 
| 207|0x000000008cf00000, 0x000000008d000000, 0x000000008d000000|100%| E|CS|TAMS 0x000000008cf00000, 0x000000008cf00000| Complete 
| 208|0x000000008d000000, 0x000000008d100000, 0x000000008d100000|100%| E|CS|TAMS 0x000000008d000000, 0x000000008d000000| Complete 
| 209|0x000000008d100000, 0x000000008d200000, 0x000000008d200000|100%| E|CS|TAMS 0x000000008d100000, 0x000000008d100000| Complete 
| 210|0x000000008d200000, 0x000000008d300000, 0x000000008d300000|100%| E|CS|TAMS 0x000000008d200000, 0x000000008d200000| Complete 
| 211|0x000000008d300000, 0x000000008d400000, 0x000000008d400000|100%| E|CS|TAMS 0x000000008d300000, 0x000000008d300000| Complete 
| 212|0x000000008d400000, 0x000000008d500000, 0x000000008d500000|100%| E|CS|TAMS 0x000000008d400000, 0x000000008d400000| Complete 
| 213|0x000000008d500000, 0x000000008d600000, 0x000000008d600000|100%| E|CS|TAMS 0x000000008d500000, 0x000000008d500000| Complete 
| 214|0x000000008d600000, 0x000000008d700000, 0x000000008d700000|100%| E|CS|TAMS 0x000000008d600000, 0x000000008d600000| Complete 
| 215|0x000000008d700000, 0x000000008d800000, 0x000000008d800000|100%| E|CS|TAMS 0x000000008d700000, 0x000000008d700000| Complete 
| 216|0x000000008d800000, 0x000000008d900000, 0x000000008d900000|100%| E|CS|TAMS 0x000000008d800000, 0x000000008d800000| Complete 
| 217|0x000000008d900000, 0x000000008da00000, 0x000000008da00000|100%| E|CS|TAMS 0x000000008d900000, 0x000000008d900000| Complete 
| 218|0x000000008da00000, 0x000000008db00000, 0x000000008db00000|100%| E|CS|TAMS 0x000000008da00000, 0x000000008da00000| Complete 
| 219|0x000000008db00000, 0x000000008dc00000, 0x000000008dc00000|100%| E|CS|TAMS 0x000000008db00000, 0x000000008db00000| Complete 
| 220|0x000000008dc00000, 0x000000008dd00000, 0x000000008dd00000|100%| E|CS|TAMS 0x000000008dc00000, 0x000000008dc00000| Complete 
| 221|0x000000008dd00000, 0x000000008de00000, 0x000000008de00000|100%| E|CS|TAMS 0x000000008dd00000, 0x000000008dd00000| Complete 
| 222|0x000000008de00000, 0x000000008df00000, 0x000000008df00000|100%| E|CS|TAMS 0x000000008de00000, 0x000000008de00000| Complete 
| 223|0x000000008df00000, 0x000000008e000000, 0x000000008e000000|100%| E|CS|TAMS 0x000000008df00000, 0x000000008df00000| Complete 
| 224|0x000000008e000000, 0x000000008e100000, 0x000000008e100000|100%| E|CS|TAMS 0x000000008e000000, 0x000000008e000000| Complete 
| 225|0x000000008e100000, 0x000000008e200000, 0x000000008e200000|100%| E|  |TAMS 0x000000008e100000, 0x000000008e100000| Complete 
| 226|0x000000008e200000, 0x000000008e300000, 0x000000008e300000|100%| E|CS|TAMS 0x000000008e200000, 0x000000008e200000| Complete 
| 227|0x000000008e300000, 0x000000008e400000, 0x000000008e400000|100%| E|CS|TAMS 0x000000008e300000, 0x000000008e300000| Complete 
| 228|0x000000008e400000, 0x000000008e500000, 0x000000008e500000|100%| E|CS|TAMS 0x000000008e400000, 0x000000008e400000| Complete 
| 229|0x000000008e500000, 0x000000008e600000, 0x000000008e600000|100%| E|CS|TAMS 0x000000008e500000, 0x000000008e500000| Complete 
| 230|0x000000008e600000, 0x000000008e700000, 0x000000008e700000|100%| E|CS|TAMS 0x000000008e600000, 0x000000008e600000| Complete 
| 231|0x000000008e700000, 0x000000008e800000, 0x000000008e800000|100%| E|CS|TAMS 0x000000008e700000, 0x000000008e700000| Complete 
| 232|0x000000008e800000, 0x000000008e900000, 0x000000008e900000|100%| E|CS|TAMS 0x000000008e800000, 0x000000008e800000| Complete 
| 233|0x000000008e900000, 0x000000008ea00000, 0x000000008ea00000|100%| E|CS|TAMS 0x000000008e900000, 0x000000008e900000| Complete 
| 234|0x000000008ea00000, 0x000000008eb00000, 0x000000008eb00000|100%| E|CS|TAMS 0x000000008ea00000, 0x000000008ea00000| Complete 
| 235|0x000000008eb00000, 0x000000008ec00000, 0x000000008ec00000|100%| E|CS|TAMS 0x000000008eb00000, 0x000000008eb00000| Complete 
| 236|0x000000008ec00000, 0x000000008ed00000, 0x000000008ed00000|100%| E|CS|TAMS 0x000000008ec00000, 0x000000008ec00000| Complete 
| 237|0x000000008ed00000, 0x000000008ee00000, 0x000000008ee00000|100%| E|CS|TAMS 0x000000008ed00000, 0x000000008ed00000| Complete 
| 238|0x000000008ee00000, 0x000000008ef00000, 0x000000008ef00000|100%| E|CS|TAMS 0x000000008ee00000, 0x000000008ee00000| Complete 
| 239|0x000000008ef00000, 0x000000008f000000, 0x000000008f000000|100%| E|CS|TAMS 0x000000008ef00000, 0x000000008ef00000| Complete 
| 240|0x000000008f000000, 0x000000008f100000, 0x000000008f100000|100%| E|CS|TAMS 0x000000008f000000, 0x000000008f000000| Complete 
| 241|0x000000008f100000, 0x000000008f200000, 0x000000008f200000|100%| E|CS|TAMS 0x000000008f100000, 0x000000008f100000| Complete 
| 242|0x000000008f200000, 0x000000008f300000, 0x000000008f300000|100%| E|CS|TAMS 0x000000008f200000, 0x000000008f200000| Complete 
| 243|0x000000008f300000, 0x000000008f400000, 0x000000008f400000|100%| E|CS|TAMS 0x000000008f300000, 0x000000008f300000| Complete 
| 244|0x000000008f400000, 0x000000008f500000, 0x000000008f500000|100%| E|CS|TAMS 0x000000008f400000, 0x000000008f400000| Complete 
| 245|0x000000008f500000, 0x000000008f600000, 0x000000008f600000|100%| E|CS|TAMS 0x000000008f500000, 0x000000008f500000| Complete 
| 246|0x000000008f600000, 0x000000008f700000, 0x000000008f700000|100%| E|CS|TAMS 0x000000008f600000, 0x000000008f600000| Complete 
| 247|0x000000008f700000, 0x000000008f800000, 0x000000008f800000|100%| E|CS|TAMS 0x000000008f700000, 0x000000008f700000| Complete 
| 248|0x000000008f800000, 0x000000008f900000, 0x000000008f900000|100%| E|CS|TAMS 0x000000008f800000, 0x000000008f800000| Complete 
| 249|0x000000008f900000, 0x000000008fa00000, 0x000000008fa00000|100%| E|CS|TAMS 0x000000008f900000, 0x000000008f900000| Complete 
| 250|0x000000008fa00000, 0x000000008fb00000, 0x000000008fb00000|100%| E|CS|TAMS 0x000000008fa00000, 0x000000008fa00000| Complete 
| 251|0x000000008fb00000, 0x000000008fc00000, 0x000000008fc00000|100%| E|CS|TAMS 0x000000008fb00000, 0x000000008fb00000| Complete 
| 252|0x000000008fc00000, 0x000000008fd00000, 0x000000008fd00000|100%| E|CS|TAMS 0x000000008fc00000, 0x000000008fc00000| Complete 
| 253|0x000000008fd00000, 0x000000008fe00000, 0x000000008fe00000|100%| E|CS|TAMS 0x000000008fd00000, 0x000000008fd00000| Complete 
| 254|0x000000008fe00000, 0x000000008ff00000, 0x000000008ff00000|100%| E|CS|TAMS 0x000000008fe00000, 0x000000008fe00000| Complete 
| 255|0x000000008ff00000, 0x0000000090000000, 0x0000000090000000|100%| E|CS|TAMS 0x000000008ff00000, 0x000000008ff00000| Complete 

Card table byte_map: [0x0000027180960000,0x0000027180d60000] _byte_map_base: 0x0000027180560000

Marking Bits (Prev, Next): (CMBitMap*) 0x00000271ebb0b940, (CMBitMap*) 0x00000271ebb0b908
 Prev Bits: [0x0000027183160000, 0x0000027185160000)
 Next Bits: [0x0000027181160000, 0x0000027183160000)

Polling page: 0x00000271ebbb0000

Metaspace:

Usage:
  Non-class:     61.93 MB capacity,    60.64 MB ( 98%) used,     1.11 MB (  2%) free+waste,   181.56 KB ( <1%) overhead. 
      Class:      9.68 MB capacity,     9.05 MB ( 93%) used,   567.79 KB (  6%) free+waste,    85.19 KB ( <1%) overhead. 
       Both:     71.61 MB capacity,    69.69 MB ( 97%) used,     1.67 MB (  2%) free+waste,   266.75 KB ( <1%) overhead. 

Virtual space:
  Non-class space:       64.00 MB reserved,      62.08 MB ( 97%) committed 
      Class space:        1.00 GB reserved,       9.75 MB ( <1%) committed 
             Both:        1.06 GB reserved,      71.83 MB (  7%) committed 

Chunk freelists:
   Non-Class:  24.00 KB
       Class:  3.00 KB
        Both:  27.00 KB

MaxMetaspaceSize: 17179869184.00 GB
CompressedClassSpaceSize: 1.00 GB

CodeHeap 'non-profiled nmethods': size=120064Kb used=4094Kb max_used=4094Kb free=115969Kb
 bounds [0x00000271f86e0000, 0x00000271f8ae0000, 0x00000271ffc20000]
CodeHeap 'profiled nmethods': size=120000Kb used=15714Kb max_used=15714Kb free=104285Kb
 bounds [0x00000271f11b0000, 0x00000271f2110000, 0x00000271f86e0000]
CodeHeap 'non-nmethods': size=5696Kb used=2249Kb max_used=2295Kb free=3446Kb
 bounds [0x00000271f0c20000, 0x00000271f0e90000, 0x00000271f11b0000]
 total_blobs=8248 nmethods=7409 adapters=750
 compilation: enabled
              stopped_count=0, restarted_count=0
 full_count=0

Compilation events (20 events):
Event: 8.829 Thread 0x0000027188275800 7562       3       com.google.common.collect.MapMakerInternalMap$WeakKeyDummyValueEntry$Helper::setValue (17 bytes)
Event: 8.829 Thread 0x0000027188275800 nmethod 7562 0x00000271f20dd710 code [0x00000271f20dd8e0, 0x00000271f20ddcf8]
Event: 8.834 Thread 0x0000027188275800 7563       3       org.gradle.cache.internal.CrossProcessSynchronizingCache::get (19 bytes)
Event: 8.834 Thread 0x0000027188275800 nmethod 7563 0x00000271f20dde10 code [0x00000271f20ddfe0, 0x00000271f20de368]
Event: 8.835 Thread 0x0000027188275800 7564       3       com.google.common.collect.ImmutableSortedMap::comparator (8 bytes)
Event: 8.835 Thread 0x0000027188275800 nmethod 7564 0x00000271f20de490 code [0x00000271f20de640, 0x00000271f20de7f8]
Event: 8.836 Thread 0x000002718826f800 nmethod 7556 0x00000271f8ad8090 code [0x00000271f8ad8280, 0x00000271f8ad8cc8]
Event: 8.836 Thread 0x000002718826f800 7560       4       com.google.common.collect.RegularImmutableMap$EntrySet$1::size (8 bytes)
Event: 8.836 Thread 0x000002718826f800 nmethod 7560 0x00000271f8ad9190 code [0x00000271f8ad9320, 0x00000271f8ad9398]
Event: 8.836 Thread 0x000002718826f800 7565       4       com.google.common.collect.ImmutableList$Builder::add (8 bytes)
Event: 8.839 Thread 0x000002718826f800 nmethod 7565 0x00000271f8ad9490 code [0x00000271f8ad9640, 0x00000271f8ad9b98]
Event: 8.844 Thread 0x0000027188275800 7566       1       sun.nio.fs.WindowsException::lastError (5 bytes)
Event: 8.844 Thread 0x0000027188275800 nmethod 7566 0x00000271f8ad9e10 code [0x00000271f8ad9fc0, 0x00000271f8ada078]
Event: 8.845 Thread 0x0000027188275800 7567       3       com.sun.org.apache.xerces.internal.impl.XMLDocumentScannerImpl::getFeatureDefault (40 bytes)
Event: 8.845 Thread 0x0000027188275800 nmethod 7567 0x00000271f20de890 code [0x00000271f20dea80, 0x00000271f20ded58]
Event: 8.845 Thread 0x0000027188275800 7571       3       com.sun.org.apache.xerces.internal.impl.XMLDocumentScannerImpl::setFeature (75 bytes)
Event: 8.845 Thread 0x0000027188275800 nmethod 7571 0x00000271f20def10 code [0x00000271f20df1c0, 0x00000271f20dfe18]
Event: 8.845 Thread 0x0000027188275800 7573       3       com.google.common.collect.ImmutableMap::copyOf (58 bytes)
Event: 8.846 Thread 0x0000027188275800 nmethod 7573 0x00000271f20e0290 code [0x00000271f20e04c0, 0x00000271f20e0d58]
Event: 8.846 Thread 0x0000027188275800 7572       3       com.sun.org.apache.xerces.internal.impl.XMLDocumentFragmentScannerImpl::setFeature (40 bytes)

GC Heap History (20 events):
Event: 0.724 GC heap before
{Heap before GC invocations=0 (full 0):
 garbage-first heap   total 262144K, used 27648K [0x0000000080000000, 0x0000000100000000)
  region size 1024K, 22 young (22528K), 0 survivors (0K)
 Metaspace       used 10237K, capacity 10476K, committed 10624K, reserved 1058816K
  class space    used 1067K, capacity 1128K, committed 1152K, reserved 1048576K
}
Event: 0.736 GC heap after
{Heap after GC invocations=1 (full 0):
 garbage-first heap   total 262144K, used 8834K [0x0000000080000000, 0x0000000100000000)
  region size 1024K, 3 young (3072K), 3 survivors (3072K)
 Metaspace       used 10237K, capacity 10476K, committed 10624K, reserved 1058816K
  class space    used 1067K, capacity 1128K, committed 1152K, reserved 1048576K
}
Event: 0.996 GC heap before
{Heap before GC invocations=1 (full 0):
 garbage-first heap   total 262144K, used 27266K [0x0000000080000000, 0x0000000100000000)
  region size 1024K, 21 young (21504K), 3 survivors (3072K)
 Metaspace       used 10907K, capacity 11141K, committed 11264K, reserved 1058816K
  class space    used 1139K, capacity 1200K, committed 1280K, reserved 1048576K
}
Event: 0.998 GC heap after
{Heap after GC invocations=2 (full 0):
 garbage-first heap   total 262144K, used 9488K [0x0000000080000000, 0x0000000100000000)
  region size 1024K, 1 young (1024K), 1 survivors (1024K)
 Metaspace       used 10907K, capacity 11141K, committed 11264K, reserved 1058816K
  class space    used 1139K, capacity 1200K, committed 1280K, reserved 1048576K
}
Event: 2.119 GC heap before
{Heap before GC invocations=2 (full 0):
 garbage-first heap   total 262144K, used 57616K [0x0000000080000000, 0x0000000100000000)
  region size 1024K, 49 young (50176K), 1 survivors (1024K)
 Metaspace       used 17872K, capacity 18397K, committed 18560K, reserved 1064960K
  class space    used 2146K, capacity 2305K, committed 2432K, reserved 1048576K
}
Event: 2.122 GC heap after
{Heap after GC invocations=3 (full 0):
 garbage-first heap   total 262144K, used 15446K [0x0000000080000000, 0x0000000100000000)
  region size 1024K, 7 young (7168K), 7 survivors (7168K)
 Metaspace       used 17872K, capacity 18397K, committed 18560K, reserved 1064960K
  class space    used 2146K, capacity 2305K, committed 2432K, reserved 1048576K
}
Event: 2.286 GC heap before
{Heap before GC invocations=3 (full 0):
 garbage-first heap   total 262144K, used 30806K [0x0000000080000000, 0x0000000100000000)
  region size 1024K, 24 young (24576K), 7 survivors (7168K)
 Metaspace       used 20689K, capacity 21180K, committed 21296K, reserved 1069056K
  class space    used 2483K, capacity 2636K, committed 2688K, reserved 1048576K
}
Event: 2.289 GC heap after
{Heap after GC invocations=4 (full 0):
 garbage-first heap   total 262144K, used 16225K [0x0000000080000000, 0x0000000100000000)
  region size 1024K, 1 young (1024K), 1 survivors (1024K)
 Metaspace       used 20689K, capacity 21180K, committed 21296K, reserved 1069056K
  class space    used 2483K, capacity 2636K, committed 2688K, reserved 1048576K
}
Event: 3.378 GC heap before
{Heap before GC invocations=5 (full 0):
 garbage-first heap   total 262144K, used 96097K [0x0000000080000000, 0x0000000100000000)
  region size 1024K, 71 young (72704K), 1 survivors (1024K)
 Metaspace       used 29073K, capacity 29805K, committed 29872K, reserved 1075200K
  class space    used 3803K, capacity 4057K, committed 4096K, reserved 1048576K
}
Event: 3.387 GC heap after
{Heap after GC invocations=6 (full 0):
 garbage-first heap   total 262144K, used 29627K [0x0000000080000000, 0x0000000100000000)
  region size 1024K, 5 young (5120K), 5 survivors (5120K)
 Metaspace       used 29073K, capacity 29805K, committed 29872K, reserved 1075200K
  class space    used 3803K, capacity 4057K, committed 4096K, reserved 1048576K
}
Event: 3.725 GC heap before
{Heap before GC invocations=6 (full 0):
 garbage-first heap   total 262144K, used 53179K [0x0000000080000000, 0x0000000100000000)
  region size 1024K, 27 young (27648K), 5 survivors (5120K)
 Metaspace       used 35065K, capacity 35768K, committed 35888K, reserved 1081344K
  class space    used 4394K, capacity 4658K, committed 4736K, reserved 1048576K
}
Event: 3.730 GC heap after
{Heap after GC invocations=7 (full 0):
 garbage-first heap   total 262144K, used 34280K [0x0000000080000000, 0x0000000100000000)
  region size 1024K, 8 young (8192K), 8 survivors (8192K)
 Metaspace       used 35065K, capacity 35768K, committed 35888K, reserved 1081344K
  class space    used 4394K, capacity 4658K, committed 4736K, reserved 1048576K
}
Event: 5.025 GC heap before
{Heap before GC invocations=8 (full 0):
 garbage-first heap   total 262144K, used 123368K [0x0000000080000000, 0x0000000100000000)
  region size 1024K, 96 young (98304K), 8 survivors (8192K)
 Metaspace       used 42063K, capacity 42999K, committed 43312K, reserved 1087488K
  class space    used 5386K, capacity 5697K, committed 5760K, reserved 1048576K
}
Event: 5.031 GC heap after
{Heap after GC invocations=9 (full 0):
 garbage-first heap   total 262144K, used 35807K [0x0000000080000000, 0x0000000100000000)
  region size 1024K, 7 young (7168K), 7 survivors (7168K)
 Metaspace       used 42063K, capacity 42999K, committed 43312K, reserved 1087488K
  class space    used 5386K, capacity 5697K, committed 5760K, reserved 1048576K
}
Event: 6.798 GC heap before
{Heap before GC invocations=9 (full 0):
 garbage-first heap   total 262144K, used 163807K [0x0000000080000000, 0x0000000100000000)
  region size 1024K, 127 young (130048K), 7 survivors (7168K)
 Metaspace       used 57776K, capacity 59113K, committed 59184K, reserved 1101824K
  class space    used 7281K, capacity 7751K, committed 7808K, reserved 1048576K
}
Event: 6.809 GC heap after
{Heap after GC invocations=10 (full 0):
 garbage-first heap   total 262144K, used 52882K [0x0000000080000000, 0x0000000100000000)
  region size 1024K, 16 young (16384K), 16 survivors (16384K)
 Metaspace       used 57776K, capacity 59113K, committed 59184K, reserved 1101824K
  class space    used 7281K, capacity 7751K, committed 7808K, reserved 1048576K
}
Event: 6.951 GC heap before
{Heap before GC invocations=10 (full 0):
 garbage-first heap   total 262144K, used 73362K [0x0000000080000000, 0x0000000100000000)
  region size 1024K, 37 young (37888K), 16 survivors (16384K)
 Metaspace       used 58745K, capacity 60114K, committed 60240K, reserved 1101824K
  class space    used 7419K, capacity 7871K, committed 7936K, reserved 1048576K
}
Event: 6.966 GC heap after
{Heap after GC invocations=11 (full 0):
 garbage-first heap   total 262144K, used 56122K [0x0000000080000000, 0x0000000100000000)
  region size 1024K, 3 young (3072K), 3 survivors (3072K)
 Metaspace       used 58745K, capacity 60114K, committed 60240K, reserved 1101824K
  class space    used 7419K, capacity 7871K, committed 7936K, reserved 1048576K
}
Event: 8.201 GC heap before
{Heap before GC invocations=12 (full 0):
 garbage-first heap   total 262144K, used 142138K [0x0000000080000000, 0x0000000100000000)
  region size 1024K, 87 young (89088K), 3 survivors (3072K)
 Metaspace       used 67714K, capacity 69277K, committed 69328K, reserved 1110016K
  class space    used 8771K, capacity 9297K, committed 9344K, reserved 1048576K
}
Event: 8.212 GC heap after
{Heap after GC invocations=13 (full 0):
 garbage-first heap   total 262144K, used 61559K [0x0000000080000000, 0x0000000100000000)
  region size 1024K, 9 young (9216K), 9 survivors (9216K)
 Metaspace       used 67714K, capacity 69277K, committed 69328K, reserved 1110016K
  class space    used 8771K, capacity 9297K, committed 9344K, reserved 1048576K
}

Deoptimization events (20 events):
Event: 8.562 Thread 0x000002718c93e800 DEOPT PACKING pc=0x00000271f87a67c0 sp=0x000000723a0fb150
Event: 8.562 Thread 0x000002718c93e800 DEOPT UNPACKING pc=0x00000271f0c474af sp=0x000000723a0fb1b0 mode 2
Event: 8.562 Thread 0x000002718c93e800 Uncommon trap: trap_request=0xffffffde fr.pc=0x00000271f87a67c0 relative=0x0000000000001120
Event: 8.562 Thread 0x000002718c93e800 Uncommon trap: reason=class_check action=maybe_recompile pc=0x00000271f87a67c0 method=java.util.zip.InflaterInputStream.read([BII)I @ 100 c2
Event: 8.562 Thread 0x000002718c93e800 DEOPT PACKING pc=0x00000271f87a67c0 sp=0x000000723a0fb150
Event: 8.562 Thread 0x000002718c93e800 DEOPT UNPACKING pc=0x00000271f0c474af sp=0x000000723a0fb1b0 mode 2
Event: 8.630 Thread 0x000002718c93e800 Uncommon trap: trap_request=0xffffff4d fr.pc=0x00000271f880357c relative=0x000000000000023c
Event: 8.630 Thread 0x000002718c93e800 Uncommon trap: reason=unstable_if action=reinterpret pc=0x00000271f880357c method=java.util.concurrent.ConcurrentHashMap.get(Ljava/lang/Object;)Ljava/lang/Object; @ 86 c2
Event: 8.630 Thread 0x000002718c93e800 DEOPT PACKING pc=0x00000271f880357c sp=0x000000723a0fdbb0
Event: 8.630 Thread 0x000002718c93e800 DEOPT UNPACKING pc=0x00000271f0c474af sp=0x000000723a0fdb28 mode 2
Event: 8.630 Thread 0x000002718942c000 DEOPT PACKING pc=0x00000271f14a8d0f sp=0x00000072384f8190
Event: 8.630 Thread 0x000002718942c000 DEOPT UNPACKING pc=0x00000271f0c472ce sp=0x00000072384f75b0 mode 0
Event: 8.692 Thread 0x000002718c93d000 Uncommon trap: trap_request=0xffffff4d fr.pc=0x00000271f8ac2b3c relative=0x000000000000017c
Event: 8.692 Thread 0x000002718c93d000 Uncommon trap: reason=unstable_if action=reinterpret pc=0x00000271f8ac2b3c method=com.google.common.collect.RegularImmutableMap.get(Ljava/lang/Object;[Lcom/google/common/collect/ImmutableMapEntry;I)Ljava/lang/Object; @ 5 c2
Event: 8.692 Thread 0x000002718c93d000 DEOPT PACKING pc=0x00000271f8ac2b3c sp=0x0000007239ffb170
Event: 8.692 Thread 0x000002718c93d000 DEOPT UNPACKING pc=0x00000271f0c474af sp=0x0000007239ffb0f0 mode 2
Event: 8.749 Thread 0x000002718c93e800 Uncommon trap: trap_request=0xffffff4d fr.pc=0x00000271f880557c relative=0x0000000000000e7c
Event: 8.749 Thread 0x000002718c93e800 Uncommon trap: reason=unstable_if action=reinterpret pc=0x00000271f880557c method=java.util.zip.ZipFile$CleanableResource.releaseInflater(Ljava/util/zip/Inflater;)V @ 6 c2
Event: 8.749 Thread 0x000002718c93e800 DEOPT PACKING pc=0x00000271f880557c sp=0x000000723a0fb320
Event: 8.749 Thread 0x000002718c93e800 DEOPT UNPACKING pc=0x00000271f0c474af sp=0x000000723a0fb1d8 mode 2

Classes redefined (0 events):
No events

Internal exceptions (20 events):
Event: 8.472 Thread 0x000002718c934800 Exception <a 'sun/nio/fs/WindowsException'{0x000000008e7059e0}> (0x000000008e7059e0) thrown at [./src/hotspot/share/prims/jni.cpp, line 615]
Event: 8.472 Thread 0x000002718c93e800 Exception <a 'sun/nio/fs/WindowsException'{0x000000008e8bc9a0}> (0x000000008e8bc9a0) thrown at [./src/hotspot/share/prims/jni.cpp, line 615]
Event: 8.652 Thread 0x000002718c934800 Exception <a 'sun/nio/fs/WindowsException'{0x000000008daabd28}> (0x000000008daabd28) thrown at [./src/hotspot/share/prims/jni.cpp, line 615]
Event: 8.654 Thread 0x000002718c93d000 Exception <a 'sun/nio/fs/WindowsException'{0x000000008db37bf0}> (0x000000008db37bf0) thrown at [./src/hotspot/share/prims/jni.cpp, line 615]
Event: 8.656 Thread 0x000002718c93d800 Exception <a 'sun/nio/fs/WindowsException'{0x000000008d90ca58}> (0x000000008d90ca58) thrown at [./src/hotspot/share/prims/jni.cpp, line 615]
Event: 8.656 Thread 0x000002718c93c000 Exception <a 'sun/nio/fs/WindowsException'{0x000000008da33228}> (0x000000008da33228) thrown at [./src/hotspot/share/prims/jni.cpp, line 615]
Event: 8.662 Thread 0x000002718c93e800 Exception <a 'sun/nio/fs/WindowsException'{0x000000008db84f70}> (0x000000008db84f70) thrown at [./src/hotspot/share/prims/jni.cpp, line 615]
Event: 8.669 Thread 0x000002718942c000 Exception <a 'sun/nio/fs/WindowsException'{0x000000008dcf1188}> (0x000000008dcf1188) thrown at [./src/hotspot/share/prims/jni.cpp, line 615]
Event: 8.691 Thread 0x000002718c93d000 Exception <a 'sun/nio/fs/WindowsException'{0x000000008d67dac8}> (0x000000008d67dac8) thrown at [./src/hotspot/share/prims/jni.cpp, line 615]
Event: 8.692 Thread 0x000002718c93d000 Implicit null exception at 0x00000271f8ac29de to 0x00000271f8ac2b2c
Event: 8.706 Thread 0x000002718c93c000 Exception <a 'sun/nio/fs/WindowsException'{0x000000008d553f30}> (0x000000008d553f30) thrown at [./src/hotspot/share/prims/jni.cpp, line 615]
Event: 8.706 Thread 0x000002718c93d800 Exception <a 'sun/nio/fs/WindowsException'{0x000000008d62b458}> (0x000000008d62b458) thrown at [./src/hotspot/share/prims/jni.cpp, line 615]
Event: 8.707 Thread 0x000002718c93e800 Exception <a 'sun/nio/fs/WindowsException'{0x000000008d520968}> (0x000000008d520968) thrown at [./src/hotspot/share/prims/jni.cpp, line 615]
Event: 8.731 Thread 0x000002718c93d000 Exception <a 'sun/nio/fs/WindowsException'{0x000000008d435cf0}> (0x000000008d435cf0) thrown at [./src/hotspot/share/prims/jni.cpp, line 615]
Event: 8.744 Thread 0x000002718c93c000 Exception <a 'sun/nio/fs/WindowsException'{0x000000008d331b18}> (0x000000008d331b18) thrown at [./src/hotspot/share/prims/jni.cpp, line 615]
Event: 8.749 Thread 0x000002718c93e800 Implicit null exception at 0x00000271f8804a14 to 0x00000271f8805564
Event: 8.781 Thread 0x000002718c93d000 Exception <a 'sun/nio/fs/WindowsException'{0x000000008d2fd180}> (0x000000008d2fd180) thrown at [./src/hotspot/share/prims/jni.cpp, line 615]
Event: 8.796 Thread 0x000002718c93e800 Exception <a 'sun/nio/fs/WindowsException'{0x000000008d1712a8}> (0x000000008d1712a8) thrown at [./src/hotspot/share/prims/jni.cpp, line 615]
Event: 8.844 Thread 0x000002718c93d000 Exception <a 'sun/nio/fs/WindowsException'{0x000000008cf7b690}> (0x000000008cf7b690) thrown at [./src/hotspot/share/prims/jni.cpp, line 615]
Event: 8.844 Thread 0x000002718942c000 Exception <a 'sun/nio/fs/WindowsException'{0x000000008d0b05c0}> (0x000000008d0b05c0) thrown at [./src/hotspot/share/prims/jni.cpp, line 615]

Events (20 events):
Event: 8.743 Executing VM operation: RevokeBias
Event: 8.743 Executing VM operation: RevokeBias done
Event: 8.744 loading class org/gradle/api/internal/changedetection/state/FileZipInput$1
Event: 8.744 loading class org/gradle/api/internal/changedetection/state/FileZipInput$1 done
Event: 8.744 loading class org/gradle/api/internal/changedetection/state/ZipEntry
Event: 8.744 loading class org/gradle/api/internal/changedetection/state/ZipEntry done
Event: 8.744 loading class org/gradle/api/internal/changedetection/state/JdkZipEntry
Event: 8.744 loading class org/gradle/api/internal/changedetection/state/JdkZipEntry done
Event: 8.744 loading class org/gradle/api/internal/changedetection/state/FileZipInput$1$1
Event: 8.744 loading class org/gradle/api/internal/changedetection/state/FileZipInput$1$1 done
Event: 8.745 loading class org/gradle/api/internal/changedetection/state/ZipHasher$ZipEntryRelativePath
Event: 8.745 loading class org/gradle/api/internal/changedetection/state/ZipHasher$ZipEntryRelativePath done
Event: 8.748 loading class java/util/WeakHashMap$KeyIterator
Event: 8.748 loading class java/util/WeakHashMap$HashIterator
Event: 8.748 loading class java/util/WeakHashMap$HashIterator done
Event: 8.748 loading class java/util/WeakHashMap$KeyIterator done
Event: 8.770 Executing VM operation: RevokeBias
Event: 8.770 Executing VM operation: RevokeBias done
Event: 8.782 Executing VM operation: RevokeBias
Event: 8.782 Executing VM operation: RevokeBias done


Dynamic libraries:
0x00007ff63a910000 - 0x00007ff63a91a000 	C:\Program Files\Android\Android Studio1\jre\bin\java.exe
0x00007ff8ad5b0000 - 0x00007ff8ad7a5000 	C:\WINDOWS\SYSTEM32\ntdll.dll
0x00007ff8ac0d0000 - 0x00007ff8ac18d000 	C:\WINDOWS\System32\KERNEL32.DLL
0x00007ff8aada0000 - 0x00007ff8ab068000 	C:\WINDOWS\System32\KERNELBASE.dll
0x00007ff8ab510000 - 0x00007ff8ab610000 	C:\WINDOWS\System32\ucrtbase.dll
0x00007ff890360000 - 0x00007ff890377000 	C:\Program Files\Android\Android Studio1\jre\bin\VCRUNTIME140.dll
0x00007ff890340000 - 0x00007ff890359000 	C:\Program Files\Android\Android Studio1\jre\bin\jli.dll
0x00007ff8ac190000 - 0x00007ff8ac330000 	C:\WINDOWS\System32\USER32.dll
0x00007ff8ab1e0000 - 0x00007ff8ab202000 	C:\WINDOWS\System32\win32u.dll
0x00007ff8ac0a0000 - 0x00007ff8ac0ca000 	C:\WINDOWS\System32\GDI32.dll
0x00007ff8ab0d0000 - 0x00007ff8ab1db000 	C:\WINDOWS\System32\gdi32full.dll
0x00007ff8ab2c0000 - 0x00007ff8ab35d000 	C:\WINDOWS\System32\msvcp_win.dll
0x00007ff895a30000 - 0x00007ff895cca000 	C:\WINDOWS\WinSxS\amd64_microsoft.windows.common-controls_6595b64144ccf1df_6.0.19041.844_none_ca00b6081b84eb1d\COMCTL32.dll
0x00007ff8ac800000 - 0x00007ff8ac89e000 	C:\WINDOWS\System32\msvcrt.dll
0x00007ff8ad0d0000 - 0x00007ff8ad100000 	C:\WINDOWS\System32\IMM32.DLL
0x00007ff877e10000 - 0x00007ff877ead000 	C:\Program Files\Android\Android Studio1\jre\bin\msvcp140.dll
0x00007ff871320000 - 0x00007ff871ddc000 	C:\Program Files\Android\Android Studio1\jre\bin\server\jvm.dll
0x00007ff8ac6f0000 - 0x00007ff8ac79c000 	C:\WINDOWS\System32\ADVAPI32.dll
0x00007ff8ab830000 - 0x00007ff8ab8cb000 	C:\WINDOWS\System32\sechost.dll
0x00007ff8acfa0000 - 0x00007ff8ad0cb000 	C:\WINDOWS\System32\RPCRT4.dll
0x00007ff8ab7a0000 - 0x00007ff8ab7a8000 	C:\WINDOWS\System32\PSAPI.DLL
0x00007ff89a530000 - 0x00007ff89a557000 	C:\WINDOWS\SYSTEM32\WINMM.dll
0x00007ff8a8520000 - 0x00007ff8a8529000 	C:\WINDOWS\SYSTEM32\WSOCK32.dll
0x00007ff8a46f0000 - 0x00007ff8a46fa000 	C:\WINDOWS\SYSTEM32\VERSION.dll
0x00007ff8ac8b0000 - 0x00007ff8ac91b000 	C:\WINDOWS\System32\WS2_32.dll
0x00007ff8a8c60000 - 0x00007ff8a8c72000 	C:\WINDOWS\SYSTEM32\kernel.appcore.dll
0x00007ff8a67e0000 - 0x00007ff8a67f1000 	C:\Program Files\Android\Android Studio1\jre\bin\verify.dll
0x00007ff893e70000 - 0x00007ff894054000 	C:\WINDOWS\SYSTEM32\DBGHELP.DLL
0x00007ff894110000 - 0x00007ff89413c000 	C:\WINDOWS\SYSTEM32\dbgcore.DLL
0x00007ff8aad20000 - 0x00007ff8aada0000 	C:\WINDOWS\System32\bcryptPrimitives.dll
0x00007ff8a4df0000 - 0x00007ff8a4e19000 	C:\Program Files\Android\Android Studio1\jre\bin\java.dll
0x00007ff8a58a0000 - 0x00007ff8a58ab000 	C:\Program Files\Android\Android Studio1\jre\bin\jimage.dll
0x00007ff8a5790000 - 0x00007ff8a57a8000 	C:\Program Files\Android\Android Studio1\jre\bin\zip.dll
0x00007ff8ab950000 - 0x00007ff8ac092000 	C:\WINDOWS\System32\SHELL32.dll
0x00007ff8a8e60000 - 0x00007ff8a95f0000 	C:\WINDOWS\SYSTEM32\windows.storage.dll
0x00007ff8acbe0000 - 0x00007ff8acf35000 	C:\WINDOWS\System32\combase.dll
0x00007ff8aa6f0000 - 0x00007ff8aa71c000 	C:\WINDOWS\SYSTEM32\Wldp.dll
0x00007ff8aca60000 - 0x00007ff8acb0e000 	C:\WINDOWS\System32\SHCORE.dll
0x00007ff8ac690000 - 0x00007ff8ac6e5000 	C:\WINDOWS\System32\shlwapi.dll
0x00007ff8aac30000 - 0x00007ff8aac4f000 	C:\WINDOWS\SYSTEM32\profapi.dll
0x00007ff8a5740000 - 0x00007ff8a575a000 	C:\Program Files\Android\Android Studio1\jre\bin\net.dll
0x00007ff8a0f50000 - 0x00007ff8a105b000 	C:\WINDOWS\SYSTEM32\WINHTTP.dll
0x00007ff8aa400000 - 0x00007ff8aa46a000 	C:\WINDOWS\system32\mswsock.dll
0x00007ff8a3d40000 - 0x00007ff8a3d54000 	C:\Program Files\Android\Android Studio1\jre\bin\nio.dll
0x00007ff890620000 - 0x00007ff890646000 	C:\Users\USER\.gradle\native\31\windows-amd64\native-platform.dll
0x00007ff8a5890000 - 0x00007ff8a589a000 	C:\Program Files\Android\Android Studio1\jre\bin\management.dll
0x00007ff8a4de0000 - 0x00007ff8a4dec000 	C:\Program Files\Android\Android Studio1\jre\bin\management_ext.dll
0x00007ff8aa5e0000 - 0x00007ff8aa5f8000 	C:\WINDOWS\SYSTEM32\CRYPTSP.dll
0x00007ff8a9da0000 - 0x00007ff8a9dd4000 	C:\WINDOWS\system32\rsaenh.dll
0x00007ff8aacf0000 - 0x00007ff8aad17000 	C:\WINDOWS\System32\bcrypt.dll
0x00007ff8aabb0000 - 0x00007ff8aabde000 	C:\WINDOWS\SYSTEM32\USERENV.dll
0x00007ff8aa5d0000 - 0x00007ff8aa5dc000 	C:\WINDOWS\SYSTEM32\CRYPTBASE.dll
0x00007ff8aa0f0000 - 0x00007ff8aa12b000 	C:\WINDOWS\SYSTEM32\IPHLPAPI.DLL
0x00007ff8ac8a0000 - 0x00007ff8ac8a8000 	C:\WINDOWS\System32\NSI.dll
0x00007ff8a4740000 - 0x00007ff8a4757000 	C:\WINDOWS\SYSTEM32\dhcpcsvc6.DLL
0x00007ff8a4720000 - 0x00007ff8a473d000 	C:\WINDOWS\SYSTEM32\dhcpcsvc.DLL
0x00007ff8aa130000 - 0x00007ff8aa1fc000 	C:\WINDOWS\SYSTEM32\DNSAPI.dll

dbghelp: loaded successfully - version: 4.0.5 - missing functions: none
symbol engine: initialized successfully - sym options: 0x614 - pdb path: .;C:\Program Files\Android\Android Studio1\jre\bin;C:\WINDOWS\SYSTEM32;C:\WINDOWS\WinSxS\amd64_microsoft.windows.common-controls_6595b64144ccf1df_6.0.19041.844_none_ca00b6081b84eb1d;C:\Program Files\Android\Android Studio1\jre\bin\server;C:\Users\USER\.gradle\native\31\windows-amd64

VM Arguments:
jvm_args: --add-opens=java.base/java.util=ALL-UNNAMED --add-opens=java.base/java.lang=ALL-UNNAMED --add-opens=java.base/java.lang.invoke=ALL-UNNAMED --add-opens=java.prefs/java.util.prefs=ALL-UNNAMED -Xmx2048m -Dfile.encoding=x-windows-949 -Duser.country=KR -Duser.language=ko -Duser.variant 
java_command: org.gradle.launcher.daemon.bootstrap.GradleDaemon 6.1.1
java_class_path (initial): C:\Users\USER\.gradle\wrapper\dists\gradle-6.1.1-all\cfmwm155h49vnt3hynmlrsdst\gradle-6.1.1\lib\gradle-launcher-6.1.1.jar
Launcher Type: SUN_STANDARD

[Global flags]
     intx CICompilerCount                          = 3                                         {product} {ergonomic}
     uint ConcGCThreads                            = 2                                         {product} {ergonomic}
     uint G1ConcRefinementThreads                  = 6                                         {product} {ergonomic}
   size_t G1HeapRegionSize                         = 1048576                                   {product} {ergonomic}
    uintx GCDrainStackTargetSize                   = 64                                        {product} {ergonomic}
   size_t InitialHeapSize                          = 268435456                                 {product} {ergonomic}
   size_t MarkStackSize                            = 4194304                                   {product} {ergonomic}
   size_t MaxHeapSize                              = 2147483648                                {product} {command line}
   size_t MaxNewSize                               = 1287651328                                {product} {ergonomic}
   size_t MinHeapDeltaBytes                        = 1048576                                   {product} {ergonomic}
    uintx NonNMethodCodeHeapSize                   = 5830732                                {pd product} {ergonomic}
    uintx NonProfiledCodeHeapSize                  = 122913754                              {pd product} {ergonomic}
    uintx ProfiledCodeHeapSize                     = 122913754                              {pd product} {ergonomic}
    uintx ReservedCodeCacheSize                    = 251658240                              {pd product} {ergonomic}
     bool SegmentedCodeCache                       = true                                      {product} {ergonomic}
     bool UseCompressedClassPointers               = true                                 {lp64_product} {ergonomic}
     bool UseCompressedOops                        = true                                 {lp64_product} {ergonomic}
     bool UseG1GC                                  = true                                      {product} {ergonomic}
     bool UseLargePagesIndividualAllocation        = false                                  {pd product} {ergonomic}

Logging:
Log output configuration:
 #0: stdout all=warning uptime,level,tags
 #1: stderr all=off uptime,level,tags

Environment Variables:
JAVA_HOME=C:\Program Files\Java\jdk1.8.0_241
PATH=C:\oraclexe\app\oracle\product\11.2.0\server\bin;C:\Program Files (x86)\Common Files\Oracle\Java\javapath;C:\Windows\system32;C:\Windows;C:\Windows\System32\Wbem;C:\Windows\System32\WindowsPowerShell\v1.0\;C:\Windows\System32\OpenSSH\;C:\Program Files\NVIDIA Corporation\NVIDIA NvDLISR;C:\Program Files (x86)\NVIDIA Corporation\PhysX\Common;C:\WINDOWS\system32;C:\WINDOWS;C:\WINDOWS\System32\Wbem;C:\WINDOWS\System32\WindowsPowerShell\v1.0\;C:\WINDOWS\System32\OpenSSH\;C:\Program Files (x86)\IVI Foundation\VISA\WinNT\Bin\;C:\Program Files\IVI Foundation\VISA\Win64\Bin\;C:\Program Files (x86)\IVI Foundation\VISA\WinNT\Bin;C:\Program Files\dotnet\;C:\Program Files\Microsoft SQL Server\130\Tools\Binn\;C:\Program Files\Microsoft SQL Server\Client SDK\ODBC\170\Tools\Binn\;C:\Program Files\Java\jdk1.8.0_241\bin;C:\Program Files\Git\cmd;C:\Program Files\MySQL\MySQL Shell 8.0\bin\;C:\it\Scripts\;C:\it\;C:\Users\USER\AppData\Local\Microsoft\WindowsApps;C:\Program Files\Bandizip\;C:\Program Files\Java\jdk1.8.0_241\bin;C:\Program Files\Java\jdk-14\bin;C:\Program Files\JetBrains\PyCharm Community Edition 2020.3.2\bin;C:\Users\USER\AppData\Local\GitHubDesktop\bin;C:\Users\USER\AppData\Local\atom\bin;C:\Users\USER\AppData\Local\afreeca
USERNAME=USER
OS=Windows_NT
PROCESSOR_IDENTIFIER=Intel64 Family 6 Model 158 Stepping 10, GenuineIntel



---------------  S Y S T E M  ---------------

OS: Windows 10 , 64 bit Build 19041 (10.0.19041.928)
OS uptime: 0 days 3:54 hours

CPU:total 6 (initial active 6) (6 cores per cpu, 1 threads per core) family 6 model 158 stepping 10, cmov, cx8, fxsr, mmx, sse, sse2, sse3, ssse3, sse4.1, sse4.2, popcnt, avx, avx2, aes, clmul, erms, 3dnowpref, lzcnt, tsc, tscinvbit, bmi1, bmi2, adx, fma

Memory: 4k page, system-wide physical 16318M (4015M free)
TotalPageFile size 16318M (AvailPageFile size 4M)
current process WorkingSet (physical memory assigned to process): 412M, peak: 412M
current process commit charge ("private bytes"): 511M, peak: 512M

vm_info: OpenJDK 64-Bit Server VM (11.0.8+10-b944.6842174) for windows-amd64 JRE (11.0.8+10-b944.6842174), built on Sep 19 2020 01:11:42 by "builder" with MS VC++ 14.0 (VS2015)

END.
