#
# There is insufficient memory for the Java Runtime Environment to continue.
# Native memory allocation (mmap) failed to map 142606336 bytes for Failed to commit area from 0x0000000093400000 to 0x000000009bc00000 of length 142606336.
# Possible reasons:
#   The system is out of physical RAM or swap space
#   The process is running with CompressedOops enabled, and the Java Heap may be blocking the growth of the native heap
# Possible solutions:
#   Reduce memory load on the system
#   Increase physical memory or swap space
#   Check if swap backing store is full
#   Decrease Java heap size (-Xmx/-Xms)
#   Decrease number of Java threads
#   Decrease Java thread stack sizes (-Xss)
#   Set larger code cache with -XX:ReservedCodeCacheSize=
#   JVM is running with Unscaled Compressed Oops mode in which the Java heap is
#     placed in the first 4GB address space. The Java Heap base address is the
#     maximum limit for the native heap growth. Please use -XX:HeapBaseMinAddress
#     to set the Java Heap base and to place the Java Heap above 4GB virtual address.
# This output file may be truncated or incomplete.
#
#  Out of Memory Error (./src/hotspot/os/windows/os_windows.cpp:3303), pid=14792, tid=23976
#
# JRE version: OpenJDK Runtime Environment (11.0.8+10) (build 11.0.8+10-b944.6842174)
# Java VM: OpenJDK 64-Bit Server VM (11.0.8+10-b944.6842174, mixed mode, tiered, compressed oops, g1 gc, windows-amd64)
# No core dump will be written. Minidumps are not enabled by default on client versions of Windows
#

---------------  S U M M A R Y ------------

Command Line: --add-opens=java.base/java.util=ALL-UNNAMED --add-opens=java.base/java.lang=ALL-UNNAMED --add-opens=java.base/java.lang.invoke=ALL-UNNAMED --add-opens=java.prefs/java.util.prefs=ALL-UNNAMED -Xmx2048m -Dfile.encoding=x-windows-949 -Duser.country=KR -Duser.language=ko -Duser.variant org.gradle.launcher.daemon.bootstrap.GradleDaemon 6.1.1

Host: Intel(R) Core(TM) i5-9400F CPU @ 2.90GHz, 6 cores, 15G,  Windows 10 , 64 bit Build 19041 (10.0.19041.928)
Time: Sat May 29 15:17:33 2021 대한민국 표준시 elapsed time: 20 seconds (0d 0h 0m 20s)

---------------  T H R E A D  ---------------

Current thread (0x00000210c14e4800):  VMThread "VM Thread" [stack: 0x0000002d48900000,0x0000002d48a00000] [id=23976]

Stack: [0x0000002d48900000,0x0000002d48a00000]
[error occurred during error reporting (printing stack bounds), id 0xc0000005, EXCEPTION_ACCESS_VIOLATION (0xc0000005) at pc=0x00000210a9f90dad]

Native frames: (J=compiled Java code, j=interpreted, Vv=VM code, C=native code)
V  [jvm.dll+0x5de50a]
V  [jvm.dll+0x7122f5]
V  [jvm.dll+0x71384d]
V  [jvm.dll+0x713e65]
V  [jvm.dll+0x713e1b]
V  [jvm.dll+0x5dd958]
V  [jvm.dll+0x5de0f8]
C  [ntdll.dll+0xa217f]
C  [ntdll.dll+0x51454]
C  [ntdll.dll+0xa0cae]
C  0x00000210a9f90dad

VM_Operation (0x0000002d4bbf96f0): G1CollectForAllocation, mode: safepoint, requested by thread 0x00000210c61c7800


---------------  P R O C E S S  ---------------

Threads class SMR info:
_java_thread_list=0x00000210c6f31060, length=64, elements={
0x00000210a4e1c000, 0x00000210c14e8800, 0x00000210c14eb800, 0x00000210c155a800,
0x00000210c155c000, 0x00000210c155d000, 0x00000210c1568000, 0x00000210c158d000,
0x00000210c16f5000, 0x00000210c16fe000, 0x00000210c33eb800, 0x00000210c36fe800,
0x00000210c2748800, 0x00000210c2f68800, 0x00000210c2d1b800, 0x00000210c2e77000,
0x00000210c2e78800, 0x00000210c2e79000, 0x00000210c341b000, 0x00000210c3484000,
0x00000210c2e35800, 0x00000210c374f800, 0x00000210c374f000, 0x00000210c3752000,
0x00000210c374d800, 0x00000210c3751800, 0x00000210c3750800, 0x00000210c374c800,
0x00000210c374e000, 0x00000210c61bd800, 0x00000210c61be800, 0x00000210c61bf800,
0x00000210c61c0000, 0x00000210c61c1000, 0x00000210c61bb800, 0x00000210c61bd000,
0x00000210c61c2000, 0x00000210c61bc000, 0x00000210c61c6800, 0x00000210c61c8800,
0x00000210c61c6000, 0x00000210c61c4000, 0x00000210c61c7800, 0x00000210c61c2800,
0x00000210c61c9000, 0x00000210c61c3800, 0x00000210c61ca000, 0x00000210c61c5000,
0x00000210c75b0800, 0x00000210c75ac800, 0x00000210c75ad000, 0x00000210c75ae000,
0x00000210c75af000, 0x00000210c75af800, 0x00000210c75b4800, 0x00000210c75b5800,
0x00000210c75b7000, 0x00000210c75b6000, 0x00000210c75b8000, 0x00000210c75b2000,
0x00000210c75b8800, 0x00000210c75ab800, 0x00000210c75b3000, 0x00000210c75b9800
}

Java Threads: ( => current thread )
  0x00000210a4e1c000 JavaThread "main" [_thread_blocked, id=23788, stack(0x0000002d48300000,0x0000002d48400000)]
  0x00000210c14e8800 JavaThread "Reference Handler" daemon [_thread_blocked, id=23972, stack(0x0000002d48a00000,0x0000002d48b00000)]
  0x00000210c14eb800 JavaThread "Finalizer" daemon [_thread_blocked, id=23968, stack(0x0000002d48b00000,0x0000002d48c00000)]
  0x00000210c155a800 JavaThread "Signal Dispatcher" daemon [_thread_blocked, id=23964, stack(0x0000002d48c00000,0x0000002d48d00000)]
  0x00000210c155c000 JavaThread "Attach Listener" daemon [_thread_blocked, id=23740, stack(0x0000002d48d00000,0x0000002d48e00000)]
  0x00000210c155d000 JavaThread "C2 CompilerThread0" daemon [_thread_in_native, id=23736, stack(0x0000002d48e00000,0x0000002d48f00000)]
  0x00000210c1568000 JavaThread "C1 CompilerThread0" daemon [_thread_blocked, id=23732, stack(0x0000002d48f00000,0x0000002d49000000)]
  0x00000210c158d000 JavaThread "Sweeper thread" daemon [_thread_blocked, id=23712, stack(0x0000002d49000000,0x0000002d49100000)]
  0x00000210c16f5000 JavaThread "Common-Cleaner" daemon [_thread_blocked, id=23708, stack(0x0000002d49100000,0x0000002d49200000)]
  0x00000210c16fe000 JavaThread "Service Thread" daemon [_thread_blocked, id=23704, stack(0x0000002d49200000,0x0000002d49300000)]
  0x00000210c33eb800 JavaThread "Daemon health stats" [_thread_blocked, id=23020, stack(0x0000002d49a00000,0x0000002d49b00000)]
  0x00000210c36fe800 JavaThread "Incoming local TCP Connector on port 3450" [_thread_in_native, id=24176, stack(0x0000002d49400000,0x0000002d49500000)]
  0x00000210c2748800 JavaThread "Daemon periodic checks" [_thread_blocked, id=24172, stack(0x0000002d49b00000,0x0000002d49c00000)]
  0x00000210c2f68800 JavaThread "Daemon" [_thread_blocked, id=24140, stack(0x0000002d49c00000,0x0000002d49d00000)]
  0x00000210c2d1b800 JavaThread "Handler for socket connection from /127.0.0.1:3450 to /127.0.0.1:3451" [_thread_in_native, id=24132, stack(0x0000002d49d00000,0x0000002d49e00000)]
  0x00000210c2e77000 JavaThread "Cancel handler" [_thread_blocked, id=24128, stack(0x0000002d49e00000,0x0000002d49f00000)]
  0x00000210c2e78800 JavaThread "Daemon worker" [_thread_blocked, id=24124, stack(0x0000002d49f00000,0x0000002d4a000000)]
  0x00000210c2e79000 JavaThread "Asynchronous log dispatcher for DefaultDaemonConnection: socket connection from /127.0.0.1:3450 to /127.0.0.1:3451" [_thread_blocked, id=24092, stack(0x0000002d4a100000,0x0000002d4a200000)]
  0x00000210c341b000 JavaThread "Stdin handler" [_thread_blocked, id=24088, stack(0x0000002d4a200000,0x0000002d4a300000)]
  0x00000210c3484000 JavaThread "Thread-8" [_thread_blocked, id=24208, stack(0x0000002d4a300000,0x0000002d4a400000)]
  0x00000210c2e35800 JavaThread "Cache worker for journal cache (C:\Users\USER\.gradle\caches\journal-1)" [_thread_blocked, id=24148, stack(0x0000002d4a400000,0x0000002d4a500000)]
  0x00000210c374f800 JavaThread "File lock request listener" [_thread_in_native, id=24144, stack(0x0000002d4a500000,0x0000002d4a600000)]
  0x00000210c374f000 JavaThread "Cache worker for file hash cache (C:\Users\USER\.gradle\caches\6.1.1\fileHashes)" [_thread_blocked, id=24064, stack(0x0000002d4a600000,0x0000002d4a700000)]
  0x00000210c3752000 JavaThread "Cache worker for checksums cache (C:\Users\USER\Documents\frontend\.gradle\checksums)" [_thread_blocked, id=11684, stack(0x0000002d4a800000,0x0000002d4a900000)]
  0x00000210c374d800 JavaThread "Cache worker for file hash cache (C:\Users\USER\Documents\frontend\.gradle\6.1.1\fileHashes)" [_thread_blocked, id=13336, stack(0x0000002d4a900000,0x0000002d4aa00000)]
  0x00000210c3751800 JavaThread "Cache worker for cache directory md-supplier (C:\Users\USER\.gradle\caches\6.1.1\md-supplier)" [_thread_blocked, id=24328, stack(0x0000002d4aa00000,0x0000002d4ab00000)]
  0x00000210c3750800 JavaThread "Cache worker for cache directory md-rule (C:\Users\USER\.gradle\caches\6.1.1\md-rule)" [_thread_blocked, id=24352, stack(0x0000002d4ab00000,0x0000002d4ac00000)]
  0x00000210c374c800 JavaThread "Cache worker for execution history cache (C:\Users\USER\.gradle\caches\6.1.1\executionHistory)" [_thread_blocked, id=24456, stack(0x0000002d4ac00000,0x0000002d4ad00000)]
  0x00000210c374e000 JavaThread "Build operations" [_thread_blocked, id=24504, stack(0x0000002d4ad00000,0x0000002d4ae00000)]
  0x00000210c61bd800 JavaThread "Build operations Thread 2" [_thread_blocked, id=24500, stack(0x0000002d4ae00000,0x0000002d4af00000)]
  0x00000210c61be800 JavaThread "Build operations Thread 3" [_thread_blocked, id=24488, stack(0x0000002d4af00000,0x0000002d4b000000)]
  0x00000210c61bf800 JavaThread "Build operations Thread 4" [_thread_blocked, id=24544, stack(0x0000002d4b000000,0x0000002d4b100000)]
  0x00000210c61c0000 JavaThread "Build operations Thread 5" [_thread_blocked, id=24548, stack(0x0000002d4b100000,0x0000002d4b200000)]
  0x00000210c61c1000 JavaThread "Build operations Thread 6" [_thread_blocked, id=23564, stack(0x0000002d4b200000,0x0000002d4b300000)]
  0x00000210c61bb800 JavaThread "Cache worker for Build Output Cleanup Cache (C:\Users\USER\Documents\frontend\.gradle\buildOutputCleanup)" [_thread_blocked, id=22904, stack(0x0000002d4b300000,0x0000002d4b400000)]
  0x00000210c61bd000 JavaThread "Memory manager" [_thread_blocked, id=23628, stack(0x0000002d4b400000,0x0000002d4b500000)]
  0x00000210c61c2000 JavaThread "Cache worker for file content cache (C:\Users\USER\.gradle\caches\6.1.1\fileContent)" [_thread_blocked, id=21488, stack(0x0000002d4b500000,0x0000002d4b600000)]
  0x00000210c61bc000 JavaThread "Cache worker for file content cache (C:\Users\USER\Documents\frontend\.gradle\6.1.1\fileContent)" [_thread_blocked, id=23624, stack(0x0000002d4b600000,0x0000002d4b700000)]
  0x00000210c61c6800 JavaThread "Execution worker for ':'" [_thread_blocked, id=16696, stack(0x0000002d4b700000,0x0000002d4b800000)]
  0x00000210c61c8800 JavaThread "Execution worker for ':' Thread 2" [_thread_blocked, id=23676, stack(0x0000002d4b800000,0x0000002d4b900000)]
  0x00000210c61c6000 JavaThread "Execution worker for ':' Thread 3" [_thread_blocked, id=23680, stack(0x0000002d4b900000,0x0000002d4ba00000)]
  0x00000210c61c4000 JavaThread "Execution worker for ':' Thread 4" [_thread_blocked, id=23660, stack(0x0000002d4ba00000,0x0000002d4bb00000)]
  0x00000210c61c7800 JavaThread "Execution worker for ':' Thread 5" [_thread_blocked, id=23828, stack(0x0000002d4bb00000,0x0000002d4bc00000)]
  0x00000210c61c2800 JavaThread "Cache worker for execution history cache (C:\Users\USER\Documents\frontend\.gradle\6.1.1\executionHistory)" [_thread_blocked, id=23684, stack(0x0000002d4bc00000,0x0000002d4bd00000)]
  0x00000210c61c9000 JavaThread "WorkerExecutor Queue" [_thread_blocked, id=23876, stack(0x0000002d4bd00000,0x0000002d4be00000)]
  0x00000210c61c3800 JavaThread "pool-2-thread-1" [_thread_blocked, id=23960, stack(0x0000002d4a000000,0x0000002d4a100000)]
  0x00000210c61ca000 JavaThread "stderr" [_thread_in_native, id=23752, stack(0x0000002d4bf00000,0x0000002d4c000000)]
  0x00000210c61c5000 JavaThread "stdout" [_thread_in_native, id=22356, stack(0x0000002d4c000000,0x0000002d4c100000)]
  0x00000210c75b0800 JavaThread "stderr" [_thread_in_native, id=22432, stack(0x0000002d4c100000,0x0000002d4c200000)]
  0x00000210c75ac800 JavaThread "stdout" [_thread_in_native, id=20660, stack(0x0000002d4c200000,0x0000002d4c300000)]
  0x00000210c75ad000 JavaThread "stderr" [_thread_in_native, id=23656, stack(0x0000002d4c300000,0x0000002d4c400000)]
  0x00000210c75ae000 JavaThread "stdout" [_thread_in_native, id=23652, stack(0x0000002d4c400000,0x0000002d4c500000)]
  0x00000210c75af000 JavaThread "stderr" [_thread_in_native, id=22780, stack(0x0000002d4c500000,0x0000002d4c600000)]
  0x00000210c75af800 JavaThread "stdout" [_thread_in_native, id=20620, stack(0x0000002d4c600000,0x0000002d4c700000)]
  0x00000210c75b4800 JavaThread "WorkerExecutor Queue Thread 2" [_thread_blocked, id=24392, stack(0x0000002d4c800000,0x0000002d4c900000)]
  0x00000210c75b5800 JavaThread "WorkerExecutor Queue Thread 3" [_thread_blocked, id=24404, stack(0x0000002d4c900000,0x0000002d4ca00000)]
  0x00000210c75b7000 JavaThread "WorkerExecutor Queue Thread 4" [_thread_blocked, id=24400, stack(0x0000002d4ca00000,0x0000002d4cb00000)]
  0x00000210c75b6000 JavaThread "WorkerExecutor Queue Thread 5" [_thread_blocked, id=24428, stack(0x0000002d4cb00000,0x0000002d4cc00000)]
  0x00000210c75b8000 JavaThread "WorkerExecutor Queue Thread 6" [_thread_blocked, id=24396, stack(0x0000002d4cc00000,0x0000002d4cd00000)]
  0x00000210c75b2000 JavaThread "stderr" [_thread_in_native, id=24368, stack(0x0000002d4cd00000,0x0000002d4ce00000)]
  0x00000210c75b8800 JavaThread "stdout" [_thread_in_native, id=24360, stack(0x0000002d4ce00000,0x0000002d4cf00000)]
  0x00000210c75ab800 JavaThread "C2 CompilerThread1" daemon [_thread_in_native, id=22652, stack(0x0000002d4c700000,0x0000002d4c800000)]
  0x00000210c75b3000 JavaThread "Cache worker for Java compile cache (C:\Users\USER\.gradle\caches\6.1.1\javaCompile)" [_thread_blocked, id=24164, stack(0x0000002d4cf00000,0x0000002d4d000000)]
  0x00000210c75b9800 JavaThread "Cache worker for Java compile cache (C:\Users\USER\Documents\frontend\.gradle\6.1.1\javaCompile)" [_thread_blocked, id=24168, stack(0x0000002d4d000000,0x0000002d4d100000)]

Other Threads:
=>0x00000210c14e4800 VMThread "VM Thread" [stack: 0x0000002d48900000,0x0000002d48a00000] [id=23976]
  0x00000210c1713000 WatcherThread [stack: 0x0000002d49300000,0x0000002d49400000] [id=23672]
  0x00000210a4e34000 GCTaskThread "GC Thread#0" [stack: 0x0000002d48400000,0x0000002d48500000] [id=23764]
  0x00000210c2089000 GCTaskThread "GC Thread#1" [stack: 0x0000002d49500000,0x0000002d49600000] [id=24008]
  0x00000210c2085800 GCTaskThread "GC Thread#2" [stack: 0x0000002d49600000,0x0000002d49700000] [id=24068]
  0x00000210c2086000 GCTaskThread "GC Thread#3" [stack: 0x0000002d49700000,0x0000002d49800000] [id=24096]
  0x00000210c2086800 GCTaskThread "GC Thread#4" [stack: 0x0000002d49800000,0x0000002d49900000] [id=24072]
  0x00000210c20d5000 GCTaskThread "GC Thread#5" [stack: 0x0000002d49900000,0x0000002d49a00000] [id=24100]
  0x00000210a4e66800 ConcurrentGCThread "G1 Main Marker" [stack: 0x0000002d48500000,0x0000002d48600000] [id=23760]
  0x00000210a4e69800 ConcurrentGCThread "G1 Conc#0" [stack: 0x0000002d48600000,0x0000002d48700000] [id=23748]
  0x00000210c377c800 ConcurrentGCThread "G1 Conc#1" [stack: 0x0000002d4a700000,0x0000002d4a800000] [id=24060]
  0x00000210c0b30800 ConcurrentGCThread "G1 Refine#0" [stack: 0x0000002d48700000,0x0000002d48800000] [id=23744]
  0x00000210c0b31800 ConcurrentGCThread "G1 Young RemSet Sampling" [stack: 0x0000002d48800000,0x0000002d48900000] [id=23980]

Threads with active compile tasks:
C2 CompilerThread0  20903 17415 %     4       com.android.tools.r8.ir.regalloc.a::a @ 2151 (3993 bytes)
C2 CompilerThread1  20903 16421       4       com.android.tools.r8.ir.regalloc.a::a (264 bytes)

VM state:at safepoint (normal execution)

VM Mutex/Monitor currently owned by a thread:  ([mutex/lock_event])
[0x00000210a4e180f0] Threads_lock - owner thread: 0x00000210c14e4800
[0x00000210a4e18e70] Heap_lock - owner thread: 0x00000210c61c7800

Heap address: 0x0000000080000000, size: 2048 MB, Compressed Oops mode: 32-bit
Narrow klass base: 0x0000000000000000, Narrow klass shift: 3
Compressed class space size: 1073741824 Address: 0x0000000100000000

Heap:
 garbage-first heap   total 454656K, used 121575K [0x0000000080000000, 0x0000000100000000)
  region size 1024K, 8 young (8192K), 8 survivors (8192K)
 Metaspace       used 106239K, capacity 108826K, committed 108968K, reserved 1144832K
  class space    used 13272K, capacity 14172K, committed 14208K, reserved 1048576K
Heap Regions: E=young(eden), S=young(survivor), O=old, HS=humongous(starts), HC=humongous(continues), CS=collection set, F=free, A=archive, TAMS=top-at-mark-start (previous, next)
|   0|0x0000000080000000, 0x0000000080100000, 0x0000000080100000|100%| O|  |TAMS 0x0000000080100000, 0x0000000080000000| Untracked 
|   1|0x0000000080100000, 0x0000000080200000, 0x0000000080200000|100%| O|  |TAMS 0x0000000080200000, 0x0000000080100000| Untracked 
|   2|0x0000000080200000, 0x0000000080300000, 0x0000000080300000|100%| O|  |TAMS 0x0000000080300000, 0x0000000080200000| Untracked 
|   3|0x0000000080300000, 0x0000000080400000, 0x0000000080400000|100%|HS|  |TAMS 0x0000000080400000, 0x0000000080300000| Complete 
|   4|0x0000000080400000, 0x0000000080500000, 0x0000000080500000|100%|HC|  |TAMS 0x0000000080500000, 0x0000000080400000| Complete 
|   5|0x0000000080500000, 0x0000000080600000, 0x0000000080600000|100%|HC|  |TAMS 0x0000000080600000, 0x0000000080500000| Complete 
|   6|0x0000000080600000, 0x0000000080700000, 0x0000000080700000|100%| O|  |TAMS 0x0000000080700000, 0x0000000080600000| Untracked 
|   7|0x0000000080700000, 0x0000000080800000, 0x0000000080800000|100%| O|  |TAMS 0x0000000080800000, 0x0000000080700000| Untracked 
|   8|0x0000000080800000, 0x0000000080900000, 0x0000000080900000|100%| O|  |TAMS 0x0000000080900000, 0x0000000080800000| Untracked 
|   9|0x0000000080900000, 0x0000000080a00000, 0x0000000080a00000|100%| O|  |TAMS 0x0000000080a00000, 0x0000000080900000| Untracked 
|  10|0x0000000080a00000, 0x0000000080b00000, 0x0000000080b00000|100%| O|  |TAMS 0x0000000080b00000, 0x0000000080a00000| Untracked 
|  11|0x0000000080b00000, 0x0000000080c00000, 0x0000000080c00000|100%| O|  |TAMS 0x0000000080c00000, 0x0000000080b00000| Untracked 
|  12|0x0000000080c00000, 0x0000000080d00000, 0x0000000080d00000|100%| O|  |TAMS 0x0000000080d00000, 0x0000000080c00000| Untracked 
|  13|0x0000000080d00000, 0x0000000080e00000, 0x0000000080e00000|100%| O|  |TAMS 0x0000000080e00000, 0x0000000080d00000| Untracked 
|  14|0x0000000080e00000, 0x0000000080f00000, 0x0000000080f00000|100%| O|  |TAMS 0x0000000080f00000, 0x0000000080e00000| Untracked 
|  15|0x0000000080f00000, 0x0000000081000000, 0x0000000081000000|100%| O|  |TAMS 0x0000000081000000, 0x0000000080f00000| Untracked 
|  16|0x0000000081000000, 0x0000000081100000, 0x0000000081100000|100%|HS|  |TAMS 0x0000000081100000, 0x0000000081000000| Complete 
|  17|0x0000000081100000, 0x0000000081200000, 0x0000000081200000|100%|HC|  |TAMS 0x0000000081200000, 0x0000000081100000| Complete 
|  18|0x0000000081200000, 0x0000000081300000, 0x0000000081300000|100%|HS|  |TAMS 0x0000000081300000, 0x0000000081200000| Complete 
|  19|0x0000000081300000, 0x0000000081400000, 0x0000000081400000|100%|HC|  |TAMS 0x0000000081400000, 0x0000000081300000| Complete 
|  20|0x0000000081400000, 0x0000000081500000, 0x0000000081500000|100%|HC|  |TAMS 0x0000000081500000, 0x0000000081400000| Complete 
|  21|0x0000000081500000, 0x0000000081600000, 0x0000000081600000|100%|HS|  |TAMS 0x0000000081600000, 0x0000000081500000| Complete 
|  22|0x0000000081600000, 0x0000000081700000, 0x0000000081700000|100%|HC|  |TAMS 0x0000000081700000, 0x0000000081600000| Complete 
|  23|0x0000000081700000, 0x0000000081800000, 0x0000000081800000|100%|HC|  |TAMS 0x0000000081800000, 0x0000000081700000| Complete 
|  24|0x0000000081800000, 0x0000000081900000, 0x0000000081900000|100%|HC|  |TAMS 0x0000000081900000, 0x0000000081800000| Complete 
|  25|0x0000000081900000, 0x0000000081a00000, 0x0000000081a00000|100%| O|  |TAMS 0x0000000081a00000, 0x0000000081900000| Untracked 
|  26|0x0000000081a00000, 0x0000000081b00000, 0x0000000081b00000|100%| O|  |TAMS 0x0000000081b00000, 0x0000000081a00000| Untracked 
|  27|0x0000000081b00000, 0x0000000081c00000, 0x0000000081c00000|100%| O|  |TAMS 0x0000000081c00000, 0x0000000081b00000| Untracked 
|  28|0x0000000081c00000, 0x0000000081d00000, 0x0000000081d00000|100%|HS|  |TAMS 0x0000000081d00000, 0x0000000081c00000| Complete 
|  29|0x0000000081d00000, 0x0000000081e00000, 0x0000000081e00000|100%|HC|  |TAMS 0x0000000081e00000, 0x0000000081d00000| Complete 
|  30|0x0000000081e00000, 0x0000000081f00000, 0x0000000081f00000|100%|HC|  |TAMS 0x0000000081f00000, 0x0000000081e00000| Complete 
|  31|0x0000000081f00000, 0x0000000082000000, 0x0000000082000000|100%|HS|  |TAMS 0x0000000082000000, 0x0000000081f00000| Complete 
|  32|0x0000000082000000, 0x0000000082100000, 0x0000000082100000|100%|HC|  |TAMS 0x0000000082100000, 0x0000000082000000| Complete 
|  33|0x0000000082100000, 0x0000000082200000, 0x0000000082200000|100%| O|  |TAMS 0x0000000082200000, 0x0000000082100000| Untracked 
|  34|0x0000000082200000, 0x0000000082300000, 0x0000000082300000|100%| O|  |TAMS 0x0000000082300000, 0x0000000082200000| Untracked 
|  35|0x0000000082300000, 0x0000000082400000, 0x0000000082400000|100%| O|  |TAMS 0x0000000082400000, 0x0000000082300000| Untracked 
|  36|0x0000000082400000, 0x0000000082500000, 0x0000000082500000|100%| O|  |TAMS 0x0000000082500000, 0x0000000082400000| Untracked 
|  37|0x0000000082500000, 0x0000000082600000, 0x0000000082600000|100%| O|  |TAMS 0x0000000082600000, 0x0000000082500000| Untracked 
|  38|0x0000000082600000, 0x0000000082700000, 0x0000000082700000|100%| O|  |TAMS 0x0000000082700000, 0x0000000082600000| Untracked 
|  39|0x0000000082700000, 0x0000000082800000, 0x0000000082800000|100%| O|  |TAMS 0x0000000082800000, 0x0000000082700000| Untracked 
|  40|0x0000000082800000, 0x0000000082900000, 0x0000000082900000|100%| O|  |TAMS 0x0000000082900000, 0x0000000082800000| Untracked 
|  41|0x0000000082900000, 0x0000000082a00000, 0x0000000082a00000|100%| O|  |TAMS 0x0000000082a00000, 0x0000000082900000| Untracked 
|  42|0x0000000082a00000, 0x0000000082b00000, 0x0000000082b00000|100%| O|  |TAMS 0x0000000082b00000, 0x0000000082a00000| Untracked 
|  43|0x0000000082b00000, 0x0000000082c00000, 0x0000000082c00000|100%| O|  |TAMS 0x0000000082c00000, 0x0000000082b00000| Untracked 
|  44|0x0000000082c00000, 0x0000000082d00000, 0x0000000082d00000|100%| O|  |TAMS 0x0000000082d00000, 0x0000000082c00000| Untracked 
|  45|0x0000000082d00000, 0x0000000082e00000, 0x0000000082e00000|100%| O|  |TAMS 0x0000000082e00000, 0x0000000082d00000| Untracked 
|  46|0x0000000082e00000, 0x0000000082f00000, 0x0000000082f00000|100%| O|  |TAMS 0x0000000082f00000, 0x0000000082e00000| Untracked 
|  47|0x0000000082f00000, 0x0000000083000000, 0x0000000083000000|100%| O|  |TAMS 0x0000000083000000, 0x0000000082f00000| Untracked 
|  48|0x0000000083000000, 0x0000000083100000, 0x0000000083100000|100%| O|  |TAMS 0x0000000083100000, 0x0000000083000000| Untracked 
|  49|0x0000000083100000, 0x0000000083200000, 0x0000000083200000|100%| O|  |TAMS 0x0000000083200000, 0x0000000083100000| Untracked 
|  50|0x0000000083200000, 0x0000000083300000, 0x0000000083300000|100%| O|  |TAMS 0x0000000083300000, 0x0000000083200000| Untracked 
|  51|0x0000000083300000, 0x0000000083400000, 0x0000000083400000|100%| O|  |TAMS 0x0000000083400000, 0x0000000083300000| Untracked 
|  52|0x0000000083400000, 0x0000000083500000, 0x0000000083500000|100%| O|  |TAMS 0x0000000083500000, 0x0000000083400000| Untracked 
|  53|0x0000000083500000, 0x0000000083600000, 0x0000000083600000|100%| O|  |TAMS 0x0000000083600000, 0x0000000083500000| Untracked 
|  54|0x0000000083600000, 0x0000000083700000, 0x0000000083700000|100%| O|  |TAMS 0x0000000083700000, 0x0000000083600000| Untracked 
|  55|0x0000000083700000, 0x0000000083800000, 0x0000000083800000|100%| O|  |TAMS 0x0000000083800000, 0x0000000083700000| Untracked 
|  56|0x0000000083800000, 0x0000000083900000, 0x0000000083900000|100%| O|  |TAMS 0x0000000083900000, 0x0000000083800000| Untracked 
|  57|0x0000000083900000, 0x0000000083a00000, 0x0000000083a00000|100%| O|  |TAMS 0x0000000083a00000, 0x0000000083900000| Untracked 
|  58|0x0000000083a00000, 0x0000000083b00000, 0x0000000083b00000|100%| O|  |TAMS 0x0000000083b00000, 0x0000000083a00000| Untracked 
|  59|0x0000000083b00000, 0x0000000083c00000, 0x0000000083c00000|100%| O|  |TAMS 0x0000000083c00000, 0x0000000083b00000| Untracked 
|  60|0x0000000083c00000, 0x0000000083d00000, 0x0000000083d00000|100%| O|  |TAMS 0x0000000083d00000, 0x0000000083c00000| Untracked 
|  61|0x0000000083d00000, 0x0000000083e00000, 0x0000000083e00000|100%| O|  |TAMS 0x0000000083e00000, 0x0000000083d00000| Untracked 
|  62|0x0000000083e00000, 0x0000000083f00000, 0x0000000083f00000|100%| O|  |TAMS 0x0000000083f00000, 0x0000000083e00000| Untracked 
|  63|0x0000000083f00000, 0x0000000084000000, 0x0000000084000000|100%| O|  |TAMS 0x0000000084000000, 0x0000000083f00000| Untracked 
|  64|0x0000000084000000, 0x0000000084100000, 0x0000000084100000|100%| O|  |TAMS 0x0000000084100000, 0x0000000084000000| Untracked 
|  65|0x0000000084100000, 0x0000000084200000, 0x0000000084200000|100%| O|  |TAMS 0x0000000084200000, 0x0000000084100000| Untracked 
|  66|0x0000000084200000, 0x0000000084300000, 0x0000000084300000|100%| O|  |TAMS 0x0000000084300000, 0x0000000084200000| Untracked 
|  67|0x0000000084300000, 0x0000000084400000, 0x0000000084400000|100%| O|  |TAMS 0x0000000084400000, 0x0000000084300000| Untracked 
|  68|0x0000000084400000, 0x0000000084500000, 0x0000000084500000|100%| O|  |TAMS 0x0000000084500000, 0x0000000084400000| Untracked 
|  69|0x0000000084500000, 0x0000000084600000, 0x0000000084600000|100%| O|  |TAMS 0x0000000084600000, 0x0000000084500000| Untracked 
|  70|0x0000000084600000, 0x0000000084700000, 0x0000000084700000|100%| O|  |TAMS 0x0000000084700000, 0x0000000084600000| Untracked 
|  71|0x0000000084700000, 0x0000000084800000, 0x0000000084800000|100%| O|  |TAMS 0x0000000084700000, 0x0000000084700000| Untracked 
|  72|0x0000000084800000, 0x0000000084900000, 0x0000000084900000|100%| O|  |TAMS 0x0000000084800000, 0x0000000084800000| Untracked 
|  73|0x0000000084900000, 0x0000000084a00000, 0x0000000084a00000|100%| O|  |TAMS 0x0000000084a00000, 0x0000000084900000| Untracked 
|  74|0x0000000084a00000, 0x0000000084b00000, 0x0000000084b00000|100%| O|  |TAMS 0x0000000084b00000, 0x0000000084a00000| Untracked 
|  75|0x0000000084b00000, 0x0000000084c00000, 0x0000000084c00000|100%| O|  |TAMS 0x0000000084c00000, 0x0000000084b00000| Untracked 
|  76|0x0000000084c00000, 0x0000000084d00000, 0x0000000084d00000|100%| O|  |TAMS 0x0000000084d00000, 0x0000000084c00000| Untracked 
|  77|0x0000000084d00000, 0x0000000084e00000, 0x0000000084e00000|100%| O|  |TAMS 0x0000000084e00000, 0x0000000084d00000| Untracked 
|  78|0x0000000084e00000, 0x0000000084f00000, 0x0000000084f00000|100%| O|  |TAMS 0x0000000084f00000, 0x0000000084e00000| Untracked 
|  79|0x0000000084f00000, 0x0000000085000000, 0x0000000085000000|100%| O|  |TAMS 0x0000000085000000, 0x0000000084f00000| Untracked 
|  80|0x0000000085000000, 0x0000000085100000, 0x0000000085100000|100%| O|  |TAMS 0x0000000085100000, 0x0000000085000000| Untracked 
|  81|0x0000000085100000, 0x0000000085200000, 0x0000000085200000|100%| O|  |TAMS 0x0000000085200000, 0x0000000085100000| Untracked 
|  82|0x0000000085200000, 0x0000000085300000, 0x0000000085300000|100%| O|  |TAMS 0x0000000085300000, 0x0000000085200000| Untracked 
|  83|0x0000000085300000, 0x0000000085400000, 0x0000000085400000|100%| O|  |TAMS 0x0000000085400000, 0x0000000085300000| Untracked 
|  84|0x0000000085400000, 0x0000000085500000, 0x0000000085500000|100%| O|  |TAMS 0x0000000085500000, 0x0000000085400000| Untracked 
|  85|0x0000000085500000, 0x0000000085600000, 0x0000000085600000|100%| O|  |TAMS 0x0000000085600000, 0x0000000085500000| Untracked 
|  86|0x0000000085600000, 0x0000000085700000, 0x0000000085700000|100%| O|  |TAMS 0x00000000856afa00, 0x0000000085600000| Untracked 
|  87|0x0000000085700000, 0x0000000085800000, 0x0000000085800000|100%| O|  |TAMS 0x0000000085700000, 0x0000000085700000| Untracked 
|  88|0x0000000085800000, 0x0000000085900000, 0x0000000085900000|100%| O|  |TAMS 0x0000000085800000, 0x0000000085800000| Untracked 
|  89|0x0000000085900000, 0x0000000085a00000, 0x0000000085a00000|100%| O|  |TAMS 0x0000000085900000, 0x0000000085900000| Untracked 
|  90|0x0000000085a00000, 0x0000000085b00000, 0x0000000085b00000|100%| O|  |TAMS 0x0000000085a00000, 0x0000000085a00000| Untracked 
|  91|0x0000000085b00000, 0x0000000085c00000, 0x0000000085c00000|100%| O|  |TAMS 0x0000000085b00000, 0x0000000085b00000| Untracked 
|  92|0x0000000085c00000, 0x0000000085d00000, 0x0000000085d00000|100%| O|  |TAMS 0x0000000085c00000, 0x0000000085c00000| Untracked 
|  93|0x0000000085d00000, 0x0000000085e00000, 0x0000000085e00000|100%| O|  |TAMS 0x0000000085d00000, 0x0000000085d00000| Untracked 
|  94|0x0000000085e00000, 0x0000000085f00000, 0x0000000085f00000|100%| O|  |TAMS 0x0000000085e00000, 0x0000000085e00000| Untracked 
|  95|0x0000000085f00000, 0x0000000086000000, 0x0000000086000000|100%| O|  |TAMS 0x0000000085f00000, 0x0000000085f00000| Untracked 
|  96|0x0000000086000000, 0x0000000086100000, 0x0000000086100000|100%| O|  |TAMS 0x0000000086000000, 0x0000000086000000| Untracked 
|  97|0x0000000086100000, 0x0000000086200000, 0x0000000086200000|100%| O|  |TAMS 0x0000000086100000, 0x0000000086100000| Untracked 
|  98|0x0000000086200000, 0x0000000086300000, 0x0000000086300000|100%| O|  |TAMS 0x0000000086200000, 0x0000000086200000| Untracked 
|  99|0x0000000086300000, 0x0000000086400000, 0x0000000086400000|100%| O|  |TAMS 0x0000000086300000, 0x0000000086300000| Untracked 
| 100|0x0000000086400000, 0x0000000086500000, 0x0000000086500000|100%| O|  |TAMS 0x0000000086400000, 0x0000000086400000| Untracked 
| 101|0x0000000086500000, 0x0000000086600000, 0x0000000086600000|100%| O|  |TAMS 0x0000000086500000, 0x0000000086500000| Untracked 
| 102|0x0000000086600000, 0x0000000086700000, 0x0000000086700000|100%| O|  |TAMS 0x0000000086600000, 0x0000000086600000| Untracked 
| 103|0x0000000086700000, 0x0000000086800000, 0x0000000086800000|100%| O|  |TAMS 0x0000000086700000, 0x0000000086700000| Untracked 
| 104|0x0000000086800000, 0x0000000086800000, 0x0000000086900000|  0%| F|  |TAMS 0x0000000086800000, 0x0000000086800000| Untracked 
| 105|0x0000000086900000, 0x0000000086a00000, 0x0000000086a00000|100%| O|  |TAMS 0x0000000086900000, 0x0000000086900000| Untracked 
| 106|0x0000000086a00000, 0x0000000086b00000, 0x0000000086b00000|100%| O|  |TAMS 0x0000000086a00000, 0x0000000086a00000| Untracked 
| 107|0x0000000086b00000, 0x0000000086c00000, 0x0000000086c00000|100%| O|  |TAMS 0x0000000086b00000, 0x0000000086b00000| Untracked 
| 108|0x0000000086c00000, 0x0000000086d00000, 0x0000000086d00000|100%| O|  |TAMS 0x0000000086c00000, 0x0000000086c00000| Untracked 
| 109|0x0000000086d00000, 0x0000000086e00000, 0x0000000086e00000|100%| O|  |TAMS 0x0000000086d00000, 0x0000000086d00000| Untracked 
| 110|0x0000000086e00000, 0x0000000086f00000, 0x0000000086f00000|100%| O|  |TAMS 0x0000000086e00000, 0x0000000086e00000| Untracked 
| 111|0x0000000086f00000, 0x0000000086fb9c00, 0x0000000087000000| 72%| O|  |TAMS 0x0000000086f00000, 0x0000000086f00000| Untracked 
| 112|0x0000000087000000, 0x0000000087000000, 0x0000000087100000|  0%| F|  |TAMS 0x0000000087000000, 0x0000000087000000| Untracked 
| 113|0x0000000087100000, 0x0000000087100000, 0x0000000087200000|  0%| F|  |TAMS 0x0000000087100000, 0x0000000087100000| Untracked 
| 114|0x0000000087200000, 0x0000000087200000, 0x0000000087300000|  0%| F|  |TAMS 0x0000000087200000, 0x0000000087200000| Untracked 
| 115|0x0000000087300000, 0x0000000087300000, 0x0000000087400000|  0%| F|  |TAMS 0x0000000087300000, 0x0000000087300000| Untracked 
| 116|0x0000000087400000, 0x0000000087400000, 0x0000000087500000|  0%| F|  |TAMS 0x0000000087400000, 0x0000000087400000| Untracked 
| 117|0x0000000087500000, 0x0000000087500000, 0x0000000087600000|  0%| F|  |TAMS 0x0000000087500000, 0x0000000087500000| Untracked 
| 118|0x0000000087600000, 0x0000000087600000, 0x0000000087700000|  0%| F|  |TAMS 0x0000000087600000, 0x0000000087600000| Untracked 
| 119|0x0000000087700000, 0x0000000087700000, 0x0000000087800000|  0%| F|  |TAMS 0x0000000087700000, 0x0000000087700000| Untracked 
| 120|0x0000000087800000, 0x0000000087800000, 0x0000000087900000|  0%| F|  |TAMS 0x0000000087800000, 0x0000000087800000| Untracked 
| 121|0x0000000087900000, 0x0000000087900000, 0x0000000087a00000|  0%| F|  |TAMS 0x0000000087900000, 0x0000000087900000| Untracked 
| 122|0x0000000087a00000, 0x0000000087a00000, 0x0000000087b00000|  0%| F|  |TAMS 0x0000000087a00000, 0x0000000087a00000| Untracked 
| 123|0x0000000087b00000, 0x0000000087b00000, 0x0000000087c00000|  0%| F|  |TAMS 0x0000000087b00000, 0x0000000087b00000| Untracked 
| 124|0x0000000087c00000, 0x0000000087c00000, 0x0000000087d00000|  0%| F|  |TAMS 0x0000000087c00000, 0x0000000087c00000| Untracked 
| 125|0x0000000087d00000, 0x0000000087d00000, 0x0000000087e00000|  0%| F|  |TAMS 0x0000000087d00000, 0x0000000087d00000| Untracked 
| 126|0x0000000087e00000, 0x0000000087e00000, 0x0000000087f00000|  0%| F|  |TAMS 0x0000000087e00000, 0x0000000087e00000| Untracked 
| 127|0x0000000087f00000, 0x0000000087f00000, 0x0000000088000000|  0%| F|  |TAMS 0x0000000087f00000, 0x0000000087f00000| Untracked 
| 128|0x0000000088000000, 0x0000000088000000, 0x0000000088100000|  0%| F|  |TAMS 0x0000000088000000, 0x0000000088000000| Untracked 
| 129|0x0000000088100000, 0x0000000088100000, 0x0000000088200000|  0%| F|  |TAMS 0x0000000088100000, 0x0000000088100000| Untracked 
| 130|0x0000000088200000, 0x0000000088200000, 0x0000000088300000|  0%| F|  |TAMS 0x0000000088200000, 0x0000000088200000| Untracked 
| 131|0x0000000088300000, 0x0000000088300000, 0x0000000088400000|  0%| F|  |TAMS 0x0000000088300000, 0x0000000088300000| Untracked 
| 132|0x0000000088400000, 0x0000000088400000, 0x0000000088500000|  0%| F|  |TAMS 0x0000000088400000, 0x0000000088400000| Untracked 
| 133|0x0000000088500000, 0x0000000088500000, 0x0000000088600000|  0%| F|  |TAMS 0x0000000088500000, 0x0000000088500000| Untracked 
| 134|0x0000000088600000, 0x0000000088600000, 0x0000000088700000|  0%| F|  |TAMS 0x0000000088600000, 0x0000000088600000| Untracked 
| 135|0x0000000088700000, 0x0000000088700000, 0x0000000088800000|  0%| F|  |TAMS 0x0000000088700000, 0x0000000088700000| Untracked 
| 136|0x0000000088800000, 0x0000000088800000, 0x0000000088900000|  0%| F|  |TAMS 0x0000000088800000, 0x0000000088800000| Untracked 
| 137|0x0000000088900000, 0x0000000088900000, 0x0000000088a00000|  0%| F|  |TAMS 0x0000000088900000, 0x0000000088900000| Untracked 
| 138|0x0000000088a00000, 0x0000000088a00000, 0x0000000088b00000|  0%| F|  |TAMS 0x0000000088a00000, 0x0000000088a00000| Untracked 
| 139|0x0000000088b00000, 0x0000000088b00000, 0x0000000088c00000|  0%| F|  |TAMS 0x0000000088b00000, 0x0000000088b00000| Untracked 
| 140|0x0000000088c00000, 0x0000000088c00000, 0x0000000088d00000|  0%| F|  |TAMS 0x0000000088c00000, 0x0000000088c00000| Untracked 
| 141|0x0000000088d00000, 0x0000000088d00000, 0x0000000088e00000|  0%| F|  |TAMS 0x0000000088d00000, 0x0000000088d00000| Untracked 
| 142|0x0000000088e00000, 0x0000000088e00000, 0x0000000088f00000|  0%| F|  |TAMS 0x0000000088e00000, 0x0000000088e00000| Untracked 
| 143|0x0000000088f00000, 0x0000000088f00000, 0x0000000089000000|  0%| F|  |TAMS 0x0000000088f00000, 0x0000000088f00000| Untracked 
| 144|0x0000000089000000, 0x0000000089000000, 0x0000000089100000|  0%| F|  |TAMS 0x0000000089000000, 0x0000000089000000| Untracked 
| 145|0x0000000089100000, 0x0000000089100000, 0x0000000089200000|  0%| F|  |TAMS 0x0000000089100000, 0x0000000089100000| Untracked 
| 146|0x0000000089200000, 0x0000000089200000, 0x0000000089300000|  0%| F|  |TAMS 0x0000000089200000, 0x0000000089200000| Untracked 
| 147|0x0000000089300000, 0x0000000089300000, 0x0000000089400000|  0%| F|  |TAMS 0x0000000089300000, 0x0000000089300000| Untracked 
| 148|0x0000000089400000, 0x0000000089400000, 0x0000000089500000|  0%| F|  |TAMS 0x0000000089400000, 0x0000000089400000| Untracked 
| 149|0x0000000089500000, 0x0000000089500000, 0x0000000089600000|  0%| F|  |TAMS 0x0000000089500000, 0x0000000089500000| Untracked 
| 150|0x0000000089600000, 0x0000000089700000, 0x0000000089700000|100%| S|CS|TAMS 0x0000000089600000, 0x0000000089600000| Complete 
| 151|0x0000000089700000, 0x0000000089800000, 0x0000000089800000|100%| S|CS|TAMS 0x0000000089700000, 0x0000000089700000| Complete 
| 152|0x0000000089800000, 0x0000000089900000, 0x0000000089900000|100%| S|CS|TAMS 0x0000000089800000, 0x0000000089800000| Complete 
| 153|0x0000000089900000, 0x0000000089a00000, 0x0000000089a00000|100%| S|CS|TAMS 0x0000000089900000, 0x0000000089900000| Complete 
| 154|0x0000000089a00000, 0x0000000089b00000, 0x0000000089b00000|100%| S|CS|TAMS 0x0000000089a00000, 0x0000000089a00000| Complete 
| 155|0x0000000089b00000, 0x0000000089c00000, 0x0000000089c00000|100%| S|CS|TAMS 0x0000000089b00000, 0x0000000089b00000| Complete 
| 156|0x0000000089c00000, 0x0000000089d00000, 0x0000000089d00000|100%| S|CS|TAMS 0x0000000089c00000, 0x0000000089c00000| Complete 
| 157|0x0000000089d00000, 0x0000000089e00000, 0x0000000089e00000|100%| S|CS|TAMS 0x0000000089d00000, 0x0000000089d00000| Complete 
| 158|0x0000000089e00000, 0x0000000089e00000, 0x0000000089f00000|  0%| F|  |TAMS 0x0000000089e00000, 0x0000000089e00000| Untracked 
| 159|0x0000000089f00000, 0x0000000089f00000, 0x000000008a000000|  0%| F|  |TAMS 0x0000000089f00000, 0x0000000089f00000| Untracked 
| 160|0x000000008a000000, 0x000000008a000000, 0x000000008a100000|  0%| F|  |TAMS 0x000000008a000000, 0x000000008a000000| Untracked 
| 161|0x000000008a100000, 0x000000008a100000, 0x000000008a200000|  0%| F|  |TAMS 0x000000008a100000, 0x000000008a100000| Untracked 
| 162|0x000000008a200000, 0x000000008a200000, 0x000000008a300000|  0%| F|  |TAMS 0x000000008a200000, 0x000000008a200000| Untracked 
| 163|0x000000008a300000, 0x000000008a300000, 0x000000008a400000|  0%| F|  |TAMS 0x000000008a300000, 0x000000008a300000| Untracked 
| 164|0x000000008a400000, 0x000000008a400000, 0x000000008a500000|  0%| F|  |TAMS 0x000000008a400000, 0x000000008a400000| Untracked 
| 165|0x000000008a500000, 0x000000008a500000, 0x000000008a600000|  0%| F|  |TAMS 0x000000008a500000, 0x000000008a500000| Untracked 
| 166|0x000000008a600000, 0x000000008a600000, 0x000000008a700000|  0%| F|  |TAMS 0x000000008a600000, 0x000000008a600000| Untracked 
| 167|0x000000008a700000, 0x000000008a700000, 0x000000008a800000|  0%| F|  |TAMS 0x000000008a700000, 0x000000008a700000| Untracked 
| 168|0x000000008a800000, 0x000000008a800000, 0x000000008a900000|  0%| F|  |TAMS 0x000000008a800000, 0x000000008a800000| Untracked 
| 169|0x000000008a900000, 0x000000008a900000, 0x000000008aa00000|  0%| F|  |TAMS 0x000000008a900000, 0x000000008a900000| Untracked 
| 170|0x000000008aa00000, 0x000000008aa00000, 0x000000008ab00000|  0%| F|  |TAMS 0x000000008aa00000, 0x000000008aa00000| Untracked 
| 171|0x000000008ab00000, 0x000000008ab00000, 0x000000008ac00000|  0%| F|  |TAMS 0x000000008ab00000, 0x000000008ab00000| Untracked 
| 172|0x000000008ac00000, 0x000000008ac00000, 0x000000008ad00000|  0%| F|  |TAMS 0x000000008ac00000, 0x000000008ac00000| Untracked 
| 173|0x000000008ad00000, 0x000000008ad00000, 0x000000008ae00000|  0%| F|  |TAMS 0x000000008ad00000, 0x000000008ad00000| Untracked 
| 174|0x000000008ae00000, 0x000000008ae00000, 0x000000008af00000|  0%| F|  |TAMS 0x000000008ae00000, 0x000000008ae00000| Untracked 
| 175|0x000000008af00000, 0x000000008af00000, 0x000000008b000000|  0%| F|  |TAMS 0x000000008af00000, 0x000000008af00000| Untracked 
| 176|0x000000008b000000, 0x000000008b000000, 0x000000008b100000|  0%| F|  |TAMS 0x000000008b000000, 0x000000008b000000| Untracked 
| 177|0x000000008b100000, 0x000000008b100000, 0x000000008b200000|  0%| F|  |TAMS 0x000000008b100000, 0x000000008b100000| Untracked 
| 178|0x000000008b200000, 0x000000008b200000, 0x000000008b300000|  0%| F|  |TAMS 0x000000008b200000, 0x000000008b200000| Untracked 
| 179|0x000000008b300000, 0x000000008b300000, 0x000000008b400000|  0%| F|  |TAMS 0x000000008b300000, 0x000000008b300000| Untracked 
| 180|0x000000008b400000, 0x000000008b400000, 0x000000008b500000|  0%| F|  |TAMS 0x000000008b400000, 0x000000008b400000| Untracked 
| 181|0x000000008b500000, 0x000000008b500000, 0x000000008b600000|  0%| F|  |TAMS 0x000000008b500000, 0x000000008b500000| Untracked 
| 182|0x000000008b600000, 0x000000008b600000, 0x000000008b700000|  0%| F|  |TAMS 0x000000008b600000, 0x000000008b600000| Untracked 
| 183|0x000000008b700000, 0x000000008b700000, 0x000000008b800000|  0%| F|  |TAMS 0x000000008b700000, 0x000000008b700000| Untracked 
| 184|0x000000008b800000, 0x000000008b800000, 0x000000008b900000|  0%| F|  |TAMS 0x000000008b800000, 0x000000008b800000| Untracked 
| 185|0x000000008b900000, 0x000000008b900000, 0x000000008ba00000|  0%| F|  |TAMS 0x000000008b900000, 0x000000008b900000| Untracked 
| 186|0x000000008ba00000, 0x000000008ba00000, 0x000000008bb00000|  0%| F|  |TAMS 0x000000008ba00000, 0x000000008ba00000| Untracked 
| 187|0x000000008bb00000, 0x000000008bb00000, 0x000000008bc00000|  0%| F|  |TAMS 0x000000008bb00000, 0x000000008bb00000| Untracked 
| 188|0x000000008bc00000, 0x000000008bc00000, 0x000000008bd00000|  0%| F|  |TAMS 0x000000008bc00000, 0x000000008bc00000| Untracked 
| 189|0x000000008bd00000, 0x000000008bd00000, 0x000000008be00000|  0%| F|  |TAMS 0x000000008bd00000, 0x000000008bd00000| Untracked 
| 190|0x000000008be00000, 0x000000008be00000, 0x000000008bf00000|  0%| F|  |TAMS 0x000000008be00000, 0x000000008be00000| Untracked 
| 191|0x000000008bf00000, 0x000000008bf00000, 0x000000008c000000|  0%| F|  |TAMS 0x000000008bf00000, 0x000000008bf00000| Untracked 
| 192|0x000000008c000000, 0x000000008c000000, 0x000000008c100000|  0%| F|  |TAMS 0x000000008c000000, 0x000000008c000000| Untracked 
| 193|0x000000008c100000, 0x000000008c100000, 0x000000008c200000|  0%| F|  |TAMS 0x000000008c100000, 0x000000008c100000| Untracked 
| 194|0x000000008c200000, 0x000000008c200000, 0x000000008c300000|  0%| F|  |TAMS 0x000000008c200000, 0x000000008c200000| Untracked 
| 195|0x000000008c300000, 0x000000008c300000, 0x000000008c400000|  0%| F|  |TAMS 0x000000008c300000, 0x000000008c300000| Untracked 
| 196|0x000000008c400000, 0x000000008c400000, 0x000000008c500000|  0%| F|  |TAMS 0x000000008c400000, 0x000000008c400000| Untracked 
| 197|0x000000008c500000, 0x000000008c500000, 0x000000008c600000|  0%| F|  |TAMS 0x000000008c500000, 0x000000008c500000| Untracked 
| 198|0x000000008c600000, 0x000000008c600000, 0x000000008c700000|  0%| F|  |TAMS 0x000000008c600000, 0x000000008c600000| Untracked 
| 199|0x000000008c700000, 0x000000008c700000, 0x000000008c800000|  0%| F|  |TAMS 0x000000008c700000, 0x000000008c700000| Untracked 
| 200|0x000000008c800000, 0x000000008c800000, 0x000000008c900000|  0%| F|  |TAMS 0x000000008c800000, 0x000000008c800000| Untracked 
| 201|0x000000008c900000, 0x000000008c900000, 0x000000008ca00000|  0%| F|  |TAMS 0x000000008c900000, 0x000000008c900000| Untracked 
| 202|0x000000008ca00000, 0x000000008ca00000, 0x000000008cb00000|  0%| F|  |TAMS 0x000000008ca00000, 0x000000008ca00000| Untracked 
| 203|0x000000008cb00000, 0x000000008cb00000, 0x000000008cc00000|  0%| F|  |TAMS 0x000000008cb00000, 0x000000008cb00000| Untracked 
| 204|0x000000008cc00000, 0x000000008cc00000, 0x000000008cd00000|  0%| F|  |TAMS 0x000000008cc00000, 0x000000008cc00000| Untracked 
| 205|0x000000008cd00000, 0x000000008cd00000, 0x000000008ce00000|  0%| F|  |TAMS 0x000000008cd00000, 0x000000008cd00000| Untracked 
| 206|0x000000008ce00000, 0x000000008ce00000, 0x000000008cf00000|  0%| F|  |TAMS 0x000000008ce00000, 0x000000008ce00000| Untracked 
| 207|0x000000008cf00000, 0x000000008cf00000, 0x000000008d000000|  0%| F|  |TAMS 0x000000008cf00000, 0x000000008cf00000| Untracked 
| 208|0x000000008d000000, 0x000000008d000000, 0x000000008d100000|  0%| F|  |TAMS 0x000000008d000000, 0x000000008d000000| Untracked 
| 209|0x000000008d100000, 0x000000008d100000, 0x000000008d200000|  0%| F|  |TAMS 0x000000008d100000, 0x000000008d100000| Untracked 
| 210|0x000000008d200000, 0x000000008d200000, 0x000000008d300000|  0%| F|  |TAMS 0x000000008d200000, 0x000000008d200000| Untracked 
| 211|0x000000008d300000, 0x000000008d300000, 0x000000008d400000|  0%| F|  |TAMS 0x000000008d300000, 0x000000008d300000| Untracked 
| 212|0x000000008d400000, 0x000000008d400000, 0x000000008d500000|  0%| F|  |TAMS 0x000000008d400000, 0x000000008d400000| Untracked 
| 213|0x000000008d500000, 0x000000008d500000, 0x000000008d600000|  0%| F|  |TAMS 0x000000008d500000, 0x000000008d500000| Untracked 
| 214|0x000000008d600000, 0x000000008d600000, 0x000000008d700000|  0%| F|  |TAMS 0x000000008d600000, 0x000000008d600000| Untracked 
| 215|0x000000008d700000, 0x000000008d700000, 0x000000008d800000|  0%| F|  |TAMS 0x000000008d700000, 0x000000008d700000| Untracked 
| 216|0x000000008d800000, 0x000000008d800000, 0x000000008d900000|  0%| F|  |TAMS 0x000000008d800000, 0x000000008d800000| Untracked 
| 217|0x000000008d900000, 0x000000008d900000, 0x000000008da00000|  0%| F|  |TAMS 0x000000008d900000, 0x000000008d900000| Untracked 
| 218|0x000000008da00000, 0x000000008da00000, 0x000000008db00000|  0%| F|  |TAMS 0x000000008da00000, 0x000000008da00000| Untracked 
| 219|0x000000008db00000, 0x000000008db00000, 0x000000008dc00000|  0%| F|  |TAMS 0x000000008db00000, 0x000000008db00000| Untracked 
| 220|0x000000008dc00000, 0x000000008dc00000, 0x000000008dd00000|  0%| F|  |TAMS 0x000000008dc00000, 0x000000008dc00000| Untracked 
| 221|0x000000008dd00000, 0x000000008dd00000, 0x000000008de00000|  0%| F|  |TAMS 0x000000008dd00000, 0x000000008dd00000| Untracked 
| 222|0x000000008de00000, 0x000000008de00000, 0x000000008df00000|  0%| F|  |TAMS 0x000000008de00000, 0x000000008de00000| Untracked 
| 223|0x000000008df00000, 0x000000008df00000, 0x000000008e000000|  0%| F|  |TAMS 0x000000008df00000, 0x000000008df00000| Untracked 
| 224|0x000000008e000000, 0x000000008e000000, 0x000000008e100000|  0%| F|  |TAMS 0x000000008e000000, 0x000000008e000000| Untracked 
| 225|0x000000008e100000, 0x000000008e100000, 0x000000008e200000|  0%| F|  |TAMS 0x000000008e100000, 0x000000008e100000| Untracked 
| 226|0x000000008e200000, 0x000000008e200000, 0x000000008e300000|  0%| F|  |TAMS 0x000000008e200000, 0x000000008e200000| Untracked 
| 227|0x000000008e300000, 0x000000008e300000, 0x000000008e400000|  0%| F|  |TAMS 0x000000008e300000, 0x000000008e300000| Untracked 
| 228|0x000000008e400000, 0x000000008e400000, 0x000000008e500000|  0%| F|  |TAMS 0x000000008e400000, 0x000000008e400000| Untracked 
| 229|0x000000008e500000, 0x000000008e500000, 0x000000008e600000|  0%| F|  |TAMS 0x000000008e500000, 0x000000008e500000| Untracked 
| 230|0x000000008e600000, 0x000000008e600000, 0x000000008e700000|  0%| F|  |TAMS 0x000000008e600000, 0x000000008e600000| Untracked 
| 231|0x000000008e700000, 0x000000008e700000, 0x000000008e800000|  0%| F|  |TAMS 0x000000008e700000, 0x000000008e700000| Untracked 
| 232|0x000000008e800000, 0x000000008e800000, 0x000000008e900000|  0%| F|  |TAMS 0x000000008e800000, 0x000000008e800000| Untracked 
| 233|0x000000008e900000, 0x000000008e900000, 0x000000008ea00000|  0%| F|  |TAMS 0x000000008e900000, 0x000000008e900000| Untracked 
| 234|0x000000008ea00000, 0x000000008ea00000, 0x000000008eb00000|  0%| F|  |TAMS 0x000000008ea00000, 0x000000008ea00000| Untracked 
| 235|0x000000008eb00000, 0x000000008eb00000, 0x000000008ec00000|  0%| F|  |TAMS 0x000000008eb00000, 0x000000008eb00000| Untracked 
| 236|0x000000008ec00000, 0x000000008ec00000, 0x000000008ed00000|  0%| F|  |TAMS 0x000000008ec00000, 0x000000008ec00000| Untracked 
| 237|0x000000008ed00000, 0x000000008ed00000, 0x000000008ee00000|  0%| F|  |TAMS 0x000000008ed00000, 0x000000008ed00000| Untracked 
| 238|0x000000008ee00000, 0x000000008ee00000, 0x000000008ef00000|  0%| F|  |TAMS 0x000000008ee00000, 0x000000008ee00000| Untracked 
| 239|0x000000008ef00000, 0x000000008ef00000, 0x000000008f000000|  0%| F|  |TAMS 0x000000008ef00000, 0x000000008ef00000| Untracked 
| 240|0x000000008f000000, 0x000000008f000000, 0x000000008f100000|  0%| F|  |TAMS 0x000000008f000000, 0x000000008f000000| Untracked 
| 241|0x000000008f100000, 0x000000008f100000, 0x000000008f200000|  0%| F|  |TAMS 0x000000008f100000, 0x000000008f100000| Untracked 
| 242|0x000000008f200000, 0x000000008f200000, 0x000000008f300000|  0%| F|  |TAMS 0x000000008f200000, 0x000000008f200000| Untracked 
| 243|0x000000008f300000, 0x000000008f300000, 0x000000008f400000|  0%| F|  |TAMS 0x000000008f300000, 0x000000008f300000| Untracked 
| 244|0x000000008f400000, 0x000000008f400000, 0x000000008f500000|  0%| F|  |TAMS 0x000000008f400000, 0x000000008f400000| Untracked 
| 245|0x000000008f500000, 0x000000008f500000, 0x000000008f600000|  0%| F|  |TAMS 0x000000008f500000, 0x000000008f500000| Untracked 
| 246|0x000000008f600000, 0x000000008f600000, 0x000000008f700000|  0%| F|  |TAMS 0x000000008f600000, 0x000000008f600000| Untracked 
| 247|0x000000008f700000, 0x000000008f700000, 0x000000008f800000|  0%| F|  |TAMS 0x000000008f700000, 0x000000008f700000| Untracked 
| 248|0x000000008f800000, 0x000000008f800000, 0x000000008f900000|  0%| F|  |TAMS 0x000000008f800000, 0x000000008f800000| Untracked 
| 249|0x000000008f900000, 0x000000008f900000, 0x000000008fa00000|  0%| F|  |TAMS 0x000000008f900000, 0x000000008f900000| Untracked 
| 250|0x000000008fa00000, 0x000000008fa00000, 0x000000008fb00000|  0%| F|  |TAMS 0x000000008fa00000, 0x000000008fa00000| Untracked 
| 251|0x000000008fb00000, 0x000000008fb00000, 0x000000008fc00000|  0%| F|  |TAMS 0x000000008fb00000, 0x000000008fb00000| Untracked 
| 252|0x000000008fc00000, 0x000000008fc00000, 0x000000008fd00000|  0%| F|  |TAMS 0x000000008fc00000, 0x000000008fc00000| Untracked 
| 253|0x000000008fd00000, 0x000000008fd00000, 0x000000008fe00000|  0%| F|  |TAMS 0x000000008fd00000, 0x000000008fd00000| Untracked 
| 254|0x000000008fe00000, 0x000000008fe00000, 0x000000008ff00000|  0%| F|  |TAMS 0x000000008fe00000, 0x000000008fe00000| Untracked 
| 255|0x000000008ff00000, 0x000000008ff00000, 0x0000000090000000|  0%| F|  |TAMS 0x000000008ff00000, 0x000000008ff00000| Untracked 
| 256|0x0000000090000000, 0x0000000090000000, 0x0000000090100000|  0%| F|  |TAMS 0x0000000090000000, 0x0000000090000000| Untracked 
| 257|0x0000000090100000, 0x0000000090100000, 0x0000000090200000|  0%| F|  |TAMS 0x0000000090100000, 0x0000000090100000| Untracked 
| 258|0x0000000090200000, 0x0000000090200000, 0x0000000090300000|  0%| F|  |TAMS 0x0000000090200000, 0x0000000090200000| Untracked 
| 259|0x0000000090300000, 0x0000000090300000, 0x0000000090400000|  0%| F|  |TAMS 0x0000000090300000, 0x0000000090300000| Untracked 
| 260|0x0000000090400000, 0x0000000090400000, 0x0000000090500000|  0%| F|  |TAMS 0x0000000090400000, 0x0000000090400000| Untracked 
| 261|0x0000000090500000, 0x0000000090500000, 0x0000000090600000|  0%| F|  |TAMS 0x0000000090500000, 0x0000000090500000| Untracked 
| 262|0x0000000090600000, 0x0000000090600000, 0x0000000090700000|  0%| F|  |TAMS 0x0000000090600000, 0x0000000090600000| Untracked 
| 263|0x0000000090700000, 0x0000000090700000, 0x0000000090800000|  0%| F|  |TAMS 0x0000000090700000, 0x0000000090700000| Untracked 
| 264|0x0000000090800000, 0x0000000090800000, 0x0000000090900000|  0%| F|  |TAMS 0x0000000090800000, 0x0000000090800000| Untracked 
| 265|0x0000000090900000, 0x0000000090900000, 0x0000000090a00000|  0%| F|  |TAMS 0x0000000090900000, 0x0000000090900000| Untracked 
| 266|0x0000000090a00000, 0x0000000090a00000, 0x0000000090b00000|  0%| F|  |TAMS 0x0000000090a00000, 0x0000000090a00000| Untracked 
| 267|0x0000000090b00000, 0x0000000090b00000, 0x0000000090c00000|  0%| F|  |TAMS 0x0000000090b00000, 0x0000000090b00000| Untracked 
| 268|0x0000000090c00000, 0x0000000090c00000, 0x0000000090d00000|  0%| F|  |TAMS 0x0000000090c00000, 0x0000000090c00000| Untracked 
| 269|0x0000000090d00000, 0x0000000090d00000, 0x0000000090e00000|  0%| F|  |TAMS 0x0000000090d00000, 0x0000000090d00000| Untracked 
| 270|0x0000000090e00000, 0x0000000090e00000, 0x0000000090f00000|  0%| F|  |TAMS 0x0000000090e00000, 0x0000000090e00000| Untracked 
| 271|0x0000000090f00000, 0x0000000090f00000, 0x0000000091000000|  0%| F|  |TAMS 0x0000000090f00000, 0x0000000090f00000| Untracked 
| 272|0x0000000091000000, 0x0000000091000000, 0x0000000091100000|  0%| F|  |TAMS 0x0000000091000000, 0x0000000091000000| Untracked 
| 273|0x0000000091100000, 0x0000000091100000, 0x0000000091200000|  0%| F|  |TAMS 0x0000000091100000, 0x0000000091100000| Untracked 
| 274|0x0000000091200000, 0x0000000091200000, 0x0000000091300000|  0%| F|  |TAMS 0x0000000091200000, 0x0000000091200000| Untracked 
| 275|0x0000000091300000, 0x0000000091300000, 0x0000000091400000|  0%| F|  |TAMS 0x0000000091300000, 0x0000000091300000| Untracked 
| 276|0x0000000091400000, 0x0000000091400000, 0x0000000091500000|  0%| F|  |TAMS 0x0000000091400000, 0x0000000091400000| Untracked 
| 277|0x0000000091500000, 0x0000000091500000, 0x0000000091600000|  0%| F|  |TAMS 0x0000000091500000, 0x0000000091500000| Untracked 
| 278|0x0000000091600000, 0x0000000091600000, 0x0000000091700000|  0%| F|  |TAMS 0x0000000091600000, 0x0000000091600000| Untracked 
| 279|0x0000000091700000, 0x0000000091700000, 0x0000000091800000|  0%| F|  |TAMS 0x0000000091700000, 0x0000000091700000| Untracked 
| 280|0x0000000091800000, 0x0000000091800000, 0x0000000091900000|  0%| F|  |TAMS 0x0000000091800000, 0x0000000091800000| Untracked 
| 281|0x0000000091900000, 0x0000000091900000, 0x0000000091a00000|  0%| F|  |TAMS 0x0000000091900000, 0x0000000091900000| Untracked 
| 282|0x0000000091a00000, 0x0000000091a00000, 0x0000000091b00000|  0%| F|  |TAMS 0x0000000091a00000, 0x0000000091a00000| Untracked 
| 283|0x0000000091b00000, 0x0000000091b00000, 0x0000000091c00000|  0%| F|  |TAMS 0x0000000091b00000, 0x0000000091b00000| Untracked 
| 284|0x0000000091c00000, 0x0000000091c00000, 0x0000000091d00000|  0%| F|  |TAMS 0x0000000091c00000, 0x0000000091c00000| Untracked 
| 285|0x0000000091d00000, 0x0000000091d00000, 0x0000000091e00000|  0%| F|  |TAMS 0x0000000091d00000, 0x0000000091d00000| Untracked 
| 286|0x0000000091e00000, 0x0000000091e00000, 0x0000000091f00000|  0%| F|  |TAMS 0x0000000091e00000, 0x0000000091e00000| Untracked 
| 287|0x0000000091f00000, 0x0000000091f00000, 0x0000000092000000|  0%| F|  |TAMS 0x0000000091f00000, 0x0000000091f00000| Untracked 
| 288|0x0000000092000000, 0x0000000092000000, 0x0000000092100000|  0%| F|  |TAMS 0x0000000092000000, 0x0000000092000000| Untracked 
| 289|0x0000000092100000, 0x0000000092100000, 0x0000000092200000|  0%| F|  |TAMS 0x0000000092100000, 0x0000000092100000| Untracked 
| 290|0x0000000092200000, 0x0000000092200000, 0x0000000092300000|  0%| F|  |TAMS 0x0000000092200000, 0x0000000092200000| Untracked 
| 291|0x0000000092300000, 0x0000000092300000, 0x0000000092400000|  0%| F|  |TAMS 0x0000000092300000, 0x0000000092300000| Untracked 
| 292|0x0000000092400000, 0x0000000092400000, 0x0000000092500000|  0%| F|  |TAMS 0x0000000092400000, 0x0000000092400000| Untracked 
| 293|0x0000000092500000, 0x0000000092500000, 0x0000000092600000|  0%| F|  |TAMS 0x0000000092500000, 0x0000000092500000| Untracked 
| 294|0x0000000092600000, 0x0000000092600000, 0x0000000092700000|  0%| F|  |TAMS 0x0000000092600000, 0x0000000092600000| Untracked 
| 295|0x0000000092700000, 0x0000000092700000, 0x0000000092800000|  0%| F|  |TAMS 0x0000000092700000, 0x0000000092700000| Untracked 
| 296|0x0000000092800000, 0x0000000092800000, 0x0000000092900000|  0%| F|  |TAMS 0x0000000092800000, 0x0000000092800000| Untracked 
| 297|0x0000000092900000, 0x0000000092900000, 0x0000000092a00000|  0%| F|  |TAMS 0x0000000092900000, 0x0000000092900000| Untracked 
| 298|0x0000000092a00000, 0x0000000092a00000, 0x0000000092b00000|  0%| F|  |TAMS 0x0000000092a00000, 0x0000000092a00000| Untracked 
| 299|0x0000000092b00000, 0x0000000092b00000, 0x0000000092c00000|  0%| F|  |TAMS 0x0000000092b00000, 0x0000000092b00000| Untracked 
| 300|0x0000000092c00000, 0x0000000092c00000, 0x0000000092d00000|  0%| F|  |TAMS 0x0000000092c00000, 0x0000000092c00000| Untracked 
| 301|0x0000000092d00000, 0x0000000092d00000, 0x0000000092e00000|  0%| F|  |TAMS 0x0000000092d00000, 0x0000000092d00000| Untracked 
| 302|0x0000000092e00000, 0x0000000092e00000, 0x0000000092f00000|  0%| F|  |TAMS 0x0000000092e00000, 0x0000000092e00000| Untracked 
| 303|0x0000000092f00000, 0x0000000092f00000, 0x0000000093000000|  0%| F|  |TAMS 0x0000000092f00000, 0x0000000092f00000| Untracked 
| 304|0x0000000093000000, 0x0000000093000000, 0x0000000093100000|  0%| F|  |TAMS 0x0000000093000000, 0x0000000093000000| Untracked 
| 305|0x0000000093100000, 0x0000000093100000, 0x0000000093200000|  0%| F|  |TAMS 0x0000000093100000, 0x0000000093100000| Untracked 
| 306|0x0000000093200000, 0x0000000093200000, 0x0000000093300000|  0%| F|  |TAMS 0x0000000093200000, 0x0000000093200000| Untracked 
| 307|0x0000000093300000, 0x0000000093300000, 0x0000000093400000|  0%| F|  |TAMS 0x0000000093300000, 0x0000000093300000| Untracked 

Card table byte_map: [0x00000210b9bd0000,0x00000210b9fd0000] _byte_map_base: 0x00000210b97d0000

Marking Bits (Prev, Next): (CMBitMap*) 0x00000210a4e5d8c0, (CMBitMap*) 0x00000210a4e5d888
 Prev Bits: [0x00000210bc3d0000, 0x00000210be3d0000)
 Next Bits: [0x00000210ba3d0000, 0x00000210bc3d0000)

Polling page: 0x00000210a4f00000

Metaspace:

Usage:
  Non-class:     92.44 MB capacity,    90.79 MB ( 98%) used,     1.36 MB (  1%) free+waste,   294.25 KB ( <1%) overhead. 
      Class:     13.84 MB capacity,    12.96 MB ( 94%) used,   771.35 KB (  5%) free+waste,   128.38 KB ( <1%) overhead. 
       Both:    106.28 MB capacity,   103.75 MB ( 98%) used,     2.11 MB (  2%) free+waste,   422.63 KB ( <1%) overhead. 

Virtual space:
  Non-class space:       94.00 MB reserved,      92.54 MB ( 98%) committed 
      Class space:        1.00 GB reserved,      13.88 MB (  1%) committed 
             Both:        1.09 GB reserved,     106.41 MB ( 10%) committed 

Chunk freelists:
   Non-Class:  0 bytes
       Class:  4.00 KB
        Both:  4.00 KB

MaxMetaspaceSize: 17179869184.00 GB
CompressedClassSpaceSize: 1.00 GB

CodeHeap 'non-profiled nmethods': size=120064Kb used=9309Kb max_used=9309Kb free=110754Kb
 bounds [0x00000210b1a50000, 0x00000210b2370000, 0x00000210b8f90000]
CodeHeap 'profiled nmethods': size=120000Kb used=38798Kb max_used=38798Kb free=81201Kb
 bounds [0x00000210aa520000, 0x00000210acb20000, 0x00000210b1a50000]
CodeHeap 'non-nmethods': size=5696Kb used=2334Kb max_used=2408Kb free=3361Kb
 bounds [0x00000210a9f90000, 0x00000210aa200000, 0x00000210aa520000]
 total_blobs=17300 nmethods=16345 adapters=863
 compilation: enabled
              stopped_count=0, restarted_count=0
 full_count=0

Compilation events (20 events):
Event: 20.794 Thread 0x00000210c1568000 18213       2       com.android.tools.r8.v.a.a.a.h.F0::keySet (27 bytes)
Event: 20.794 Thread 0x00000210c1568000 nmethod 18213 0x00000210acb11490 code [0x00000210acb11640, 0x00000210acb11858]
Event: 20.796 Thread 0x00000210c1568000 18215       2       com.android.tools.r8.u.b.g1::v0 (2 bytes)
Event: 20.796 Thread 0x00000210c1568000 nmethod 18215 0x00000210acb11910 code [0x00000210acb11ac0, 0x00000210acb11bb8]
Event: 20.805 Thread 0x00000210c75ab800 nmethod 17639 0x00000210b235e710 code [0x00000210b235ec80, 0x00000210b2365da0]
Event: 20.805 Thread 0x00000210c75ab800 18034       4       com.android.tools.r8.s.a.a.b.m2::contains (58 bytes)
Event: 20.807 Thread 0x00000210c75ab800 nmethod 18034 0x00000210b2368190 code [0x00000210b2368340, 0x00000210b2368558]
Event: 20.807 Thread 0x00000210c75ab800 16421       4       com.android.tools.r8.ir.regalloc.a::a (264 bytes)
Event: 20.823 Thread 0x00000210c1568000 18216       2       com.android.tools.r8.ir.conversion.N::c (119 bytes)
Event: 20.823 Thread 0x00000210c1568000 nmethod 18216 0x00000210acb11c90 code [0x00000210acb11ea0, 0x00000210acb121a8]
Event: 20.839 Thread 0x00000210c1568000 18217       2       com.android.tools.r8.ir.analysis.type.f::a (220 bytes)
Event: 20.840 Thread 0x00000210c1568000 nmethod 18217 0x00000210acb12410 code [0x00000210acb12660, 0x00000210acb12a98]
Event: 20.840 Thread 0x00000210c1568000 18218 %     3       com.android.tools.r8.graph.b0::a @ 86 (299 bytes)
Event: 20.840 Thread 0x00000210c1568000 nmethod 18218% 0x00000210acb12d90 code [0x00000210acb13000, 0x00000210acb13a38]
Event: 20.848 Thread 0x00000210c1568000 18219       3       com.android.tools.r8.u.b.m1::a (196 bytes)
Event: 20.849 Thread 0x00000210c1568000 nmethod 18219 0x00000210acb14110 code [0x00000210acb143c0, 0x00000210acb15678]
Event: 20.849 Thread 0x00000210c1568000 18220       2       com.android.tools.r8.s.a.a.b.S0::listIterator (41 bytes)
Event: 20.849 Thread 0x00000210c1568000 nmethod 18220 0x00000210acb15b10 code [0x00000210acb15d00, 0x00000210acb16078]
Event: 20.849 Thread 0x00000210c1568000 18221       2       com.android.tools.r8.s.a.a.b.R0::<init> (15 bytes)
Event: 20.849 Thread 0x00000210c1568000 nmethod 18221 0x00000210acb16290 code [0x00000210acb16440, 0x00000210acb165d8]

GC Heap History (20 events):
Event: 19.095 GC heap after
{Heap after GC invocations=27 (full 0):
 garbage-first heap   total 262144K, used 104647K [0x0000000080000000, 0x0000000100000000)
  region size 1024K, 7 young (7168K), 7 survivors (7168K)
 Metaspace       used 105579K, capacity 108123K, committed 108200K, reserved 1142784K
  class space    used 13252K, capacity 14158K, committed 14208K, reserved 1048576K
}
Event: 19.219 GC heap before
{Heap before GC invocations=27 (full 0):
 garbage-first heap   total 262144K, used 223431K [0x0000000080000000, 0x0000000100000000)
  region size 1024K, 121 young (123904K), 7 survivors (7168K)
 Metaspace       used 105634K, capacity 108139K, committed 108200K, reserved 1142784K
  class space    used 13255K, capacity 14163K, committed 14208K, reserved 1048576K
}
Event: 19.225 GC heap after
{Heap after GC invocations=28 (full 0):
 garbage-first heap   total 262144K, used 105080K [0x0000000080000000, 0x0000000100000000)
  region size 1024K, 8 young (8192K), 8 survivors (8192K)
 Metaspace       used 105634K, capacity 108139K, committed 108200K, reserved 1142784K
  class space    used 13255K, capacity 14163K, committed 14208K, reserved 1048576K
}
Event: 19.377 GC heap before
{Heap before GC invocations=28 (full 0):
 garbage-first heap   total 262144K, used 220792K [0x0000000080000000, 0x0000000100000000)
  region size 1024K, 122 young (124928K), 8 survivors (8192K)
 Metaspace       used 105807K, capacity 108361K, committed 108456K, reserved 1144832K
  class space    used 13267K, capacity 14168K, committed 14208K, reserved 1048576K
}
Event: 19.383 GC heap after
{Heap after GC invocations=29 (full 0):
 garbage-first heap   total 262144K, used 106360K [0x0000000080000000, 0x0000000100000000)
  region size 1024K, 9 young (9216K), 9 survivors (9216K)
 Metaspace       used 105807K, capacity 108361K, committed 108456K, reserved 1144832K
  class space    used 13267K, capacity 14168K, committed 14208K, reserved 1048576K
}
Event: 19.564 GC heap before
{Heap before GC invocations=29 (full 0):
 garbage-first heap   total 262144K, used 223096K [0x0000000080000000, 0x0000000100000000)
  region size 1024K, 123 young (125952K), 9 survivors (9216K)
 Metaspace       used 105898K, capacity 108433K, committed 108712K, reserved 1144832K
  class space    used 13269K, capacity 14168K, committed 14208K, reserved 1048576K
}
Event: 19.569 GC heap after
{Heap after GC invocations=30 (full 0):
 garbage-first heap   total 262144K, used 106191K [0x0000000080000000, 0x0000000100000000)
  region size 1024K, 9 young (9216K), 9 survivors (9216K)
 Metaspace       used 105898K, capacity 108433K, committed 108712K, reserved 1144832K
  class space    used 13269K, capacity 14168K, committed 14208K, reserved 1048576K
}
Event: 19.764 GC heap before
{Heap before GC invocations=30 (full 0):
 garbage-first heap   total 262144K, used 223951K [0x0000000080000000, 0x0000000100000000)
  region size 1024K, 124 young (126976K), 9 survivors (9216K)
 Metaspace       used 105958K, capacity 108498K, committed 108712K, reserved 1144832K
  class space    used 13270K, capacity 14168K, committed 14208K, reserved 1048576K
}
Event: 19.773 GC heap after
{Heap after GC invocations=31 (full 0):
 garbage-first heap   total 262144K, used 106754K [0x0000000080000000, 0x0000000100000000)
  region size 1024K, 9 young (9216K), 9 survivors (9216K)
 Metaspace       used 105958K, capacity 108498K, committed 108712K, reserved 1144832K
  class space    used 13270K, capacity 14168K, committed 14208K, reserved 1048576K
}
Event: 19.954 GC heap before
{Heap before GC invocations=31 (full 0):
 garbage-first heap   total 262144K, used 224514K [0x0000000080000000, 0x0000000100000000)
  region size 1024K, 125 young (128000K), 9 survivors (9216K)
 Metaspace       used 106008K, capacity 108569K, committed 108712K, reserved 1144832K
  class space    used 13270K, capacity 14168K, committed 14208K, reserved 1048576K
}
Event: 19.960 GC heap after
{Heap after GC invocations=32 (full 0):
 garbage-first heap   total 262144K, used 106751K [0x0000000080000000, 0x0000000100000000)
  region size 1024K, 9 young (9216K), 9 survivors (9216K)
 Metaspace       used 106008K, capacity 108569K, committed 108712K, reserved 1144832K
  class space    used 13270K, capacity 14168K, committed 14208K, reserved 1048576K
}
Event: 20.110 GC heap before
{Heap before GC invocations=32 (full 0):
 garbage-first heap   total 262144K, used 225535K [0x0000000080000000, 0x0000000100000000)
  region size 1024K, 125 young (128000K), 9 survivors (9216K)
 Metaspace       used 106030K, capacity 108573K, committed 108712K, reserved 1144832K
  class space    used 13270K, capacity 14168K, committed 14208K, reserved 1048576K
}
Event: 20.119 GC heap after
{Heap after GC invocations=33 (full 0):
 garbage-first heap   total 315392K, used 108789K [0x0000000080000000, 0x0000000100000000)
  region size 1024K, 11 young (11264K), 11 survivors (11264K)
 Metaspace       used 106030K, capacity 108573K, committed 108712K, reserved 1144832K
  class space    used 13270K, capacity 14168K, committed 14208K, reserved 1048576K
}
Event: 20.316 GC heap before
{Heap before GC invocations=33 (full 0):
 garbage-first heap   total 315392K, used 256245K [0x0000000080000000, 0x0000000100000000)
  region size 1024K, 155 young (158720K), 11 survivors (11264K)
 Metaspace       used 106081K, capacity 108661K, committed 108712K, reserved 1144832K
  class space    used 13271K, capacity 14171K, committed 14208K, reserved 1048576K
}
Event: 20.329 GC heap after
{Heap after GC invocations=34 (full 0):
 garbage-first heap   total 315392K, used 116451K [0x0000000080000000, 0x0000000100000000)
  region size 1024K, 18 young (18432K), 18 survivors (18432K)
 Metaspace       used 106081K, capacity 108661K, committed 108712K, reserved 1144832K
  class space    used 13271K, capacity 14171K, committed 14208K, reserved 1048576K
}
Event: 20.519 GC heap before
{Heap before GC invocations=34 (full 0):
 garbage-first heap   total 315392K, used 262883K [0x0000000080000000, 0x0000000100000000)
  region size 1024K, 161 young (164864K), 18 survivors (18432K)
 Metaspace       used 106123K, capacity 108733K, committed 108968K, reserved 1144832K
  class space    used 13272K, capacity 14172K, committed 14208K, reserved 1048576K
}
Event: 20.532 GC heap after
{Heap after GC invocations=35 (full 0):
 garbage-first heap   total 315392K, used 119808K [0x0000000080000000, 0x0000000100000000)
  region size 1024K, 14 young (14336K), 14 survivors (14336K)
 Metaspace       used 106123K, capacity 108733K, committed 108968K, reserved 1144832K
  class space    used 13272K, capacity 14172K, committed 14208K, reserved 1048576K
}
Event: 20.727 GC heap before
{Heap before GC invocations=35 (full 0):
 garbage-first heap   total 315392K, used 265216K [0x0000000080000000, 0x0000000100000000)
  region size 1024K, 155 young (158720K), 14 survivors (14336K)
 Metaspace       used 106234K, capacity 108826K, committed 108968K, reserved 1144832K
  class space    used 13272K, capacity 14172K, committed 14208K, reserved 1048576K
}
Event: 20.734 GC heap after
{Heap after GC invocations=36 (full 0):
 garbage-first heap   total 315392K, used 120551K [0x0000000080000000, 0x0000000100000000)
  region size 1024K, 7 young (7168K), 7 survivors (7168K)
 Metaspace       used 106234K, capacity 108826K, committed 108968K, reserved 1144832K
  class space    used 13272K, capacity 14172K, committed 14208K, reserved 1048576K
}
Event: 20.876 GC heap before
{Heap before GC invocations=36 (full 0):
 garbage-first heap   total 315392K, used 266983K [0x0000000080000000, 0x0000000100000000)
  region size 1024K, 150 young (153600K), 7 survivors (7168K)
 Metaspace       used 106239K, capacity 108826K, committed 108968K, reserved 1144832K
  class space    used 13272K, capacity 14172K, committed 14208K, reserved 1048576K
}

Deoptimization events (20 events):
Event: 20.690 Thread 0x00000210c61c7800 DEOPT PACKING pc=0x00000210aa78fb86 sp=0x0000002d4bbfa750
Event: 20.690 Thread 0x00000210c61c7800 DEOPT UNPACKING pc=0x00000210a9fb72ce sp=0x0000002d4bbf9c80 mode 0
Event: 20.702 Thread 0x00000210c61c8800 DEOPT PACKING pc=0x00000210ac78f4e5 sp=0x0000002d4b8fa0f0
Event: 20.702 Thread 0x00000210c61c8800 DEOPT UNPACKING pc=0x00000210a9fb72ce sp=0x0000002d4b8f9638 mode 0
Event: 20.707 Thread 0x00000210c61c6800 DEOPT PACKING pc=0x00000210ac729f11 sp=0x0000002d4b7f98e0
Event: 20.707 Thread 0x00000210c61c6800 DEOPT UNPACKING pc=0x00000210a9fb72ce sp=0x0000002d4b7f8e08 mode 0
Event: 20.709 Thread 0x00000210c61c6800 DEOPT PACKING pc=0x00000210ac648025 sp=0x0000002d4b7f9c80
Event: 20.709 Thread 0x00000210c61c6800 DEOPT UNPACKING pc=0x00000210a9fb72ce sp=0x0000002d4b7f91a0 mode 0
Event: 20.743 Thread 0x00000210c61c8800 DEOPT PACKING pc=0x00000210aa78fb86 sp=0x0000002d4b8fa670
Event: 20.743 Thread 0x00000210c61c8800 DEOPT UNPACKING pc=0x00000210a9fb72ce sp=0x0000002d4b8f9ba0 mode 0
Event: 20.752 Thread 0x00000210c61c6800 DEOPT PACKING pc=0x00000210ac76efeb sp=0x0000002d4b7f9a40
Event: 20.752 Thread 0x00000210c61c6800 DEOPT UNPACKING pc=0x00000210a9fb72ce sp=0x0000002d4b7f8ee8 mode 0
Event: 20.775 Thread 0x00000210c61c6800 DEOPT PACKING pc=0x00000210ac1cf19f sp=0x0000002d4b7f9640
Event: 20.775 Thread 0x00000210c61c6800 DEOPT UNPACKING pc=0x00000210a9fb72ce sp=0x0000002d4b7f8dc8 mode 0
Event: 20.838 Thread 0x00000210c61c8800 DEOPT PACKING pc=0x00000210aa78fb86 sp=0x0000002d4b8fa670
Event: 20.838 Thread 0x00000210c61c8800 DEOPT UNPACKING pc=0x00000210a9fb72ce sp=0x0000002d4b8f9ba0 mode 0
Event: 20.839 Thread 0x00000210c61c6800 Uncommon trap: trap_request=0xffffffde fr.pc=0x00000210b23103d0 relative=0x0000000000006310
Event: 20.839 Thread 0x00000210c61c6800 Uncommon trap: reason=class_check action=maybe_recompile pc=0x00000210b23103d0 method=com.android.tools.r8.ir.conversion.o.a(Lcom/android/tools/r8/ir/conversion/N;IZ)V @ 526 c2
Event: 20.839 Thread 0x00000210c61c6800 DEOPT PACKING pc=0x00000210b23103d0 sp=0x0000002d4b7f9a80
Event: 20.839 Thread 0x00000210c61c6800 DEOPT UNPACKING pc=0x00000210a9fb74af sp=0x0000002d4b7f9a70 mode 2

Classes redefined (0 events):
No events

Internal exceptions (20 events):
Event: 20.269 Thread 0x00000210c61c4000 Exception <a 'sun/nio/fs/WindowsException'{0x000000008cd16c70}> (0x000000008cd16c70) thrown at [./src/hotspot/share/prims/jni.cpp, line 615]
Event: 20.271 Thread 0x00000210c61c6000 Exception <a 'sun/nio/fs/WindowsException'{0x000000008ccd34d8}> (0x000000008ccd34d8) thrown at [./src/hotspot/share/prims/jni.cpp, line 615]
Event: 20.276 Thread 0x00000210c61c6800 Exception <a 'sun/nio/fs/WindowsException'{0x000000008c989ee0}> (0x000000008c989ee0) thrown at [./src/hotspot/share/prims/jni.cpp, line 615]
Event: 20.298 Thread 0x00000210c61c4000 Exception <a 'sun/nio/fs/WindowsException'{0x000000008b6ae400}> (0x000000008b6ae400) thrown at [./src/hotspot/share/prims/jni.cpp, line 615]
Event: 20.355 Thread 0x00000210c61c4000 Exception <a 'sun/nio/fs/WindowsException'{0x00000000923c0300}> (0x00000000923c0300) thrown at [./src/hotspot/share/prims/jni.cpp, line 615]
Event: 20.364 Thread 0x00000210c61c6000 Exception <a 'sun/nio/fs/WindowsException'{0x0000000092363570}> (0x0000000092363570) thrown at [./src/hotspot/share/prims/jni.cpp, line 615]
Event: 20.407 Thread 0x00000210c61c4000 Exception <a 'sun/nio/fs/WindowsException'{0x00000000923e9aa0}> (0x00000000923e9aa0) thrown at [./src/hotspot/share/prims/jni.cpp, line 615]
Event: 20.416 Thread 0x00000210c61c6000 Exception <a 'sun/nio/fs/WindowsException'{0x000000008f0c6c40}> (0x000000008f0c6c40) thrown at [./src/hotspot/share/prims/jni.cpp, line 615]
Event: 20.435 Thread 0x00000210c61c6000 Exception <a 'sun/nio/fs/WindowsException'{0x000000008f0edb30}> (0x000000008f0edb30) thrown at [./src/hotspot/share/prims/jni.cpp, line 615]
Event: 20.450 Thread 0x00000210c61c4000 Exception <a 'sun/nio/fs/WindowsException'{0x000000008d8f7c40}> (0x000000008d8f7c40) thrown at [./src/hotspot/share/prims/jni.cpp, line 615]
Event: 20.477 Thread 0x00000210c61c4000 Exception <a 'sun/nio/fs/WindowsException'{0x000000008bf1de08}> (0x000000008bf1de08) thrown at [./src/hotspot/share/prims/jni.cpp, line 615]
Event: 20.509 Thread 0x00000210c61c6000 Exception <a 'sun/nio/fs/WindowsException'{0x000000008aef5920}> (0x000000008aef5920) thrown at [./src/hotspot/share/prims/jni.cpp, line 615]
Event: 20.569 Thread 0x00000210c61c6000 Exception <a 'sun/nio/fs/WindowsException'{0x000000009160f030}> (0x000000009160f030) thrown at [./src/hotspot/share/prims/jni.cpp, line 615]
Event: 20.596 Thread 0x00000210c61c7800 Exception <a 'sun/nio/fs/WindowsException'{0x0000000090af2388}> (0x0000000090af2388) thrown at [./src/hotspot/share/prims/jni.cpp, line 615]
Event: 20.641 Thread 0x00000210c61c4000 Exception <a 'sun/nio/fs/WindowsException'{0x0000000090496d38}> (0x0000000090496d38) thrown at [./src/hotspot/share/prims/jni.cpp, line 615]
Event: 20.644 Thread 0x00000210c61c6000 Exception <a 'sun/nio/fs/WindowsException'{0x0000000091635f88}> (0x0000000091635f88) thrown at [./src/hotspot/share/prims/jni.cpp, line 615]
Event: 20.688 Thread 0x00000210c61c7800 Exception <a 'sun/nio/fs/WindowsException'{0x000000008d61e820}> (0x000000008d61e820) thrown at [./src/hotspot/share/prims/jni.cpp, line 615]
Event: 20.689 Thread 0x00000210c61c6000 Exception <a 'sun/nio/fs/WindowsException'{0x000000008d453710}> (0x000000008d453710) thrown at [./src/hotspot/share/prims/jni.cpp, line 615]
Event: 20.768 Thread 0x00000210c61c4000 Exception <a 'sun/nio/fs/WindowsException'{0x000000009339bf78}> (0x000000009339bf78) thrown at [./src/hotspot/share/prims/jni.cpp, line 615]
Event: 20.795 Thread 0x00000210c61c4000 Exception <a 'sun/nio/fs/WindowsException'{0x000000008f5a1d60}> (0x000000008f5a1d60) thrown at [./src/hotspot/share/prims/jni.cpp, line 615]

Events (20 events):
Event: 19.687 loading class com/android/tools/r8/ir/conversion/p done
Event: 19.762 Executing VM operation: G1CollectForAllocation
Event: 19.773 Executing VM operation: G1CollectForAllocation done
Event: 19.949 Executing VM operation: RevokeBias
Event: 19.951 Executing VM operation: RevokeBias done
Event: 19.954 Executing VM operation: G1CollectForAllocation
Event: 19.960 Executing VM operation: G1CollectForAllocation done
Event: 20.034 Executing VM operation: RevokeBias
Event: 20.034 Executing VM operation: RevokeBias done
Event: 20.110 Executing VM operation: G1CollectForAllocation
Event: 20.119 Executing VM operation: G1CollectForAllocation done
Event: 20.315 Executing VM operation: G1CollectForAllocation
Event: 20.329 Executing VM operation: G1CollectForAllocation done
Event: 20.495 Executing VM operation: RevokeBias
Event: 20.496 Executing VM operation: RevokeBias done
Event: 20.519 Executing VM operation: G1CollectForAllocation
Event: 20.532 Executing VM operation: G1CollectForAllocation done
Event: 20.725 Executing VM operation: G1CollectForAllocation
Event: 20.734 Executing VM operation: G1CollectForAllocation done
Event: 20.874 Executing VM operation: G1CollectForAllocation


Dynamic libraries:
0x00007ff63a910000 - 0x00007ff63a91a000 	C:\Program Files\Android\Android Studio1\jre\bin\java.exe
0x00007ff8ad5b0000 - 0x00007ff8ad7a5000 	C:\WINDOWS\SYSTEM32\ntdll.dll
0x00007ff8ac0d0000 - 0x00007ff8ac18d000 	C:\WINDOWS\System32\KERNEL32.DLL
0x00007ff8aada0000 - 0x00007ff8ab068000 	C:\WINDOWS\System32\KERNELBASE.dll
0x00007ff8ab510000 - 0x00007ff8ab610000 	C:\WINDOWS\System32\ucrtbase.dll
0x00007ff890340000 - 0x00007ff890359000 	C:\Program Files\Android\Android Studio1\jre\bin\jli.dll
0x00007ff890360000 - 0x00007ff890377000 	C:\Program Files\Android\Android Studio1\jre\bin\VCRUNTIME140.dll
0x00007ff8ac190000 - 0x00007ff8ac330000 	C:\WINDOWS\System32\USER32.dll
0x00007ff8ab1e0000 - 0x00007ff8ab202000 	C:\WINDOWS\System32\win32u.dll
0x00007ff8ac0a0000 - 0x00007ff8ac0ca000 	C:\WINDOWS\System32\GDI32.dll
0x00007ff8ab0d0000 - 0x00007ff8ab1db000 	C:\WINDOWS\System32\gdi32full.dll
0x00007ff8ab2c0000 - 0x00007ff8ab35d000 	C:\WINDOWS\System32\msvcp_win.dll
0x00007ff895a30000 - 0x00007ff895cca000 	C:\WINDOWS\WinSxS\amd64_microsoft.windows.common-controls_6595b64144ccf1df_6.0.19041.844_none_ca00b6081b84eb1d\COMCTL32.dll
0x00007ff8ac800000 - 0x00007ff8ac89e000 	C:\WINDOWS\System32\msvcrt.dll
0x00007ff8ad0d0000 - 0x00007ff8ad100000 	C:\WINDOWS\System32\IMM32.DLL
0x00007ff877e10000 - 0x00007ff877ead000 	C:\Program Files\Android\Android Studio1\jre\bin\msvcp140.dll
0x00007ff871320000 - 0x00007ff871ddc000 	C:\Program Files\Android\Android Studio1\jre\bin\server\jvm.dll
0x00007ff8ac6f0000 - 0x00007ff8ac79c000 	C:\WINDOWS\System32\ADVAPI32.dll
0x00007ff8ab830000 - 0x00007ff8ab8cb000 	C:\WINDOWS\System32\sechost.dll
0x00007ff8acfa0000 - 0x00007ff8ad0cb000 	C:\WINDOWS\System32\RPCRT4.dll
0x00007ff8ab7a0000 - 0x00007ff8ab7a8000 	C:\WINDOWS\System32\PSAPI.DLL
0x00007ff8a8520000 - 0x00007ff8a8529000 	C:\WINDOWS\SYSTEM32\WSOCK32.dll
0x00007ff89a530000 - 0x00007ff89a557000 	C:\WINDOWS\SYSTEM32\WINMM.dll
0x00007ff8a46f0000 - 0x00007ff8a46fa000 	C:\WINDOWS\SYSTEM32\VERSION.dll
0x00007ff8ac8b0000 - 0x00007ff8ac91b000 	C:\WINDOWS\System32\WS2_32.dll
0x00007ff8a8c60000 - 0x00007ff8a8c72000 	C:\WINDOWS\SYSTEM32\kernel.appcore.dll
0x00007ff8a67e0000 - 0x00007ff8a67f1000 	C:\Program Files\Android\Android Studio1\jre\bin\verify.dll
0x00007ff893e70000 - 0x00007ff894054000 	C:\WINDOWS\SYSTEM32\DBGHELP.DLL
0x00007ff894110000 - 0x00007ff89413c000 	C:\WINDOWS\SYSTEM32\dbgcore.DLL
0x00007ff8aad20000 - 0x00007ff8aada0000 	C:\WINDOWS\System32\bcryptPrimitives.dll
0x00007ff8a4df0000 - 0x00007ff8a4e19000 	C:\Program Files\Android\Android Studio1\jre\bin\java.dll
0x00007ff8a58a0000 - 0x00007ff8a58ab000 	C:\Program Files\Android\Android Studio1\jre\bin\jimage.dll
0x00007ff8a5790000 - 0x00007ff8a57a8000 	C:\Program Files\Android\Android Studio1\jre\bin\zip.dll
0x00007ff8ab950000 - 0x00007ff8ac092000 	C:\WINDOWS\System32\SHELL32.dll
0x00007ff8a8e60000 - 0x00007ff8a95f0000 	C:\WINDOWS\SYSTEM32\windows.storage.dll
0x00007ff8acbe0000 - 0x00007ff8acf35000 	C:\WINDOWS\System32\combase.dll
0x00007ff8aa6f0000 - 0x00007ff8aa71c000 	C:\WINDOWS\SYSTEM32\Wldp.dll
0x00007ff8aca60000 - 0x00007ff8acb0e000 	C:\WINDOWS\System32\SHCORE.dll
0x00007ff8ac690000 - 0x00007ff8ac6e5000 	C:\WINDOWS\System32\shlwapi.dll
0x00007ff8aac30000 - 0x00007ff8aac4f000 	C:\WINDOWS\SYSTEM32\profapi.dll
0x00007ff8a5740000 - 0x00007ff8a575a000 	C:\Program Files\Android\Android Studio1\jre\bin\net.dll
0x00007ff8a0f50000 - 0x00007ff8a105b000 	C:\WINDOWS\SYSTEM32\WINHTTP.dll
0x00007ff8aa400000 - 0x00007ff8aa46a000 	C:\WINDOWS\system32\mswsock.dll
0x00007ff8a3d40000 - 0x00007ff8a3d54000 	C:\Program Files\Android\Android Studio1\jre\bin\nio.dll
0x00007ff890620000 - 0x00007ff890646000 	C:\Users\USER\.gradle\native\31\windows-amd64\native-platform.dll
0x00007ff8a5890000 - 0x00007ff8a589a000 	C:\Program Files\Android\Android Studio1\jre\bin\management.dll
0x00007ff8a4de0000 - 0x00007ff8a4dec000 	C:\Program Files\Android\Android Studio1\jre\bin\management_ext.dll
0x00007ff8aa5e0000 - 0x00007ff8aa5f8000 	C:\WINDOWS\SYSTEM32\CRYPTSP.dll
0x00007ff8a9da0000 - 0x00007ff8a9dd4000 	C:\WINDOWS\system32\rsaenh.dll
0x00007ff8aacf0000 - 0x00007ff8aad17000 	C:\WINDOWS\System32\bcrypt.dll
0x00007ff8aabb0000 - 0x00007ff8aabde000 	C:\WINDOWS\SYSTEM32\USERENV.dll
0x00007ff8aa5d0000 - 0x00007ff8aa5dc000 	C:\WINDOWS\SYSTEM32\CRYPTBASE.dll
0x00007ff8aa0f0000 - 0x00007ff8aa12b000 	C:\WINDOWS\SYSTEM32\IPHLPAPI.DLL
0x00007ff8ac8a0000 - 0x00007ff8ac8a8000 	C:\WINDOWS\System32\NSI.dll
0x00007ff8a4740000 - 0x00007ff8a4757000 	C:\WINDOWS\SYSTEM32\dhcpcsvc6.DLL
0x00007ff8a4720000 - 0x00007ff8a473d000 	C:\WINDOWS\SYSTEM32\dhcpcsvc.DLL
0x00007ff8aa130000 - 0x00007ff8aa1fc000 	C:\WINDOWS\SYSTEM32\DNSAPI.dll
0x00007ff8a16e0000 - 0x00007ff8a1707000 	C:\Program Files\Android\Android Studio1\jre\bin\sunec.dll
0x00007ff8a3c60000 - 0x00007ff8a3c6a000 	C:\Windows\System32\rasadhlp.dll
0x00007ff89f340000 - 0x00007ff89f3bf000 	C:\WINDOWS\System32\fwpuclnt.dll
0x00007ff8a8610000 - 0x00007ff8a86a0000 	C:\WINDOWS\system32\apphelp.dll

dbghelp: loaded successfully - version: 4.0.5 - missing functions: none
symbol engine: initialized successfully - sym options: 0x614 - pdb path: .;C:\Program Files\Android\Android Studio1\jre\bin;C:\WINDOWS\SYSTEM32;C:\WINDOWS\WinSxS\amd64_microsoft.windows.common-controls_6595b64144ccf1df_6.0.19041.844_none_ca00b6081b84eb1d;C:\Program Files\Android\Android Studio1\jre\bin\server;C:\Users\USER\.gradle\native\31\windows-amd64

VM Arguments:
jvm_args: --add-opens=java.base/java.util=ALL-UNNAMED --add-opens=java.base/java.lang=ALL-UNNAMED --add-opens=java.base/java.lang.invoke=ALL-UNNAMED --add-opens=java.prefs/java.util.prefs=ALL-UNNAMED -Xmx2048m -Dfile.encoding=x-windows-949 -Duser.country=KR -Duser.language=ko -Duser.variant 
java_command: org.gradle.launcher.daemon.bootstrap.GradleDaemon 6.1.1
java_class_path (initial): C:\Users\USER\.gradle\wrapper\dists\gradle-6.1.1-all\cfmwm155h49vnt3hynmlrsdst\gradle-6.1.1\lib\gradle-launcher-6.1.1.jar
Launcher Type: SUN_STANDARD

[Global flags]
     intx CICompilerCount                          = 3                                         {product} {ergonomic}
     uint ConcGCThreads                            = 2                                         {product} {ergonomic}
     uint G1ConcRefinementThreads                  = 6                                         {product} {ergonomic}
   size_t G1HeapRegionSize                         = 1048576                                   {product} {ergonomic}
    uintx GCDrainStackTargetSize                   = 64                                        {product} {ergonomic}
   size_t InitialHeapSize                          = 268435456                                 {product} {ergonomic}
   size_t MarkStackSize                            = 4194304                                   {product} {ergonomic}
   size_t MaxHeapSize                              = 2147483648                                {product} {command line}
   size_t MaxNewSize                               = 1287651328                                {product} {ergonomic}
   size_t MinHeapDeltaBytes                        = 1048576                                   {product} {ergonomic}
    uintx NonNMethodCodeHeapSize                   = 5830732                                {pd product} {ergonomic}
    uintx NonProfiledCodeHeapSize                  = 122913754                              {pd product} {ergonomic}
    uintx ProfiledCodeHeapSize                     = 122913754                              {pd product} {ergonomic}
    uintx ReservedCodeCacheSize                    = 251658240                              {pd product} {ergonomic}
     bool SegmentedCodeCache                       = true                                      {product} {ergonomic}
     bool UseCompressedClassPointers               = true                                 {lp64_product} {ergonomic}
     bool UseCompressedOops                        = true                                 {lp64_product} {ergonomic}
     bool UseG1GC                                  = true                                      {product} {ergonomic}
     bool UseLargePagesIndividualAllocation        = false                                  {pd product} {ergonomic}

Logging:
Log output configuration:
 #0: stdout all=warning uptime,level,tags
 #1: stderr all=off uptime,level,tags

Environment Variables:
JAVA_HOME=C:\Program Files\Java\jdk1.8.0_241
PATH=C:\oraclexe\app\oracle\product\11.2.0\server\bin;C:\Program Files (x86)\Common Files\Oracle\Java\javapath;C:\Windows\system32;C:\Windows;C:\Windows\System32\Wbem;C:\Windows\System32\WindowsPowerShell\v1.0\;C:\Windows\System32\OpenSSH\;C:\Program Files\NVIDIA Corporation\NVIDIA NvDLISR;C:\Program Files (x86)\NVIDIA Corporation\PhysX\Common;C:\WINDOWS\system32;C:\WINDOWS;C:\WINDOWS\System32\Wbem;C:\WINDOWS\System32\WindowsPowerShell\v1.0\;C:\WINDOWS\System32\OpenSSH\;C:\Program Files (x86)\IVI Foundation\VISA\WinNT\Bin\;C:\Program Files\IVI Foundation\VISA\Win64\Bin\;C:\Program Files (x86)\IVI Foundation\VISA\WinNT\Bin;C:\Program Files\dotnet\;C:\Program Files\Microsoft SQL Server\130\Tools\Binn\;C:\Program Files\Microsoft SQL Server\Client SDK\ODBC\170\Tools\Binn\;C:\Program Files\Java\jdk1.8.0_241\bin;C:\Program Files\Git\cmd;C:\Program Files\MySQL\MySQL Shell 8.0\bin\;C:\it\Scripts\;C:\it\;C:\Users\USER\AppData\Local\Microsoft\WindowsApps;C:\Program Files\Bandizip\;C:\Program Files\Java\jdk1.8.0_241\bin;C:\Program Files\Java\jdk-14\bin;C:\Program Files\JetBrains\PyCharm Community Edition 2020.3.2\bin;C:\Users\USER\AppData\Local\GitHubDesktop\bin;C:\Users\USER\AppData\Local\atom\bin;C:\Users\USER\AppData\Local\afreeca
USERNAME=USER
OS=Windows_NT
PROCESSOR_IDENTIFIER=Intel64 Family 6 Model 158 Stepping 10, GenuineIntel



---------------  S Y S T E M  ---------------

OS: Windows 10 , 64 bit Build 19041 (10.0.19041.928)
OS uptime: 0 days 3:55 hours

CPU:total 6 (initial active 6) (6 cores per cpu, 1 threads per core) family 6 model 158 stepping 10, cmov, cx8, fxsr, mmx, sse, sse2, sse3, ssse3, sse4.1, sse4.2, popcnt, avx, avx2, aes, clmul, erms, 3dnowpref, lzcnt, tsc, tscinvbit, bmi1, bmi2, adx, fma

Memory: 4k page, system-wide physical 16318M (3672M free)
TotalPageFile size 16318M (AvailPageFile size 26M)
current process WorkingSet (physical memory assigned to process): 668M, peak: 672M
current process commit charge ("private bytes"): 711M, peak: 847M

vm_info: OpenJDK 64-Bit Server VM (11.0.8+10-b944.6842174) for windows-amd64 JRE (11.0.8+10-b944.6842174), built on Sep 19 2020 01:11:42 by "builder" with MS VC++ 14.0 (VS2015)

END.
